<?xml version="1.0" encoding="UTF-8"?>
<robot generator="Robot 7.4.1 (Python 3.13.2 on darwin)" generated="2026-02-28T21:53:16.100078" rpa="false" schemaversion="5">
<suite id="s1" name="ExtraLuggage" source="/Users/revv/Desktop/Painumnae2/4GumarnFullPowerPuff/ExtraLuggage.robot">
<test id="s1-t1" name="TC_P1 - Route Without Extra Luggage Must Hide Section" line="303">
<kw name="Login As Passenger">
<kw name="Open Browser" owner="SeleniumLibrary">
<arg>${BASE_URL}/login</arg>
<arg>${BROWSER}</arg>
<doc>Opens a new browser instance to the optional ``url``.</doc>
<status status="NOT RUN" start="2026-02-28T21:53:16.238489" elapsed="0.000173"/>
</kw>
<kw name="Maximize Browser Window" owner="SeleniumLibrary">
<doc>Maximizes current browser window.</doc>
<status status="NOT RUN" start="2026-02-28T21:53:16.238824" elapsed="0.000114"/>
</kw>
<kw name="Wait Until Element Is Visible" owner="SeleniumLibrary">
<arg>id=identifier</arg>
<arg>10s</arg>
<doc>Waits until the element ``locator`` is visible.</doc>
<status status="NOT RUN" start="2026-02-28T21:53:16.239066" elapsed="0.000239"/>
</kw>
<kw name="Input Text" owner="SeleniumLibrary">
<arg>id=identifier</arg>
<arg>${PASSENGER_EMAIL}</arg>
<doc>Types the given ``text`` into the text field identified by ``locator``.</doc>
<status status="NOT RUN" start="2026-02-28T21:53:16.239438" elapsed="0.000131"/>
</kw>
<kw name="Input Password" owner="SeleniumLibrary">
<arg>id=password</arg>
<arg>${PASSENGER_PASSWORD}</arg>
<doc>Types the given password into the text field identified by ``locator``.</doc>
<status status="NOT RUN" start="2026-02-28T21:53:16.239693" elapsed="0.000125"/>
</kw>
<kw name="Click Element" owner="SeleniumLibrary">
<arg>xpath=//button[@type='submit']</arg>
<doc>Click the element identified by ``locator``.</doc>
<status status="NOT RUN" start="2026-02-28T21:53:16.239942" elapsed="0.000131"/>
</kw>
<kw name="Wait Until Location Does Not Contain" owner="SeleniumLibrary">
<arg>/login</arg>
<arg>10s</arg>
<doc>Waits until the current URL does not contains ``location``.</doc>
<status status="NOT RUN" start="2026-02-28T21:53:16.240246" elapsed="0.000169"/>
</kw>
<status status="PASS" start="2026-02-28T21:53:16.237888" elapsed="0.002651"/>
</kw>
<kw name="Resolve Route Title Or Skip">
<if>
<branch type="IF" condition="'${configured_title}' != ''">
<return>
<value>${configured_title}</value>
<status status="PASS" start="2026-02-28T21:53:16.241121" elapsed="0.000102"/>
</return>
<status status="PASS" start="2026-02-28T21:53:16.241003" elapsed="0.000329"/>
</branch>
<status status="PASS" start="2026-02-28T21:53:16.240899" elapsed="0.000540"/>
</if>
<kw name="Run Keyword And Ignore Error" owner="BuiltIn">
<kw name="Discover Route Title By Policy">
<kw name="Go To" owner="SeleniumLibrary">
<arg>${BASE_URL}/findTrip</arg>
<doc>Navigates the current browser window to the provided ``url``.</doc>
<status status="NOT RUN" start="2026-02-28T21:53:16.242060" elapsed="0.000116"/>
</kw>
<kw name="Wait Until Element Is Visible" owner="SeleniumLibrary">
<arg>xpath=(//div[contains(@class,'route-card')])[1]</arg>
<arg>20s</arg>
<doc>Waits until the element ``locator`` is visible.</doc>
<status status="NOT RUN" start="2026-02-28T21:53:16.242306" elapsed="0.000152"/>
</kw>
<kw name="Get Element Count" owner="SeleniumLibrary">
<var>${count}</var>
<arg>xpath=//div[contains(@class,'route-card')]</arg>
<doc>Returns the number of elements matching ``locator``.</doc>
<status status="NOT RUN" start="2026-02-28T21:53:16.242585" elapsed="0.000121"/>
</kw>
<kw name="Evaluate" owner="BuiltIn">
<var>${end}</var>
<arg>${count} + 1</arg>
<doc>Evaluates the given expression in Python and returns the result.</doc>
<status status="NOT RUN" start="2026-02-28T21:53:16.242830" elapsed="0.000146"/>
</kw>
<for flavor="IN RANGE">
<iter>
<kw name="Go To" owner="SeleniumLibrary">
<arg>${BASE_URL}/findTrip</arg>
<doc>Navigates the current browser window to the provided ``url``.</doc>
<status status="NOT RUN" start="2026-02-28T21:53:16.243407" elapsed="0.000110"/>
</kw>
<kw name="Wait Until Element Is Visible" owner="SeleniumLibrary">
<arg>xpath=(//div[contains(@class,'route-card')])[1]</arg>
<arg>20s</arg>
<doc>Waits until the element ``locator`` is visible.</doc>
<status status="NOT RUN" start="2026-02-28T21:53:16.243644" elapsed="0.000142"/>
</kw>
<kw name="Set Variable" owner="BuiltIn">
<var>${card}</var>
<arg>xpath=(//div[contains(@class,'route-card')])[${i}]</arg>
<doc>Returns the given values which can then be assigned to a variables.</doc>
<status status="NOT RUN" start="2026-02-28T21:53:16.243909" elapsed="0.000155"/>
</kw>
<kw name="Scroll Element Into View" owner="SeleniumLibrary">
<arg>${card}</arg>
<doc>Scrolls the element identified by ``locator`` into view.</doc>
<status status="NOT RUN" start="2026-02-28T21:53:16.244192" elapsed="0.000109"/>
</kw>
<kw name="Get Text" owner="SeleniumLibrary">
<var>${title}</var>
<arg>${card}//h1[1]</arg>
<doc>Returns the text value of the element identified by ``locator``.</doc>
<status status="NOT RUN" start="2026-02-28T21:53:16.244436" elapsed="0.000115"/>
</kw>
<kw name="Click Element" owner="SeleniumLibrary">
<arg>${card}</arg>
<doc>Click the element identified by ``locator``.</doc>
<status status="NOT RUN" start="2026-02-28T21:53:16.244682" elapsed="0.000115"/>
</kw>
<kw name="Set Variable" owner="BuiltIn">
<var>${book_btn}</var>
<arg>${card}//button[contains(normalize-space(.),'จองที่นั่ง')]</arg>
<doc>Returns the given values which can then be assigned to a variables.</doc>
<status status="NOT RUN" start="2026-02-28T21:53:16.244921" elapsed="0.000147"/>
</kw>
<kw name="Run Keyword And Return Status" owner="BuiltIn">
<kw name="Wait Until Element Is Visible" owner="SeleniumLibrary">
<arg>${book_btn}</arg>
<arg>4s</arg>
<doc>Waits until the element ``locator`` is visible.</doc>
<status status="NOT RUN" start="2026-02-28T21:53:16.245394" elapsed="0.000134"/>
</kw>
<var>${expanded}</var>
<arg>Wait Until Element Is Visible</arg>
<arg>${book_btn}</arg>
<arg>4s</arg>
<doc>Runs the specified keyword and returns the status as a Boolean value.</doc>
<status status="PASS" start="2026-02-28T21:53:16.245203" elapsed="0.000433"/>
</kw>
<if>
<branch type="IF" condition="not ${expanded}">
<kw name="Click Element" owner="SeleniumLibrary">
<arg>${card}</arg>
<doc>Click the element identified by ``locator``.</doc>
<status status="NOT RUN" start="2026-02-28T21:53:16.246001" elapsed="0.000123"/>
</kw>
<kw name="Run Keyword And Return Status" owner="BuiltIn">
<kw name="Wait Until Element Is Visible" owner="SeleniumLibrary">
<arg>${book_btn}</arg>
<arg>3s</arg>
<doc>Waits until the element ``locator`` is visible.</doc>
<status status="NOT RUN" start="2026-02-28T21:53:16.246429" elapsed="0.000128"/>
</kw>
<var>${expanded}</var>
<arg>Wait Until Element Is Visible</arg>
<arg>${book_btn}</arg>
<arg>3s</arg>
<doc>Runs the specified keyword and returns the status as a Boolean value.</doc>
<status status="PASS" start="2026-02-28T21:53:16.246249" elapsed="0.000413"/>
</kw>
<status status="PASS" start="2026-02-28T21:53:16.245867" elapsed="0.000903"/>
</branch>
<status status="PASS" start="2026-02-28T21:53:16.245757" elapsed="0.001120"/>
</if>
<if>
<branch type="IF" condition="not ${expanded}">
<kw name="Continue For Loop" owner="BuiltIn">
<doc>Skips the current FOR loop iteration and continues from the next.</doc>
<status status="NOT RUN" start="2026-02-28T21:53:16.247219" elapsed="0.000143"/>
</kw>
<status status="PASS" start="2026-02-28T21:53:16.247083" elapsed="0.000388"/>
</branch>
<status status="PASS" start="2026-02-28T21:53:16.246983" elapsed="0.000596"/>
</if>
<kw name="Click Element" owner="SeleniumLibrary">
<arg>${book_btn}</arg>
<doc>Click the element identified by ``locator``.</doc>
<status status="NOT RUN" start="2026-02-28T21:53:16.247706" elapsed="0.000117"/>
</kw>
<kw name="Run Keyword And Return Status" owner="BuiltIn">
<kw name="Wait Until Element Is Visible" owner="SeleniumLibrary">
<arg>xpath=//div[contains(@class,'modal-content')]//h3[contains(normalize-space(.),'ยืนยันการจอง')]</arg>
<arg>8s</arg>
<doc>Waits until the element ``locator`` is visible.</doc>
<status status="NOT RUN" start="2026-02-28T21:53:16.248137" elapsed="0.000156"/>
</kw>
<var>${opened}</var>
<arg>Wait Until Element Is Visible</arg>
<arg>xpath=//div[contains(@class,'modal-content')]//h3[contains(normalize-space(.),'ยืนยันการจอง')]</arg>
<arg>8s</arg>
<doc>Runs the specified keyword and returns the status as a Boolean value.</doc>
<status status="PASS" start="2026-02-28T21:53:16.247955" elapsed="0.000494"/>
</kw>
<if>
<branch type="IF" condition="not ${opened}">
<kw name="Continue For Loop" owner="BuiltIn">
<doc>Skips the current FOR loop iteration and continues from the next.</doc>
<status status="NOT RUN" start="2026-02-28T21:53:16.248827" elapsed="0.000134"/>
</kw>
<status status="PASS" start="2026-02-28T21:53:16.248684" elapsed="0.000381"/>
</branch>
<status status="PASS" start="2026-02-28T21:53:16.248583" elapsed="0.000583"/>
</if>
<kw name="Route In Modal Matches Policy">
<kw name="Run Keyword And Return Status" owner="BuiltIn">
<kw name="Page Should Contain Element" owner="SeleniumLibrary">
<arg>xpath=//span[normalize-space()='มีสัมภาระเกินปกติ']/following::input[@type='checkbox'][1]</arg>
<doc>Verifies that element ``locator`` is found on the current page.</doc>
<status status="NOT RUN" start="2026-02-28T21:53:16.249711" elapsed="0.000143"/>
</kw>
<var>${has_toggle}</var>
<arg>Page Should Contain Element</arg>
<arg>xpath=//span[normalize-space()='มีสัมภาระเกินปกติ']/following::input[@type='checkbox'][1]</arg>
<doc>Runs the specified keyword and returns the status as a Boolean value.</doc>
<status status="PASS" start="2026-02-28T21:53:16.249531" elapsed="0.000428"/>
</kw>
<if>
<branch type="IF" condition="'${policy}' == 'NO_LUGGAGE'">
<kw name="Evaluate" owner="BuiltIn">
<var>${ok}</var>
<arg>not ${has_toggle}</arg>
<doc>Evaluates the given expression in Python and returns the result.</doc>
<status status="NOT RUN" start="2026-02-28T21:53:16.250288" elapsed="0.000142"/>
</kw>
<return>
<value>${ok}</value>
<status status="PASS" start="2026-02-28T21:53:16.250540" elapsed="0.000101"/>
</return>
<status status="PASS" start="2026-02-28T21:53:16.250165" elapsed="0.000583"/>
</branch>
<status status="PASS" start="2026-02-28T21:53:16.250072" elapsed="0.000778"/>
</if>
<if>
<branch type="IF" condition="not ${has_toggle}">
<return>
<value>${False}</value>
<status status="PASS" start="2026-02-28T21:53:16.251148" elapsed="0.000096"/>
</return>
<status status="PASS" start="2026-02-28T21:53:16.251046" elapsed="0.000298"/>
</branch>
<status status="PASS" start="2026-02-28T21:53:16.250954" elapsed="0.000488"/>
</if>
<kw name="Click Element" owner="SeleniumLibrary">
<arg>xpath=//span[normalize-space()='มีสัมภาระเกินปกติ']/following::input[@type='checkbox'][1]</arg>
<doc>Click the element identified by ``locator``.</doc>
<status status="NOT RUN" start="2026-02-28T21:53:16.251563" elapsed="0.000127"/>
</kw>
<kw name="Run Keyword And Return Status" owner="BuiltIn">
<kw name="Page Should Contain" owner="SeleniumLibrary">
<arg>ไม่เกิน 24 นิ้ว</arg>
<doc>Verifies that current page contains ``text``.</doc>
<status status="NOT RUN" start="2026-02-28T21:53:16.252003" elapsed="0.000110"/>
</kw>
<var>${has_medium}</var>
<arg>Page Should Contain</arg>
<arg>ไม่เกิน 24 นิ้ว</arg>
<doc>Runs the specified keyword and returns the status as a Boolean value.</doc>
<status status="PASS" start="2026-02-28T21:53:16.251824" elapsed="0.000393"/>
</kw>
<kw name="Run Keyword And Return Status" owner="BuiltIn">
<kw name="Page Should Contain" owner="SeleniumLibrary">
<arg>ไม่เกิน 28 นิ้ว</arg>
<doc>Verifies that current page contains ``text``.</doc>
<status status="NOT RUN" start="2026-02-28T21:53:16.252512" elapsed="0.000111"/>
</kw>
<var>${has_large}</var>
<arg>Page Should Contain</arg>
<arg>ไม่เกิน 28 นิ้ว</arg>
<doc>Runs the specified keyword and returns the status as a Boolean value.</doc>
<status status="PASS" start="2026-02-28T21:53:16.252342" elapsed="0.000384"/>
</kw>
<kw name="Run Keyword And Return Status" owner="BuiltIn">
<kw name="Page Should Contain" owner="SeleniumLibrary">
<arg>สัมภาระพิเศษ</arg>
<doc>Verifies that current page contains ``text``.</doc>
<status status="NOT RUN" start="2026-02-28T21:53:16.253019" elapsed="0.000110"/>
</kw>
<var>${has_extra}</var>
<arg>Page Should Contain</arg>
<arg>สัมภาระพิเศษ</arg>
<doc>Runs the specified keyword and returns the status as a Boolean value.</doc>
<status status="PASS" start="2026-02-28T21:53:16.252849" elapsed="0.000383"/>
</kw>
<if>
<branch type="IF" condition="'${policy}' == 'MEDIUM'">
<kw name="Evaluate" owner="BuiltIn">
<var>${ok}</var>
<arg>${has_medium} and (not ${has_large}) and (not ${has_extra})</arg>
<doc>Evaluates the given expression in Python and returns the result.</doc>
<status status="NOT RUN" start="2026-02-28T21:53:16.253558" elapsed="0.000144"/>
</kw>
<return>
<value>${ok}</value>
<status status="PASS" start="2026-02-28T21:53:16.253816" elapsed="0.000097"/>
</return>
<status status="PASS" start="2026-02-28T21:53:16.253438" elapsed="0.000576"/>
</branch>
<branch type="ELSE IF" condition="'${policy}' == 'LARGE'">
<kw name="Evaluate" owner="BuiltIn">
<var>${ok}</var>
<arg>${has_medium} and ${has_large} and (not ${has_extra})</arg>
<doc>Evaluates the given expression in Python and returns the result.</doc>
<status status="NOT RUN" start="2026-02-28T21:53:16.254238" elapsed="0.000140"/>
</kw>
<return>
<value>${ok}</value>
<status status="PASS" start="2026-02-28T21:53:16.254508" elapsed="0.000096"/>
</return>
<status status="PASS" start="2026-02-28T21:53:16.254116" elapsed="0.000589"/>
</branch>
<branch type="ELSE IF" condition="'${policy}' == 'EXTRA_LARGE'">
<kw name="Evaluate" owner="BuiltIn">
<var>${ok}</var>
<arg>${has_medium} and ${has_large} and ${has_extra}</arg>
<doc>Evaluates the given expression in Python and returns the result.</doc>
<status status="NOT RUN" start="2026-02-28T21:53:16.254924" elapsed="0.000140"/>
</kw>
<return>
<value>${ok}</value>
<status status="PASS" start="2026-02-28T21:53:16.255183" elapsed="0.000095"/>
</return>
<status status="PASS" start="2026-02-28T21:53:16.254804" elapsed="0.000574"/>
</branch>
<branch type="ELSE">
<kw name="Fail" owner="BuiltIn">
<arg>Unknown policy '${policy}'</arg>
<doc>Fails the test with the given message and optionally alters its tags.</doc>
<status status="NOT RUN" start="2026-02-28T21:53:16.255597" elapsed="0.000140"/>
</kw>
<status status="PASS" start="2026-02-28T21:53:16.255477" elapsed="0.000365"/>
</branch>
<status status="PASS" start="2026-02-28T21:53:16.253344" elapsed="0.002620"/>
</if>
<var>${match}</var>
<arg>${policy}</arg>
<status status="PASS" start="2026-02-28T21:53:16.249361" elapsed="0.006705"/>
</kw>
<if>
<branch type="IF" condition="${match}">
<kw name="Strip String" owner="String">
<var>${title}</var>
<arg>${title}</arg>
<doc>Remove leading and/or trailing whitespaces from the given string.</doc>
<status status="NOT RUN" start="2026-02-28T21:53:16.256389" elapsed="0.000110"/>
</kw>
<kw name="Log To Console" owner="BuiltIn">
<arg>FOUND ${policy}: ${title}</arg>
<doc>Logs the given message to the console.</doc>
<status status="NOT RUN" start="2026-02-28T21:53:16.256628" elapsed="0.000143"/>
</kw>
<return>
<value>${title}</value>
<status status="PASS" start="2026-02-28T21:53:16.256887" elapsed="0.000100"/>
</return>
<status status="PASS" start="2026-02-28T21:53:16.256270" elapsed="0.000845"/>
</branch>
<status status="PASS" start="2026-02-28T21:53:16.256177" elapsed="0.001056"/>
</if>
<var name="${i}"/>
<status status="PASS" start="2026-02-28T21:53:16.243279" elapsed="0.014056"/>
</iter>
<var>${i}</var>
<value>1</value>
<value>${end}</value>
<status status="PASS" start="2026-02-28T21:53:16.243091" elapsed="0.014358"/>
</for>
<kw name="Fail" owner="BuiltIn">
<arg>No route found for policy '${policy}' on /findTrip.</arg>
<doc>Fails the test with the given message and optionally alters its tags.</doc>
<status status="NOT RUN" start="2026-02-28T21:53:16.257603" elapsed="0.000160"/>
</kw>
<arg>${policy}</arg>
<status status="PASS" start="2026-02-28T21:53:16.241889" elapsed="0.016013"/>
</kw>
<var>${status}</var>
<var>${value}</var>
<arg>Discover Route Title By Policy</arg>
<arg>${policy}</arg>
<doc>Runs the given keyword with the given arguments and ignores possible error.</doc>
<status status="PASS" start="2026-02-28T21:53:16.241571" elapsed="0.016435"/>
</kw>
<if>
<branch type="IF" condition="'${status}' == 'PASS'">
<return>
<value>${value}</value>
<status status="PASS" start="2026-02-28T21:53:16.258323" elapsed="0.000096"/>
</return>
<status status="PASS" start="2026-02-28T21:53:16.258216" elapsed="0.000305"/>
</branch>
<status status="PASS" start="2026-02-28T21:53:16.258121" elapsed="0.000504"/>
</if>
<kw name="Skip" owner="BuiltIn">
<arg>No route found for policy '${policy}' on /findTrip. Set ROUTE_* env variable to exact route title.</arg>
<doc>Skips the rest of the current test.</doc>
<status status="NOT RUN" start="2026-02-28T21:53:16.258753" elapsed="0.000149"/>
</kw>
<var>${route_title}</var>
<arg>${ROUTE_NO_LUGGAGE}</arg>
<arg>NO_LUGGAGE</arg>
<status status="PASS" start="2026-02-28T21:53:16.240735" elapsed="0.018278"/>
</kw>
<kw name="Open Booking Modal By Route Title">
<kw name="Run Keyword If" owner="BuiltIn">
<kw name="Fail" owner="BuiltIn">
<arg>route_title is empty. Set ROUTE_* env variable or set value in ExtraLuggage.robot.</arg>
<doc>Fails the test with the given message and optionally alters its tags.</doc>
<status status="NOT RUN" start="2026-02-28T21:53:16.259543" elapsed="0.000152"/>
</kw>
<arg>'${route_title}' == ''</arg>
<arg>Fail</arg>
<arg>route_title is empty. Set ROUTE_* env variable or set value in ExtraLuggage.robot.</arg>
<doc>Runs the given keyword with the given arguments, if ``condition`` is true.</doc>
<status status="PASS" start="2026-02-28T21:53:16.259349" elapsed="0.000465"/>
</kw>
<kw name="Go To" owner="SeleniumLibrary">
<arg>${BASE_URL}/findTrip</arg>
<doc>Navigates the current browser window to the provided ``url``.</doc>
<status status="NOT RUN" start="2026-02-28T21:53:16.259935" elapsed="0.000111"/>
</kw>
<kw name="Wait Until Element Is Visible" owner="SeleniumLibrary">
<arg>xpath=(//div[contains(@class,'route-card')])[1]</arg>
<arg>20s</arg>
<doc>Waits until the element ``locator`` is visible.</doc>
<status status="NOT RUN" start="2026-02-28T21:53:16.260191" elapsed="0.000142"/>
</kw>
<kw name="Run Keyword And Return Status" owner="BuiltIn">
<kw name="Wait Until Page Contains" owner="SeleniumLibrary">
<arg>${route_title}</arg>
<arg>10s</arg>
<doc>Waits until ``text`` appears on the current page.</doc>
<status status="NOT RUN" start="2026-02-28T21:53:16.260633" elapsed="0.000127"/>
</kw>
<var>${has_route}</var>
<arg>Wait Until Page Contains</arg>
<arg>${route_title}</arg>
<arg>10s</arg>
<doc>Runs the specified keyword and returns the status as a Boolean value.</doc>
<status status="PASS" start="2026-02-28T21:53:16.260456" elapsed="0.000406"/>
</kw>
<kw name="Run Keyword If" owner="BuiltIn">
<kw name="Fail" owner="BuiltIn">
<arg>Route title '${route_title}' not found. Please set route variable to exact UI text.</arg>
<doc>Fails the test with the given message and optionally alters its tags.</doc>
<status status="NOT RUN" start="2026-02-28T21:53:16.261161" elapsed="0.000133"/>
</kw>
<arg>not ${has_route}</arg>
<arg>Fail</arg>
<arg>Route title '${route_title}' not found. Please set route variable to exact UI text.</arg>
<doc>Runs the given keyword with the given arguments, if ``condition`` is true.</doc>
<status status="PASS" start="2026-02-28T21:53:16.260991" elapsed="0.000404"/>
</kw>
<kw name="Set Variable" owner="BuiltIn">
<var>${card}</var>
<arg>xpath=//*[contains(normalize-space(.),"${route_title}")]/ancestor::div[contains(@class,'route-card')][1]</arg>
<doc>Returns the given values which can then be assigned to a variables.</doc>
<status status="NOT RUN" start="2026-02-28T21:53:16.261516" elapsed="0.000144"/>
</kw>
<kw name="Scroll Element Into View" owner="SeleniumLibrary">
<arg>${card}</arg>
<doc>Scrolls the element identified by ``locator`` into view.</doc>
<status status="NOT RUN" start="2026-02-28T21:53:16.261786" elapsed="0.000109"/>
</kw>
<kw name="Click Element" owner="SeleniumLibrary">
<arg>${card}</arg>
<doc>Click the element identified by ``locator``.</doc>
<status status="NOT RUN" start="2026-02-28T21:53:16.262017" elapsed="0.000108"/>
</kw>
<kw name="Wait Until Element Is Visible" owner="SeleniumLibrary">
<arg>${card}//button[contains(normalize-space(.),'จองที่นั่ง')]</arg>
<arg>10s</arg>
<doc>Waits until the element ``locator`` is visible.</doc>
<status status="NOT RUN" start="2026-02-28T21:53:16.262245" elapsed="0.000126"/>
</kw>
<kw name="Click Element" owner="SeleniumLibrary">
<arg>${card}//button[contains(normalize-space(.),'จองที่นั่ง')]</arg>
<doc>Click the element identified by ``locator``.</doc>
<status status="NOT RUN" start="2026-02-28T21:53:16.262494" elapsed="0.000116"/>
</kw>
<kw name="Wait Until Page Contains" owner="SeleniumLibrary">
<arg>ยืนยันการจอง</arg>
<arg>10s</arg>
<doc>Waits until ``text`` appears on the current page.</doc>
<status status="NOT RUN" start="2026-02-28T21:53:16.262729" elapsed="0.000122"/>
</kw>
<arg>${route_title}</arg>
<status status="PASS" start="2026-02-28T21:53:16.259176" elapsed="0.003781"/>
</kw>
<kw name="Page Should Not Contain" owner="SeleniumLibrary">
<arg>มีสัมภาระเกินปกติ</arg>
<doc>Verifies the current page does not contain ``text``.</doc>
<status status="NOT RUN" start="2026-02-28T21:53:16.263084" elapsed="0.000106"/>
</kw>
<kw name="Close Browser And Capture" type="TEARDOWN">
<kw name="Run Keyword And Ignore Error" owner="BuiltIn">
<kw name="Capture Page Screenshot" owner="SeleniumLibrary">
<doc>Takes a screenshot of the current page and embeds it into a log file.</doc>
<status status="NOT RUN" start="2026-02-28T21:53:16.263702" elapsed="0.000106"/>
</kw>
<arg>Capture Page Screenshot</arg>
<doc>Runs the given keyword with the given arguments and ignores possible error.</doc>
<status status="PASS" start="2026-02-28T21:53:16.263529" elapsed="0.000380"/>
</kw>
<kw name="Run Keyword And Ignore Error" owner="BuiltIn">
<kw name="Close Browser" owner="SeleniumLibrary">
<doc>Closes the current browser.</doc>
<status status="NOT RUN" start="2026-02-28T21:53:16.264201" elapsed="0.000131"/>
</kw>
<arg>Close Browser</arg>
<doc>Runs the given keyword with the given arguments and ignores possible error.</doc>
<status status="PASS" start="2026-02-28T21:53:16.264030" elapsed="0.000417"/>
</kw>
<status status="PASS" start="2026-02-28T21:53:16.263359" elapsed="0.001192"/>
</kw>
<status status="PASS" start="2026-02-28T21:53:16.237378" elapsed="0.027278"/>
</test>
<test id="s1-t2" name="TC_P2 - Route Max Medium Must Show Only Medium" line="309">
<kw name="Login As Passenger">
<kw name="Open Browser" owner="SeleniumLibrary">
<arg>${BASE_URL}/login</arg>
<arg>${BROWSER}</arg>
<doc>Opens a new browser instance to the optional ``url``.</doc>
<status status="NOT RUN" start="2026-02-28T21:53:16.265431" elapsed="0.000250"/>
</kw>
<kw name="Maximize Browser Window" owner="SeleniumLibrary">
<doc>Maximizes current browser window.</doc>
<status status="NOT RUN" start="2026-02-28T21:53:16.265828" elapsed="0.000109"/>
</kw>
<kw name="Wait Until Element Is Visible" owner="SeleniumLibrary">
<arg>id=identifier</arg>
<arg>10s</arg>
<doc>Waits until the element ``locator`` is visible.</doc>
<status status="NOT RUN" start="2026-02-28T21:53:16.266065" elapsed="0.000155"/>
</kw>
<kw name="Input Text" owner="SeleniumLibrary">
<arg>id=identifier</arg>
<arg>${PASSENGER_EMAIL}</arg>
<doc>Types the given ``text`` into the text field identified by ``locator``.</doc>
<status status="NOT RUN" start="2026-02-28T21:53:16.266351" elapsed="0.000132"/>
</kw>
<kw name="Input Password" owner="SeleniumLibrary">
<arg>id=password</arg>
<arg>${PASSENGER_PASSWORD}</arg>
<doc>Types the given password into the text field identified by ``locator``.</doc>
<status status="NOT RUN" start="2026-02-28T21:53:16.266622" elapsed="0.000128"/>
</kw>
<kw name="Click Element" owner="SeleniumLibrary">
<arg>xpath=//button[@type='submit']</arg>
<doc>Click the element identified by ``locator``.</doc>
<status status="NOT RUN" start="2026-02-28T21:53:16.266881" elapsed="0.000155"/>
</kw>
<kw name="Wait Until Location Does Not Contain" owner="SeleniumLibrary">
<arg>/login</arg>
<arg>10s</arg>
<doc>Waits until the current URL does not contains ``location``.</doc>
<status status="NOT RUN" start="2026-02-28T21:53:16.267164" elapsed="0.000131"/>
</kw>
<status status="PASS" start="2026-02-28T21:53:16.265118" elapsed="0.002289"/>
</kw>
<kw name="Resolve Route Title Or Skip">
<if>
<branch type="IF" condition="'${configured_title}' != ''">
<return>
<value>${configured_title}</value>
<status status="PASS" start="2026-02-28T21:53:16.267959" elapsed="0.000098"/>
</return>
<status status="PASS" start="2026-02-28T21:53:16.267850" elapsed="0.000319"/>
</branch>
<status status="PASS" start="2026-02-28T21:53:16.267753" elapsed="0.000519"/>
</if>
<kw name="Run Keyword And Ignore Error" owner="BuiltIn">
<kw name="Discover Route Title By Policy">
<kw name="Go To" owner="SeleniumLibrary">
<arg>${BASE_URL}/findTrip</arg>
<doc>Navigates the current browser window to the provided ``url``.</doc>
<status status="NOT RUN" start="2026-02-28T21:53:16.268845" elapsed="0.000109"/>
</kw>
<kw name="Wait Until Element Is Visible" owner="SeleniumLibrary">
<arg>xpath=(//div[contains(@class,'route-card')])[1]</arg>
<arg>20s</arg>
<doc>Waits until the element ``locator`` is visible.</doc>
<status status="NOT RUN" start="2026-02-28T21:53:16.269078" elapsed="0.001594"/>
</kw>
<kw name="Get Element Count" owner="SeleniumLibrary">
<var>${count}</var>
<arg>xpath=//div[contains(@class,'route-card')]</arg>
<doc>Returns the number of elements matching ``locator``.</doc>
<status status="NOT RUN" start="2026-02-28T21:53:16.270839" elapsed="0.000135"/>
</kw>
<kw name="Evaluate" owner="BuiltIn">
<var>${end}</var>
<arg>${count} + 1</arg>
<doc>Evaluates the given expression in Python and returns the result.</doc>
<status status="NOT RUN" start="2026-02-28T21:53:16.271114" elapsed="0.000161"/>
</kw>
<for flavor="IN RANGE">
<iter>
<kw name="Go To" owner="SeleniumLibrary">
<arg>${BASE_URL}/findTrip</arg>
<doc>Navigates the current browser window to the provided ``url``.</doc>
<status status="NOT RUN" start="2026-02-28T21:53:16.271721" elapsed="0.000115"/>
</kw>
<kw name="Wait Until Element Is Visible" owner="SeleniumLibrary">
<arg>xpath=(//div[contains(@class,'route-card')])[1]</arg>
<arg>20s</arg>
<doc>Waits until the element ``locator`` is visible.</doc>
<status status="NOT RUN" start="2026-02-28T21:53:16.271974" elapsed="0.000150"/>
</kw>
<kw name="Set Variable" owner="BuiltIn">
<var>${card}</var>
<arg>xpath=(//div[contains(@class,'route-card')])[${i}]</arg>
<doc>Returns the given values which can then be assigned to a variables.</doc>
<status status="NOT RUN" start="2026-02-28T21:53:16.272258" elapsed="0.000162"/>
</kw>
<kw name="Scroll Element Into View" owner="SeleniumLibrary">
<arg>${card}</arg>
<doc>Scrolls the element identified by ``locator`` into view.</doc>
<status status="NOT RUN" start="2026-02-28T21:53:16.272550" elapsed="0.000143"/>
</kw>
<kw name="Get Text" owner="SeleniumLibrary">
<var>${title}</var>
<arg>${card}//h1[1]</arg>
<doc>Returns the text value of the element identified by ``locator``.</doc>
<status status="NOT RUN" start="2026-02-28T21:53:16.272818" elapsed="0.000110"/>
</kw>
<kw name="Click Element" owner="SeleniumLibrary">
<arg>${card}</arg>
<doc>Click the element identified by ``locator``.</doc>
<status status="NOT RUN" start="2026-02-28T21:53:16.273094" elapsed="0.000126"/>
</kw>
<kw name="Set Variable" owner="BuiltIn">
<var>${book_btn}</var>
<arg>${card}//button[contains(normalize-space(.),'จองที่นั่ง')]</arg>
<doc>Returns the given values which can then be assigned to a variables.</doc>
<status status="NOT RUN" start="2026-02-28T21:53:16.273388" elapsed="0.000241"/>
</kw>
<kw name="Run Keyword And Return Status" owner="BuiltIn">
<kw name="Wait Until Element Is Visible" owner="SeleniumLibrary">
<arg>${book_btn}</arg>
<arg>4s</arg>
<doc>Waits until the element ``locator`` is visible.</doc>
<status status="NOT RUN" start="2026-02-28T21:53:16.273992" elapsed="0.000157"/>
</kw>
<var>${expanded}</var>
<arg>Wait Until Element Is Visible</arg>
<arg>${book_btn}</arg>
<arg>4s</arg>
<doc>Runs the specified keyword and returns the status as a Boolean value.</doc>
<status status="PASS" start="2026-02-28T21:53:16.273795" elapsed="0.000459"/>
</kw>
<if>
<branch type="IF" condition="not ${expanded}">
<kw name="Click Element" owner="SeleniumLibrary">
<arg>${card}</arg>
<doc>Click the element identified by ``locator``.</doc>
<status status="NOT RUN" start="2026-02-28T21:53:16.274595" elapsed="0.000109"/>
</kw>
<kw name="Run Keyword And Return Status" owner="BuiltIn">
<kw name="Wait Until Element Is Visible" owner="SeleniumLibrary">
<arg>${book_btn}</arg>
<arg>3s</arg>
<doc>Waits until the element ``locator`` is visible.</doc>
<status status="NOT RUN" start="2026-02-28T21:53:16.274998" elapsed="0.000125"/>
</kw>
<var>${expanded}</var>
<arg>Wait Until Element Is Visible</arg>
<arg>${book_btn}</arg>
<arg>3s</arg>
<doc>Runs the specified keyword and returns the status as a Boolean value.</doc>
<status status="PASS" start="2026-02-28T21:53:16.274824" elapsed="0.000401"/>
</kw>
<status status="PASS" start="2026-02-28T21:53:16.274470" elapsed="0.000857"/>
</branch>
<status status="PASS" start="2026-02-28T21:53:16.274371" elapsed="0.001056"/>
</if>
<if>
<branch type="IF" condition="not ${expanded}">
<kw name="Continue For Loop" owner="BuiltIn">
<doc>Skips the current FOR loop iteration and continues from the next.</doc>
<status status="NOT RUN" start="2026-02-28T21:53:16.275739" elapsed="0.000130"/>
</kw>
<status status="PASS" start="2026-02-28T21:53:16.275621" elapsed="0.000348"/>
</branch>
<status status="PASS" start="2026-02-28T21:53:16.275530" elapsed="0.000543"/>
</if>
<kw name="Click Element" owner="SeleniumLibrary">
<arg>${book_btn}</arg>
<doc>Click the element identified by ``locator``.</doc>
<status status="NOT RUN" start="2026-02-28T21:53:16.276203" elapsed="0.000109"/>
</kw>
<kw name="Run Keyword And Return Status" owner="BuiltIn">
<kw name="Wait Until Element Is Visible" owner="SeleniumLibrary">
<arg>xpath=//div[contains(@class,'modal-content')]//h3[contains(normalize-space(.),'ยืนยันการจอง')]</arg>
<arg>8s</arg>
<doc>Waits until the element ``locator`` is visible.</doc>
<status status="NOT RUN" start="2026-02-28T21:53:16.276603" elapsed="0.000147"/>
</kw>
<var>${opened}</var>
<arg>Wait Until Element Is Visible</arg>
<arg>xpath=//div[contains(@class,'modal-content')]//h3[contains(normalize-space(.),'ยืนยันการจอง')]</arg>
<arg>8s</arg>
<doc>Runs the specified keyword and returns the status as a Boolean value.</doc>
<status status="PASS" start="2026-02-28T21:53:16.276434" elapsed="0.000419"/>
</kw>
<if>
<branch type="IF" condition="not ${opened}">
<kw name="Continue For Loop" owner="BuiltIn">
<doc>Skips the current FOR loop iteration and continues from the next.</doc>
<status status="NOT RUN" start="2026-02-28T21:53:16.277172" elapsed="0.000140"/>
</kw>
<status status="PASS" start="2026-02-28T21:53:16.277055" elapsed="0.000358"/>
</branch>
<status status="PASS" start="2026-02-28T21:53:16.276963" elapsed="0.000549"/>
</if>
<kw name="Route In Modal Matches Policy">
<kw name="Run Keyword And Return Status" owner="BuiltIn">
<kw name="Page Should Contain Element" owner="SeleniumLibrary">
<arg>xpath=//span[normalize-space()='มีสัมภาระเกินปกติ']/following::input[@type='checkbox'][1]</arg>
<doc>Verifies that element ``locator`` is found on the current page.</doc>
<status status="NOT RUN" start="2026-02-28T21:53:16.278042" elapsed="0.000137"/>
</kw>
<var>${has_toggle}</var>
<arg>Page Should Contain Element</arg>
<arg>xpath=//span[normalize-space()='มีสัมภาระเกินปกติ']/following::input[@type='checkbox'][1]</arg>
<doc>Runs the specified keyword and returns the status as a Boolean value.</doc>
<status status="PASS" start="2026-02-28T21:53:16.277867" elapsed="0.000418"/>
</kw>
<if>
<branch type="IF" condition="'${policy}' == 'NO_LUGGAGE'">
<kw name="Evaluate" owner="BuiltIn">
<var>${ok}</var>
<arg>not ${has_toggle}</arg>
<doc>Evaluates the given expression in Python and returns the result.</doc>
<status status="NOT RUN" start="2026-02-28T21:53:16.278650" elapsed="0.000147"/>
</kw>
<return>
<value>${ok}</value>
<status status="PASS" start="2026-02-28T21:53:16.278909" elapsed="0.000098"/>
</return>
<status status="PASS" start="2026-02-28T21:53:16.278524" elapsed="0.000586"/>
</branch>
<status status="PASS" start="2026-02-28T21:53:16.278430" elapsed="0.000799"/>
</if>
<if>
<branch type="IF" condition="not ${has_toggle}">
<return>
<value>${False}</value>
<status status="PASS" start="2026-02-28T21:53:16.279527" elapsed="0.000094"/>
</return>
<status status="PASS" start="2026-02-28T21:53:16.279425" elapsed="0.000296"/>
</branch>
<status status="PASS" start="2026-02-28T21:53:16.279332" elapsed="0.000488"/>
</if>
<kw name="Click Element" owner="SeleniumLibrary">
<arg>xpath=//span[normalize-space()='มีสัมภาระเกินปกติ']/following::input[@type='checkbox'][1]</arg>
<doc>Click the element identified by ``locator``.</doc>
<status status="NOT RUN" start="2026-02-28T21:53:16.279937" elapsed="0.000124"/>
</kw>
<kw name="Run Keyword And Return Status" owner="BuiltIn">
<kw name="Page Should Contain" owner="SeleniumLibrary">
<arg>ไม่เกิน 24 นิ้ว</arg>
<doc>Verifies that current page contains ``text``.</doc>
<status status="NOT RUN" start="2026-02-28T21:53:16.280367" elapsed="0.000113"/>
</kw>
<var>${has_medium}</var>
<arg>Page Should Contain</arg>
<arg>ไม่เกิน 24 นิ้ว</arg>
<doc>Runs the specified keyword and returns the status as a Boolean value.</doc>
<status status="PASS" start="2026-02-28T21:53:16.280187" elapsed="0.000400"/>
</kw>
<kw name="Run Keyword And Return Status" owner="BuiltIn">
<kw name="Page Should Contain" owner="SeleniumLibrary">
<arg>ไม่เกิน 28 นิ้ว</arg>
<doc>Verifies that current page contains ``text``.</doc>
<status status="NOT RUN" start="2026-02-28T21:53:16.280891" elapsed="0.000113"/>
</kw>
<var>${has_large}</var>
<arg>Page Should Contain</arg>
<arg>ไม่เกิน 28 นิ้ว</arg>
<doc>Runs the specified keyword and returns the status as a Boolean value.</doc>
<status status="PASS" start="2026-02-28T21:53:16.280716" elapsed="0.000394"/>
</kw>
<kw name="Run Keyword And Return Status" owner="BuiltIn">
<kw name="Page Should Contain" owner="SeleniumLibrary">
<arg>สัมภาระพิเศษ</arg>
<doc>Verifies that current page contains ``text``.</doc>
<status status="NOT RUN" start="2026-02-28T21:53:16.281422" elapsed="0.000110"/>
</kw>
<var>${has_extra}</var>
<arg>Page Should Contain</arg>
<arg>สัมภาระพิเศษ</arg>
<doc>Runs the specified keyword and returns the status as a Boolean value.</doc>
<status status="PASS" start="2026-02-28T21:53:16.281252" elapsed="0.000382"/>
</kw>
<if>
<branch type="IF" condition="'${policy}' == 'MEDIUM'">
<kw name="Evaluate" owner="BuiltIn">
<var>${ok}</var>
<arg>${has_medium} and (not ${has_large}) and (not ${has_extra})</arg>
<doc>Evaluates the given expression in Python and returns the result.</doc>
<status status="NOT RUN" start="2026-02-28T21:53:16.281991" elapsed="0.000150"/>
</kw>
<return>
<value>${ok}</value>
<status status="PASS" start="2026-02-28T21:53:16.282254" elapsed="0.000099"/>
</return>
<status status="PASS" start="2026-02-28T21:53:16.281862" elapsed="0.000595"/>
</branch>
<branch type="ELSE IF" condition="'${policy}' == 'LARGE'">
<kw name="Evaluate" owner="BuiltIn">
<var>${ok}</var>
<arg>${has_medium} and ${has_large} and (not ${has_extra})</arg>
<doc>Evaluates the given expression in Python and returns the result.</doc>
<status status="NOT RUN" start="2026-02-28T21:53:16.282683" elapsed="0.000144"/>
</kw>
<return>
<value>${ok}</value>
<status status="PASS" start="2026-02-28T21:53:16.282943" elapsed="0.000104"/>
</return>
<status status="PASS" start="2026-02-28T21:53:16.282559" elapsed="0.000588"/>
</branch>
<branch type="ELSE IF" condition="'${policy}' == 'EXTRA_LARGE'">
<kw name="Evaluate" owner="BuiltIn">
<var>${ok}</var>
<arg>${has_medium} and ${has_large} and ${has_extra}</arg>
<doc>Evaluates the given expression in Python and returns the result.</doc>
<status status="NOT RUN" start="2026-02-28T21:53:16.283366" elapsed="0.000157"/>
</kw>
<return>
<value>${ok}</value>
<status status="PASS" start="2026-02-28T21:53:16.283651" elapsed="0.000095"/>
</return>
<status status="PASS" start="2026-02-28T21:53:16.283247" elapsed="0.000599"/>
</branch>
<branch type="ELSE">
<kw name="Fail" owner="BuiltIn">
<arg>Unknown policy '${policy}'</arg>
<doc>Fails the test with the given message and optionally alters its tags.</doc>
<status status="NOT RUN" start="2026-02-28T21:53:16.284065" elapsed="0.000141"/>
</kw>
<status status="PASS" start="2026-02-28T21:53:16.283946" elapsed="0.000368"/>
</branch>
<status status="PASS" start="2026-02-28T21:53:16.281754" elapsed="0.002660"/>
</if>
<var>${match}</var>
<arg>${policy}</arg>
<status status="PASS" start="2026-02-28T21:53:16.277703" elapsed="0.006817"/>
</kw>
<if>
<branch type="IF" condition="${match}">
<kw name="Strip String" owner="String">
<var>${title}</var>
<arg>${title}</arg>
<doc>Remove leading and/or trailing whitespaces from the given string.</doc>
<status status="NOT RUN" start="2026-02-28T21:53:16.284848" elapsed="0.000110"/>
</kw>
<kw name="Log To Console" owner="BuiltIn">
<arg>FOUND ${policy}: ${title}</arg>
<doc>Logs the given message to the console.</doc>
<status status="NOT RUN" start="2026-02-28T21:53:16.285089" elapsed="0.000143"/>
</kw>
<return>
<value>${title}</value>
<status status="PASS" start="2026-02-28T21:53:16.285367" elapsed="0.000096"/>
</return>
<status status="PASS" start="2026-02-28T21:53:16.284728" elapsed="0.000839"/>
</branch>
<status status="PASS" start="2026-02-28T21:53:16.284635" elapsed="0.001032"/>
</if>
<var name="${i}"/>
<status status="PASS" start="2026-02-28T21:53:16.271592" elapsed="0.014171"/>
</iter>
<var>${i}</var>
<value>1</value>
<value>${end}</value>
<status status="PASS" start="2026-02-28T21:53:16.271396" elapsed="0.014474"/>
</for>
<kw name="Fail" owner="BuiltIn">
<arg>No route found for policy '${policy}' on /findTrip.</arg>
<doc>Fails the test with the given message and optionally alters its tags.</doc>
<status status="NOT RUN" start="2026-02-28T21:53:16.286002" elapsed="0.000142"/>
</kw>
<arg>${policy}</arg>
<status status="PASS" start="2026-02-28T21:53:16.268680" elapsed="0.017571"/>
</kw>
<var>${status}</var>
<var>${value}</var>
<arg>Discover Route Title By Policy</arg>
<arg>${policy}</arg>
<doc>Runs the given keyword with the given arguments and ignores possible error.</doc>
<status status="PASS" start="2026-02-28T21:53:16.268399" elapsed="0.017956"/>
</kw>
<if>
<branch type="IF" condition="'${status}' == 'PASS'">
<return>
<value>${value}</value>
<status status="PASS" start="2026-02-28T21:53:16.286663" elapsed="0.000097"/>
</return>
<status status="PASS" start="2026-02-28T21:53:16.286560" elapsed="0.000300"/>
</branch>
<status status="PASS" start="2026-02-28T21:53:16.286467" elapsed="0.000492"/>
</if>
<kw name="Skip" owner="BuiltIn">
<arg>No route found for policy '${policy}' on /findTrip. Set ROUTE_* env variable to exact route title.</arg>
<doc>Skips the rest of the current test.</doc>
<status status="NOT RUN" start="2026-02-28T21:53:16.287080" elapsed="0.000153"/>
</kw>
<var>${route_title}</var>
<arg>${ROUTE_MAX_MEDIUM}</arg>
<arg>MEDIUM</arg>
<status status="PASS" start="2026-02-28T21:53:16.267600" elapsed="0.019741"/>
</kw>
<kw name="Open Booking Modal By Route Title">
<kw name="Run Keyword If" owner="BuiltIn">
<kw name="Fail" owner="BuiltIn">
<arg>route_title is empty. Set ROUTE_* env variable or set value in ExtraLuggage.robot.</arg>
<doc>Fails the test with the given message and optionally alters its tags.</doc>
<status status="NOT RUN" start="2026-02-28T21:53:16.287845" elapsed="0.000146"/>
</kw>
<arg>'${route_title}' == ''</arg>
<arg>Fail</arg>
<arg>route_title is empty. Set ROUTE_* env variable or set value in ExtraLuggage.robot.</arg>
<doc>Runs the given keyword with the given arguments, if ``condition`` is true.</doc>
<status status="PASS" start="2026-02-28T21:53:16.287666" elapsed="0.000430"/>
</kw>
<kw name="Go To" owner="SeleniumLibrary">
<arg>${BASE_URL}/findTrip</arg>
<doc>Navigates the current browser window to the provided ``url``.</doc>
<status status="NOT RUN" start="2026-02-28T21:53:16.288249" elapsed="0.000108"/>
</kw>
<kw name="Wait Until Element Is Visible" owner="SeleniumLibrary">
<arg>xpath=(//div[contains(@class,'route-card')])[1]</arg>
<arg>20s</arg>
<doc>Waits until the element ``locator`` is visible.</doc>
<status status="NOT RUN" start="2026-02-28T21:53:16.288477" elapsed="0.000149"/>
</kw>
<kw name="Run Keyword And Return Status" owner="BuiltIn">
<kw name="Wait Until Page Contains" owner="SeleniumLibrary">
<arg>${route_title}</arg>
<arg>10s</arg>
<doc>Waits until ``text`` appears on the current page.</doc>
<status status="NOT RUN" start="2026-02-28T21:53:16.288955" elapsed="0.000132"/>
</kw>
<var>${has_route}</var>
<arg>Wait Until Page Contains</arg>
<arg>${route_title}</arg>
<arg>10s</arg>
<doc>Runs the specified keyword and returns the status as a Boolean value.</doc>
<status status="PASS" start="2026-02-28T21:53:16.288773" elapsed="0.000428"/>
</kw>
<kw name="Run Keyword If" owner="BuiltIn">
<kw name="Fail" owner="BuiltIn">
<arg>Route title '${route_title}' not found. Please set route variable to exact UI text.</arg>
<doc>Fails the test with the given message and optionally alters its tags.</doc>
<status status="NOT RUN" start="2026-02-28T21:53:16.289512" elapsed="0.000140"/>
</kw>
<arg>not ${has_route}</arg>
<arg>Fail</arg>
<arg>Route title '${route_title}' not found. Please set route variable to exact UI text.</arg>
<doc>Runs the given keyword with the given arguments, if ``condition`` is true.</doc>
<status status="PASS" start="2026-02-28T21:53:16.289334" elapsed="0.000432"/>
</kw>
<kw name="Set Variable" owner="BuiltIn">
<var>${card}</var>
<arg>xpath=//*[contains(normalize-space(.),"${route_title}")]/ancestor::div[contains(@class,'route-card')][1]</arg>
<doc>Returns the given values which can then be assigned to a variables.</doc>
<status status="NOT RUN" start="2026-02-28T21:53:16.290324" elapsed="0.000745"/>
</kw>
<kw name="Scroll Element Into View" owner="SeleniumLibrary">
<arg>${card}</arg>
<doc>Scrolls the element identified by ``locator`` into view.</doc>
<status status="NOT RUN" start="2026-02-28T21:53:16.291527" elapsed="0.000303"/>
</kw>
<kw name="Click Element" owner="SeleniumLibrary">
<arg>${card}</arg>
<doc>Click the element identified by ``locator``.</doc>
<status status="NOT RUN" start="2026-02-28T21:53:16.292158" elapsed="0.000441"/>
</kw>
<kw name="Wait Until Element Is Visible" owner="SeleniumLibrary">
<arg>${card}//button[contains(normalize-space(.),'จองที่นั่ง')]</arg>
<arg>10s</arg>
<doc>Waits until the element ``locator`` is visible.</doc>
<status status="NOT RUN" start="2026-02-28T21:53:16.292981" elapsed="0.000358"/>
</kw>
<kw name="Click Element" owner="SeleniumLibrary">
<arg>${card}//button[contains(normalize-space(.),'จองที่นั่ง')]</arg>
<doc>Click the element identified by ``locator``.</doc>
<status status="NOT RUN" start="2026-02-28T21:53:16.293760" elapsed="0.000286"/>
</kw>
<kw name="Wait Until Page Contains" owner="SeleniumLibrary">
<arg>ยืนยันการจอง</arg>
<arg>10s</arg>
<doc>Waits until ``text`` appears on the current page.</doc>
<status status="NOT RUN" start="2026-02-28T21:53:16.294402" elapsed="0.000331"/>
</kw>
<arg>${route_title}</arg>
<status status="PASS" start="2026-02-28T21:53:16.287505" elapsed="0.007503"/>
</kw>
<kw name="Enable Extra Luggage">
<kw name="Dismiss Booking Suggestions">
<kw name="Execute Javascript" owner="SeleniumLibrary">
<arg>if(document.activeElement){document.activeElement.blur();}</arg>
<doc>Executes the given JavaScript code with possible arguments.</doc>
<status status="NOT RUN" start="2026-02-28T21:53:16.297094" elapsed="0.000190"/>
</kw>
<kw name="Press Keys" owner="SeleniumLibrary">
<arg>None</arg>
<arg>ESC</arg>
<doc>Simulates the user pressing key(s) to an element or on the active browser.</doc>
<status status="NOT RUN" start="2026-02-28T21:53:16.297438" elapsed="0.000154"/>
</kw>
<kw name="Sleep" owner="BuiltIn">
<arg>300ms</arg>
<doc>Pauses the test executed for the given time.</doc>
<status status="NOT RUN" start="2026-02-28T21:53:16.297724" elapsed="0.000198"/>
</kw>
<kw name="Wait Until Keyword Succeeds" owner="BuiltIn">
<kw name="Page Should Not Contain Element" owner="SeleniumLibrary">
<arg>xpath=//ul[contains(@class,'suggest-list')]//li</arg>
<doc>Verifies that element ``locator`` is not found on the current page.</doc>
<status status="NOT RUN" start="2026-02-28T21:53:16.298321" elapsed="0.000183"/>
</kw>
<arg>10x</arg>
<arg>300ms</arg>
<arg>Page Should Not Contain Element</arg>
<arg>xpath=//ul[contains(@class,'suggest-list')]//li</arg>
<doc>Runs the specified keyword and retries if it fails.</doc>
<status status="PASS" start="2026-02-28T21:53:16.298062" elapsed="0.000567"/>
</kw>
<status status="PASS" start="2026-02-28T21:53:16.296492" elapsed="0.002262"/>
</kw>
<kw name="Click Element Safe">
<kw name="Wait Until Element Is Visible" owner="SeleniumLibrary">
<arg>${locator}</arg>
<arg>10s</arg>
<doc>Waits until the element ``locator`` is visible.</doc>
<status status="NOT RUN" start="2026-02-28T21:53:16.299160" elapsed="0.000314"/>
</kw>
<kw name="Scroll Element Into View" owner="SeleniumLibrary">
<arg>${locator}</arg>
<doc>Scrolls the element identified by ``locator`` into view.</doc>
<status status="NOT RUN" start="2026-02-28T21:53:16.299722" elapsed="0.000171"/>
</kw>
<kw name="Run Keyword And Return Status" owner="BuiltIn">
<kw name="Click Element" owner="SeleniumLibrary">
<arg>${locator}</arg>
<doc>Click the element identified by ``locator``.</doc>
<status status="NOT RUN" start="2026-02-28T21:53:16.300278" elapsed="0.000130"/>
</kw>
<var>${ok}</var>
<arg>Click Element</arg>
<arg>${locator}</arg>
<doc>Runs the specified keyword and returns the status as a Boolean value.</doc>
<status status="PASS" start="2026-02-28T21:53:16.300051" elapsed="0.000471"/>
</kw>
<if>
<branch type="IF" condition="not ${ok}">
<kw name="Run Keyword And Return Status" owner="BuiltIn">
<kw name="Should Start With" owner="BuiltIn">
<arg>${locator}</arg>
<arg>xpath=</arg>
<doc>Fails if the string ``str1`` does not start with the string ``str2``.</doc>
<status status="NOT RUN" start="2026-02-28T21:53:16.301098" elapsed="0.000168"/>
</kw>
<var>${is_xpath}</var>
<arg>Should Start With</arg>
<arg>${locator}</arg>
<arg>xpath=</arg>
<doc>Runs the specified keyword and returns the status as a Boolean value.</doc>
<status status="PASS" start="2026-02-28T21:53:16.300903" elapsed="0.000477"/>
</kw>
<if>
<branch type="IF" condition="${is_xpath}">
<kw name="Replace String" owner="String">
<var>${xp}</var>
<arg>${locator}</arg>
<arg>xpath=</arg>
<arg>${EMPTY}</arg>
<doc>Replaces ``search_for`` in the given ``string`` with ``replace_with``.</doc>
<status status="NOT RUN" start="2026-02-28T21:53:16.301741" elapsed="0.000137"/>
</kw>
<kw name="Run Keyword And Return Status" owner="BuiltIn">
<kw name="Execute Javascript" owner="SeleniumLibrary">
<arg>document.evaluate(arguments[0],document,null,9,null).singleNodeValue.click()</arg>
<arg>${xp}</arg>
<doc>Executes the given JavaScript code with possible arguments.</doc>
<status status="NOT RUN" start="2026-02-28T21:53:16.302206" elapsed="0.000181"/>
</kw>
<var>${js_ok}</var>
<arg>Execute JavaScript</arg>
<arg>document.evaluate(arguments[0],document,null,9,null).singleNodeValue.click()</arg>
<arg>${xp}</arg>
<doc>Runs the specified keyword and returns the status as a Boolean value.</doc>
<status status="PASS" start="2026-02-28T21:53:16.302015" elapsed="0.000488"/>
</kw>
<kw name="Run Keyword If" owner="BuiltIn">
<kw name="Click Element" owner="SeleniumLibrary">
<arg>${locator}</arg>
<doc>Click the element identified by ``locator``.</doc>
<status status="NOT RUN" start="2026-02-28T21:53:16.302839" elapsed="0.000117"/>
</kw>
<arg>not ${js_ok}</arg>
<arg>Click Element</arg>
<arg>${locator}</arg>
<doc>Runs the given keyword with the given arguments, if ``condition`` is true.</doc>
<status status="PASS" start="2026-02-28T21:53:16.302645" elapsed="0.000418"/>
</kw>
<status status="PASS" start="2026-02-28T21:53:16.301606" elapsed="0.001645"/>
</branch>
<branch type="ELSE">
<kw name="Click Element" owner="SeleniumLibrary">
<arg>${locator}</arg>
<doc>Click the element identified by ``locator``.</doc>
<status status="NOT RUN" start="2026-02-28T21:53:16.303672" elapsed="0.000250"/>
</kw>
<status status="PASS" start="2026-02-28T21:53:16.303523" elapsed="0.000547"/>
</branch>
<status status="PASS" start="2026-02-28T21:53:16.301498" elapsed="0.002686"/>
</if>
<status status="PASS" start="2026-02-28T21:53:16.300761" elapsed="0.003536"/>
</branch>
<status status="PASS" start="2026-02-28T21:53:16.300655" elapsed="0.003752"/>
</if>
<arg>xpath=//label[.//span[normalize-space()='มีสัมภาระเกินปกติ']]</arg>
<status status="PASS" start="2026-02-28T21:53:16.298963" elapsed="0.005555"/>
</kw>
<kw name="Wait Until Page Contains" owner="SeleniumLibrary">
<arg>ไม่เกิน 24 นิ้ว</arg>
<arg>10s</arg>
<doc>Waits until ``text`` appears on the current page.</doc>
<status status="NOT RUN" start="2026-02-28T21:53:16.304664" elapsed="0.000152"/>
</kw>
<status status="PASS" start="2026-02-28T21:53:16.295637" elapsed="0.009300"/>
</kw>
<kw name="Page Should Contain" owner="SeleniumLibrary">
<arg>ไม่เกิน 24 นิ้ว</arg>
<doc>Verifies that current page contains ``text``.</doc>
<status status="NOT RUN" start="2026-02-28T21:53:16.305072" elapsed="0.000120"/>
</kw>
<kw name="Page Should Not Contain" owner="SeleniumLibrary">
<arg>ไม่เกิน 28 นิ้ว</arg>
<doc>Verifies the current page does not contain ``text``.</doc>
<status status="NOT RUN" start="2026-02-28T21:53:16.305324" elapsed="0.000116"/>
</kw>
<kw name="Page Should Not Contain" owner="SeleniumLibrary">
<arg>สัมภาระพิเศษ</arg>
<doc>Verifies the current page does not contain ``text``.</doc>
<status status="NOT RUN" start="2026-02-28T21:53:16.305569" elapsed="0.000118"/>
</kw>
<kw name="Close Browser And Capture" type="TEARDOWN">
<kw name="Run Keyword And Ignore Error" owner="BuiltIn">
<kw name="Capture Page Screenshot" owner="SeleniumLibrary">
<doc>Takes a screenshot of the current page and embeds it into a log file.</doc>
<status status="NOT RUN" start="2026-02-28T21:53:16.306975" elapsed="0.000177"/>
</kw>
<arg>Capture Page Screenshot</arg>
<doc>Runs the given keyword with the given arguments and ignores possible error.</doc>
<status status="PASS" start="2026-02-28T21:53:16.306401" elapsed="0.000876"/>
</kw>
<kw name="Run Keyword And Ignore Error" owner="BuiltIn">
<kw name="Close Browser" owner="SeleniumLibrary">
<doc>Closes the current browser.</doc>
<status status="NOT RUN" start="2026-02-28T21:53:16.307668" elapsed="0.000115"/>
</kw>
<arg>Close Browser</arg>
<doc>Runs the given keyword with the given arguments and ignores possible error.</doc>
<status status="PASS" start="2026-02-28T21:53:16.307435" elapsed="0.000531"/>
</kw>
<status status="PASS" start="2026-02-28T21:53:16.305909" elapsed="0.002177"/>
</kw>
<status status="PASS" start="2026-02-28T21:53:16.264860" elapsed="0.043345"/>
</test>
<test id="s1-t3" name="TC_P3 - Route Max Large Must Show Medium And Large" line="318">
<kw name="Login As Passenger">
<kw name="Open Browser" owner="SeleniumLibrary">
<arg>${BASE_URL}/login</arg>
<arg>${BROWSER}</arg>
<doc>Opens a new browser instance to the optional ``url``.</doc>
<status status="NOT RUN" start="2026-02-28T21:53:16.309213" elapsed="0.000154"/>
</kw>
<kw name="Maximize Browser Window" owner="SeleniumLibrary">
<doc>Maximizes current browser window.</doc>
<status status="NOT RUN" start="2026-02-28T21:53:16.309510" elapsed="0.000110"/>
</kw>
<kw name="Wait Until Element Is Visible" owner="SeleniumLibrary">
<arg>id=identifier</arg>
<arg>10s</arg>
<doc>Waits until the element ``locator`` is visible.</doc>
<status status="NOT RUN" start="2026-02-28T21:53:16.309747" elapsed="0.000166"/>
</kw>
<kw name="Input Text" owner="SeleniumLibrary">
<arg>id=identifier</arg>
<arg>${PASSENGER_EMAIL}</arg>
<doc>Types the given ``text`` into the text field identified by ``locator``.</doc>
<status status="NOT RUN" start="2026-02-28T21:53:16.310051" elapsed="0.000136"/>
</kw>
<kw name="Input Password" owner="SeleniumLibrary">
<arg>id=password</arg>
<arg>${PASSENGER_PASSWORD}</arg>
<doc>Types the given password into the text field identified by ``locator``.</doc>
<status status="NOT RUN" start="2026-02-28T21:53:16.310328" elapsed="0.000133"/>
</kw>
<kw name="Click Element" owner="SeleniumLibrary">
<arg>xpath=//button[@type='submit']</arg>
<doc>Click the element identified by ``locator``.</doc>
<status status="NOT RUN" start="2026-02-28T21:53:16.310595" elapsed="0.000123"/>
</kw>
<kw name="Wait Until Location Does Not Contain" owner="SeleniumLibrary">
<arg>/login</arg>
<arg>10s</arg>
<doc>Waits until the current URL does not contains ``location``.</doc>
<status status="NOT RUN" start="2026-02-28T21:53:16.310843" elapsed="0.000129"/>
</kw>
<status status="PASS" start="2026-02-28T21:53:16.308802" elapsed="0.002443"/>
</kw>
<kw name="Resolve Route Title Or Skip">
<if>
<branch type="IF" condition="'${configured_title}' != ''">
<return>
<value>${configured_title}</value>
<status status="PASS" start="2026-02-28T21:53:16.311927" elapsed="0.000105"/>
</return>
<status status="PASS" start="2026-02-28T21:53:16.311806" elapsed="0.000341"/>
</branch>
<status status="PASS" start="2026-02-28T21:53:16.311692" elapsed="0.000564"/>
</if>
<kw name="Run Keyword And Ignore Error" owner="BuiltIn">
<kw name="Discover Route Title By Policy">
<kw name="Go To" owner="SeleniumLibrary">
<arg>${BASE_URL}/findTrip</arg>
<doc>Navigates the current browser window to the provided ``url``.</doc>
<status status="NOT RUN" start="2026-02-28T21:53:16.313974" elapsed="0.000136"/>
</kw>
<kw name="Wait Until Element Is Visible" owner="SeleniumLibrary">
<arg>xpath=(//div[contains(@class,'route-card')])[1]</arg>
<arg>20s</arg>
<doc>Waits until the element ``locator`` is visible.</doc>
<status status="NOT RUN" start="2026-02-28T21:53:16.314269" elapsed="0.000202"/>
</kw>
<kw name="Get Element Count" owner="SeleniumLibrary">
<var>${count}</var>
<arg>xpath=//div[contains(@class,'route-card')]</arg>
<doc>Returns the number of elements matching ``locator``.</doc>
<status status="NOT RUN" start="2026-02-28T21:53:16.314620" elapsed="0.000142"/>
</kw>
<kw name="Evaluate" owner="BuiltIn">
<var>${end}</var>
<arg>${count} + 1</arg>
<doc>Evaluates the given expression in Python and returns the result.</doc>
<status status="NOT RUN" start="2026-02-28T21:53:16.314903" elapsed="0.000179"/>
</kw>
<for flavor="IN RANGE">
<iter>
<kw name="Go To" owner="SeleniumLibrary">
<arg>${BASE_URL}/findTrip</arg>
<doc>Navigates the current browser window to the provided ``url``.</doc>
<status status="NOT RUN" start="2026-02-28T21:53:16.315547" elapsed="0.000112"/>
</kw>
<kw name="Wait Until Element Is Visible" owner="SeleniumLibrary">
<arg>xpath=(//div[contains(@class,'route-card')])[1]</arg>
<arg>20s</arg>
<doc>Waits until the element ``locator`` is visible.</doc>
<status status="NOT RUN" start="2026-02-28T21:53:16.315800" elapsed="0.000153"/>
</kw>
<kw name="Set Variable" owner="BuiltIn">
<var>${card}</var>
<arg>xpath=(//div[contains(@class,'route-card')])[${i}]</arg>
<doc>Returns the given values which can then be assigned to a variables.</doc>
<status status="NOT RUN" start="2026-02-28T21:53:16.316093" elapsed="0.000171"/>
</kw>
<kw name="Scroll Element Into View" owner="SeleniumLibrary">
<arg>${card}</arg>
<doc>Scrolls the element identified by ``locator`` into view.</doc>
<status status="NOT RUN" start="2026-02-28T21:53:16.316399" elapsed="0.000117"/>
</kw>
<kw name="Get Text" owner="SeleniumLibrary">
<var>${title}</var>
<arg>${card}//h1[1]</arg>
<doc>Returns the text value of the element identified by ``locator``.</doc>
<status status="NOT RUN" start="2026-02-28T21:53:16.316650" elapsed="0.000114"/>
</kw>
<kw name="Click Element" owner="SeleniumLibrary">
<arg>${card}</arg>
<doc>Click the element identified by ``locator``.</doc>
<status status="NOT RUN" start="2026-02-28T21:53:16.316893" elapsed="0.000116"/>
</kw>
<kw name="Set Variable" owner="BuiltIn">
<var>${book_btn}</var>
<arg>${card}//button[contains(normalize-space(.),'จองที่นั่ง')]</arg>
<doc>Returns the given values which can then be assigned to a variables.</doc>
<status status="NOT RUN" start="2026-02-28T21:53:16.317189" elapsed="0.000307"/>
</kw>
<kw name="Run Keyword And Return Status" owner="BuiltIn">
<kw name="Wait Until Element Is Visible" owner="SeleniumLibrary">
<arg>${book_btn}</arg>
<arg>4s</arg>
<doc>Waits until the element ``locator`` is visible.</doc>
<status status="NOT RUN" start="2026-02-28T21:53:16.317887" elapsed="0.000272"/>
</kw>
<var>${expanded}</var>
<arg>Wait Until Element Is Visible</arg>
<arg>${book_btn}</arg>
<arg>4s</arg>
<doc>Runs the specified keyword and returns the status as a Boolean value.</doc>
<status status="PASS" start="2026-02-28T21:53:16.317667" elapsed="0.000786"/>
</kw>
<if>
<branch type="IF" condition="not ${expanded}">
<kw name="Click Element" owner="SeleniumLibrary">
<arg>${card}</arg>
<doc>Click the element identified by ``locator``.</doc>
<status status="NOT RUN" start="2026-02-28T21:53:16.319134" elapsed="0.000137"/>
</kw>
<kw name="Run Keyword And Return Status" owner="BuiltIn">
<kw name="Wait Until Element Is Visible" owner="SeleniumLibrary">
<arg>${book_btn}</arg>
<arg>3s</arg>
<doc>Waits until the element ``locator`` is visible.</doc>
<status status="NOT RUN" start="2026-02-28T21:53:16.319675" elapsed="0.000362"/>
</kw>
<var>${expanded}</var>
<arg>Wait Until Element Is Visible</arg>
<arg>${book_btn}</arg>
<arg>3s</arg>
<doc>Runs the specified keyword and returns the status as a Boolean value.</doc>
<status status="PASS" start="2026-02-28T21:53:16.319421" elapsed="0.000900"/>
</kw>
<status status="PASS" start="2026-02-28T21:53:16.318961" elapsed="0.001624"/>
</branch>
<status status="PASS" start="2026-02-28T21:53:16.318748" elapsed="0.002094"/>
</if>
<if>
<branch type="IF" condition="not ${expanded}">
<kw name="Continue For Loop" owner="BuiltIn">
<doc>Skips the current FOR loop iteration and continues from the next.</doc>
<status status="NOT RUN" start="2026-02-28T21:53:16.321444" elapsed="0.000174"/>
</kw>
<status status="PASS" start="2026-02-28T21:53:16.321282" elapsed="0.000462"/>
</branch>
<status status="PASS" start="2026-02-28T21:53:16.321110" elapsed="0.000748"/>
</if>
<kw name="Click Element" owner="SeleniumLibrary">
<arg>${book_btn}</arg>
<doc>Click the element identified by ``locator``.</doc>
<status status="NOT RUN" start="2026-02-28T21:53:16.322000" elapsed="0.000322"/>
</kw>
<kw name="Run Keyword And Return Status" owner="BuiltIn">
<kw name="Wait Until Element Is Visible" owner="SeleniumLibrary">
<arg>xpath=//div[contains(@class,'modal-content')]//h3[contains(normalize-space(.),'ยืนยันการจอง')]</arg>
<arg>8s</arg>
<doc>Waits until the element ``locator`` is visible.</doc>
<status status="NOT RUN" start="2026-02-28T21:53:16.323191" elapsed="0.000438"/>
</kw>
<var>${opened}</var>
<arg>Wait Until Element Is Visible</arg>
<arg>xpath=//div[contains(@class,'modal-content')]//h3[contains(normalize-space(.),'ยืนยันการจอง')]</arg>
<arg>8s</arg>
<doc>Runs the specified keyword and returns the status as a Boolean value.</doc>
<status status="PASS" start="2026-02-28T21:53:16.322683" elapsed="0.001281"/>
</kw>
<if>
<branch type="IF" condition="not ${opened}">
<kw name="Continue For Loop" owner="BuiltIn">
<doc>Skips the current FOR loop iteration and continues from the next.</doc>
<status status="NOT RUN" start="2026-02-28T21:53:16.325278" elapsed="0.000293"/>
</kw>
<status status="PASS" start="2026-02-28T21:53:16.324580" elapsed="0.001402"/>
</branch>
<status status="PASS" start="2026-02-28T21:53:16.324343" elapsed="0.001940"/>
</if>
<kw name="Route In Modal Matches Policy">
<kw name="Run Keyword And Return Status" owner="BuiltIn">
<kw name="Page Should Contain Element" owner="SeleniumLibrary">
<arg>xpath=//span[normalize-space()='มีสัมภาระเกินปกติ']/following::input[@type='checkbox'][1]</arg>
<doc>Verifies that element ``locator`` is found on the current page.</doc>
<status status="NOT RUN" start="2026-02-28T21:53:16.327662" elapsed="0.000207"/>
</kw>
<var>${has_toggle}</var>
<arg>Page Should Contain Element</arg>
<arg>xpath=//span[normalize-space()='มีสัมภาระเกินปกติ']/following::input[@type='checkbox'][1]</arg>
<doc>Runs the specified keyword and returns the status as a Boolean value.</doc>
<status status="PASS" start="2026-02-28T21:53:16.327160" elapsed="0.000861"/>
</kw>
<if>
<branch type="IF" condition="'${policy}' == 'NO_LUGGAGE'">
<kw name="Evaluate" owner="BuiltIn">
<var>${ok}</var>
<arg>not ${has_toggle}</arg>
<doc>Evaluates the given expression in Python and returns the result.</doc>
<status status="NOT RUN" start="2026-02-28T21:53:16.329024" elapsed="0.000400"/>
</kw>
<return>
<value>${ok}</value>
<status status="PASS" start="2026-02-28T21:53:16.329713" elapsed="0.000236"/>
</return>
<status status="PASS" start="2026-02-28T21:53:16.328673" elapsed="0.001412"/>
</branch>
<status status="PASS" start="2026-02-28T21:53:16.328370" elapsed="0.001830"/>
</if>
<if>
<branch type="IF" condition="not ${has_toggle}">
<return>
<value>${False}</value>
<status status="PASS" start="2026-02-28T21:53:16.330553" elapsed="0.000235"/>
</return>
<status status="PASS" start="2026-02-28T21:53:16.330429" elapsed="0.000491"/>
</branch>
<status status="PASS" start="2026-02-28T21:53:16.330327" elapsed="0.000707"/>
</if>
<kw name="Click Element" owner="SeleniumLibrary">
<arg>xpath=//span[normalize-space()='มีสัมภาระเกินปกติ']/following::input[@type='checkbox'][1]</arg>
<doc>Click the element identified by ``locator``.</doc>
<status status="NOT RUN" start="2026-02-28T21:53:16.331185" elapsed="0.000160"/>
</kw>
<kw name="Run Keyword And Return Status" owner="BuiltIn">
<kw name="Page Should Contain" owner="SeleniumLibrary">
<arg>ไม่เกิน 24 นิ้ว</arg>
<doc>Verifies that current page contains ``text``.</doc>
<status status="NOT RUN" start="2026-02-28T21:53:16.331731" elapsed="0.000196"/>
</kw>
<var>${has_medium}</var>
<arg>Page Should Contain</arg>
<arg>ไม่เกิน 24 นิ้ว</arg>
<doc>Runs the specified keyword and returns the status as a Boolean value.</doc>
<status status="PASS" start="2026-02-28T21:53:16.331502" elapsed="0.000624"/>
</kw>
<kw name="Run Keyword And Return Status" owner="BuiltIn">
<kw name="Page Should Contain" owner="SeleniumLibrary">
<arg>ไม่เกิน 28 นิ้ว</arg>
<doc>Verifies that current page contains ``text``.</doc>
<status status="NOT RUN" start="2026-02-28T21:53:16.332501" elapsed="0.000121"/>
</kw>
<var>${has_large}</var>
<arg>Page Should Contain</arg>
<arg>ไม่เกิน 28 นิ้ว</arg>
<doc>Runs the specified keyword and returns the status as a Boolean value.</doc>
<status status="PASS" start="2026-02-28T21:53:16.332283" elapsed="0.000456"/>
</kw>
<kw name="Run Keyword And Return Status" owner="BuiltIn">
<kw name="Page Should Contain" owner="SeleniumLibrary">
<arg>สัมภาระพิเศษ</arg>
<doc>Verifies that current page contains ``text``.</doc>
<status status="NOT RUN" start="2026-02-28T21:53:16.333056" elapsed="0.000118"/>
</kw>
<var>${has_extra}</var>
<arg>Page Should Contain</arg>
<arg>สัมภาระพิเศษ</arg>
<doc>Runs the specified keyword and returns the status as a Boolean value.</doc>
<status status="PASS" start="2026-02-28T21:53:16.332871" elapsed="0.000411"/>
</kw>
<if>
<branch type="IF" condition="'${policy}' == 'MEDIUM'">
<kw name="Evaluate" owner="BuiltIn">
<var>${ok}</var>
<arg>${has_medium} and (not ${has_large}) and (not ${has_extra})</arg>
<doc>Evaluates the given expression in Python and returns the result.</doc>
<status status="NOT RUN" start="2026-02-28T21:53:16.333643" elapsed="0.000152"/>
</kw>
<return>
<value>${ok}</value>
<status status="PASS" start="2026-02-28T21:53:16.333909" elapsed="0.000101"/>
</return>
<status status="PASS" start="2026-02-28T21:53:16.333512" elapsed="0.000650"/>
</branch>
<branch type="ELSE IF" condition="'${policy}' == 'LARGE'">
<kw name="Evaluate" owner="BuiltIn">
<var>${ok}</var>
<arg>${has_medium} and ${has_large} and (not ${has_extra})</arg>
<doc>Evaluates the given expression in Python and returns the result.</doc>
<status status="NOT RUN" start="2026-02-28T21:53:16.334404" elapsed="0.000145"/>
</kw>
<return>
<value>${ok}</value>
<status status="PASS" start="2026-02-28T21:53:16.334662" elapsed="0.000100"/>
</return>
<status status="PASS" start="2026-02-28T21:53:16.334272" elapsed="0.000595"/>
</branch>
<branch type="ELSE IF" condition="'${policy}' == 'EXTRA_LARGE'">
<kw name="Evaluate" owner="BuiltIn">
<var>${ok}</var>
<arg>${has_medium} and ${has_large} and ${has_extra}</arg>
<doc>Evaluates the given expression in Python and returns the result.</doc>
<status status="NOT RUN" start="2026-02-28T21:53:16.335097" elapsed="0.000145"/>
</kw>
<return>
<value>${ok}</value>
<status status="PASS" start="2026-02-28T21:53:16.335372" elapsed="0.000102"/>
</return>
<status status="PASS" start="2026-02-28T21:53:16.334971" elapsed="0.000627"/>
</branch>
<branch type="ELSE">
<kw name="Fail" owner="BuiltIn">
<arg>Unknown policy '${policy}'</arg>
<doc>Fails the test with the given message and optionally alters its tags.</doc>
<status status="NOT RUN" start="2026-02-28T21:53:16.336445" elapsed="0.000208"/>
</kw>
<status status="PASS" start="2026-02-28T21:53:16.336244" elapsed="0.000540"/>
</branch>
<status status="PASS" start="2026-02-28T21:53:16.333410" elapsed="0.003497"/>
</if>
<var>${match}</var>
<arg>${policy}</arg>
<status status="PASS" start="2026-02-28T21:53:16.326818" elapsed="0.010209"/>
</kw>
<if>
<branch type="IF" condition="${match}">
<kw name="Strip String" owner="String">
<var>${title}</var>
<arg>${title}</arg>
<doc>Remove leading and/or trailing whitespaces from the given string.</doc>
<status status="NOT RUN" start="2026-02-28T21:53:16.337372" elapsed="0.000117"/>
</kw>
<kw name="Log To Console" owner="BuiltIn">
<arg>FOUND ${policy}: ${title}</arg>
<doc>Logs the given message to the console.</doc>
<status status="NOT RUN" start="2026-02-28T21:53:16.337622" elapsed="0.000154"/>
</kw>
<return>
<value>${title}</value>
<status status="PASS" start="2026-02-28T21:53:16.337889" elapsed="0.000103"/>
</return>
<status status="PASS" start="2026-02-28T21:53:16.337241" elapsed="0.000857"/>
</branch>
<status status="PASS" start="2026-02-28T21:53:16.337146" elapsed="0.001056"/>
</if>
<var name="${i}"/>
<status status="PASS" start="2026-02-28T21:53:16.315413" elapsed="0.022891"/>
</iter>
<var>${i}</var>
<value>1</value>
<value>${end}</value>
<status status="PASS" start="2026-02-28T21:53:16.315205" elapsed="0.023210"/>
</for>
<kw name="Fail" owner="BuiltIn">
<arg>No route found for policy '${policy}' on /findTrip.</arg>
<doc>Fails the test with the given message and optionally alters its tags.</doc>
<status status="NOT RUN" start="2026-02-28T21:53:16.338556" elapsed="0.000151"/>
</kw>
<arg>${policy}</arg>
<status status="PASS" start="2026-02-28T21:53:16.313463" elapsed="0.025370"/>
</kw>
<var>${status}</var>
<var>${value}</var>
<arg>Discover Route Title By Policy</arg>
<arg>${policy}</arg>
<doc>Runs the given keyword with the given arguments and ignores possible error.</doc>
<status status="PASS" start="2026-02-28T21:53:16.312594" elapsed="0.026341"/>
</kw>
<if>
<branch type="IF" condition="'${status}' == 'PASS'">
<return>
<value>${value}</value>
<status status="PASS" start="2026-02-28T21:53:16.339248" elapsed="0.000095"/>
</return>
<status status="PASS" start="2026-02-28T21:53:16.339142" elapsed="0.000303"/>
</branch>
<status status="PASS" start="2026-02-28T21:53:16.339048" elapsed="0.000497"/>
</if>
<kw name="Skip" owner="BuiltIn">
<arg>No route found for policy '${policy}' on /findTrip. Set ROUTE_* env variable to exact route title.</arg>
<doc>Skips the rest of the current test.</doc>
<status status="NOT RUN" start="2026-02-28T21:53:16.339661" elapsed="0.000146"/>
</kw>
<var>${route_title}</var>
<arg>${ROUTE_MAX_LARGE}</arg>
<arg>LARGE</arg>
<status status="PASS" start="2026-02-28T21:53:16.311501" elapsed="0.028421"/>
</kw>
<kw name="Open Booking Modal By Route Title">
<kw name="Run Keyword If" owner="BuiltIn">
<kw name="Fail" owner="BuiltIn">
<arg>route_title is empty. Set ROUTE_* env variable or set value in ExtraLuggage.robot.</arg>
<doc>Fails the test with the given message and optionally alters its tags.</doc>
<status status="NOT RUN" start="2026-02-28T21:53:16.340566" elapsed="0.000161"/>
</kw>
<arg>'${route_title}' == ''</arg>
<arg>Fail</arg>
<arg>route_title is empty. Set ROUTE_* env variable or set value in ExtraLuggage.robot.</arg>
<doc>Runs the given keyword with the given arguments, if ``condition`` is true.</doc>
<status status="PASS" start="2026-02-28T21:53:16.340351" elapsed="0.000487"/>
</kw>
<kw name="Go To" owner="SeleniumLibrary">
<arg>${BASE_URL}/findTrip</arg>
<doc>Navigates the current browser window to the provided ``url``.</doc>
<status status="NOT RUN" start="2026-02-28T21:53:16.340971" elapsed="0.000110"/>
</kw>
<kw name="Wait Until Element Is Visible" owner="SeleniumLibrary">
<arg>xpath=(//div[contains(@class,'route-card')])[1]</arg>
<arg>20s</arg>
<doc>Waits until the element ``locator`` is visible.</doc>
<status status="NOT RUN" start="2026-02-28T21:53:16.341223" elapsed="0.000162"/>
</kw>
<kw name="Run Keyword And Return Status" owner="BuiltIn">
<kw name="Wait Until Page Contains" owner="SeleniumLibrary">
<arg>${route_title}</arg>
<arg>10s</arg>
<doc>Waits until ``text`` appears on the current page.</doc>
<status status="NOT RUN" start="2026-02-28T21:53:16.341724" elapsed="0.000132"/>
</kw>
<var>${has_route}</var>
<arg>Wait Until Page Contains</arg>
<arg>${route_title}</arg>
<arg>10s</arg>
<doc>Runs the specified keyword and returns the status as a Boolean value.</doc>
<status status="PASS" start="2026-02-28T21:53:16.341519" elapsed="0.000442"/>
</kw>
<kw name="Run Keyword If" owner="BuiltIn">
<kw name="Fail" owner="BuiltIn">
<arg>Route title '${route_title}' not found. Please set route variable to exact UI text.</arg>
<doc>Fails the test with the given message and optionally alters its tags.</doc>
<status status="NOT RUN" start="2026-02-28T21:53:16.342267" elapsed="0.000355"/>
</kw>
<arg>not ${has_route}</arg>
<arg>Fail</arg>
<arg>Route title '${route_title}' not found. Please set route variable to exact UI text.</arg>
<doc>Runs the given keyword with the given arguments, if ``condition`` is true.</doc>
<status status="PASS" start="2026-02-28T21:53:16.342089" elapsed="0.000640"/>
</kw>
<kw name="Set Variable" owner="BuiltIn">
<var>${card}</var>
<arg>xpath=//*[contains(normalize-space(.),"${route_title}")]/ancestor::div[contains(@class,'route-card')][1]</arg>
<doc>Returns the given values which can then be assigned to a variables.</doc>
<status status="NOT RUN" start="2026-02-28T21:53:16.342854" elapsed="0.000149"/>
</kw>
<kw name="Scroll Element Into View" owner="SeleniumLibrary">
<arg>${card}</arg>
<doc>Scrolls the element identified by ``locator`` into view.</doc>
<status status="NOT RUN" start="2026-02-28T21:53:16.343128" elapsed="0.000110"/>
</kw>
<kw name="Click Element" owner="SeleniumLibrary">
<arg>${card}</arg>
<doc>Click the element identified by ``locator``.</doc>
<status status="NOT RUN" start="2026-02-28T21:53:16.343360" elapsed="0.000111"/>
</kw>
<kw name="Wait Until Element Is Visible" owner="SeleniumLibrary">
<arg>${card}//button[contains(normalize-space(.),'จองที่นั่ง')]</arg>
<arg>10s</arg>
<doc>Waits until the element ``locator`` is visible.</doc>
<status status="NOT RUN" start="2026-02-28T21:53:16.343591" elapsed="0.000126"/>
</kw>
<kw name="Click Element" owner="SeleniumLibrary">
<arg>${card}//button[contains(normalize-space(.),'จองที่นั่ง')]</arg>
<doc>Click the element identified by ``locator``.</doc>
<status status="NOT RUN" start="2026-02-28T21:53:16.343839" elapsed="0.000114"/>
</kw>
<kw name="Wait Until Page Contains" owner="SeleniumLibrary">
<arg>ยืนยันการจอง</arg>
<arg>10s</arg>
<doc>Waits until ``text`` appears on the current page.</doc>
<status status="NOT RUN" start="2026-02-28T21:53:16.344073" elapsed="0.000123"/>
</kw>
<arg>${route_title}</arg>
<status status="PASS" start="2026-02-28T21:53:16.340119" elapsed="0.004216"/>
</kw>
<kw name="Enable Extra Luggage">
<kw name="Dismiss Booking Suggestions">
<kw name="Execute Javascript" owner="SeleniumLibrary">
<arg>if(document.activeElement){document.activeElement.blur();}</arg>
<doc>Executes the given JavaScript code with possible arguments.</doc>
<status status="NOT RUN" start="2026-02-28T21:53:16.344796" elapsed="0.000114"/>
</kw>
<kw name="Press Keys" owner="SeleniumLibrary">
<arg>None</arg>
<arg>ESC</arg>
<doc>Simulates the user pressing key(s) to an element or on the active browser.</doc>
<status status="NOT RUN" start="2026-02-28T21:53:16.345035" elapsed="0.000126"/>
</kw>
<kw name="Sleep" owner="BuiltIn">
<arg>300ms</arg>
<doc>Pauses the test executed for the given time.</doc>
<status status="NOT RUN" start="2026-02-28T21:53:16.345285" elapsed="0.000155"/>
</kw>
<kw name="Wait Until Keyword Succeeds" owner="BuiltIn">
<kw name="Page Should Not Contain Element" owner="SeleniumLibrary">
<arg>xpath=//ul[contains(@class,'suggest-list')]//li</arg>
<doc>Verifies that element ``locator`` is not found on the current page.</doc>
<status status="NOT RUN" start="2026-02-28T21:53:16.345753" elapsed="0.000125"/>
</kw>
<arg>10x</arg>
<arg>300ms</arg>
<arg>Page Should Not Contain Element</arg>
<arg>xpath=//ul[contains(@class,'suggest-list')]//li</arg>
<doc>Runs the specified keyword and retries if it fails.</doc>
<status status="PASS" start="2026-02-28T21:53:16.345566" elapsed="0.000428"/>
</kw>
<status status="PASS" start="2026-02-28T21:53:16.344648" elapsed="0.001457"/>
</kw>
<kw name="Click Element Safe">
<kw name="Wait Until Element Is Visible" owner="SeleniumLibrary">
<arg>${locator}</arg>
<arg>10s</arg>
<doc>Waits until the element ``locator`` is visible.</doc>
<status status="NOT RUN" start="2026-02-28T21:53:16.346444" elapsed="0.000132"/>
</kw>
<kw name="Scroll Element Into View" owner="SeleniumLibrary">
<arg>${locator}</arg>
<doc>Scrolls the element identified by ``locator`` into view.</doc>
<status status="NOT RUN" start="2026-02-28T21:53:16.346700" elapsed="0.000109"/>
</kw>
<kw name="Run Keyword And Return Status" owner="BuiltIn">
<kw name="Click Element" owner="SeleniumLibrary">
<arg>${locator}</arg>
<doc>Click the element identified by ``locator``.</doc>
<status status="NOT RUN" start="2026-02-28T21:53:16.347104" elapsed="0.000116"/>
</kw>
<var>${ok}</var>
<arg>Click Element</arg>
<arg>${locator}</arg>
<doc>Runs the specified keyword and returns the status as a Boolean value.</doc>
<status status="PASS" start="2026-02-28T21:53:16.346933" elapsed="0.000390"/>
</kw>
<if>
<branch type="IF" condition="not ${ok}">
<kw name="Run Keyword And Return Status" owner="BuiltIn">
<kw name="Should Start With" owner="BuiltIn">
<arg>${locator}</arg>
<arg>xpath=</arg>
<doc>Fails if the string ``str1`` does not start with the string ``str2``.</doc>
<status status="NOT RUN" start="2026-02-28T21:53:16.347838" elapsed="0.000152"/>
</kw>
<var>${is_xpath}</var>
<arg>Should Start With</arg>
<arg>${locator}</arg>
<arg>xpath=</arg>
<doc>Runs the specified keyword and returns the status as a Boolean value.</doc>
<status status="PASS" start="2026-02-28T21:53:16.347664" elapsed="0.000431"/>
</kw>
<if>
<branch type="IF" condition="${is_xpath}">
<kw name="Replace String" owner="String">
<var>${xp}</var>
<arg>${locator}</arg>
<arg>xpath=</arg>
<arg>${EMPTY}</arg>
<doc>Replaces ``search_for`` in the given ``string`` with ``replace_with``.</doc>
<status status="NOT RUN" start="2026-02-28T21:53:16.348422" elapsed="0.000158"/>
</kw>
<kw name="Run Keyword And Return Status" owner="BuiltIn">
<kw name="Execute Javascript" owner="SeleniumLibrary">
<arg>document.evaluate(arguments[0],document,null,9,null).singleNodeValue.click()</arg>
<arg>${xp}</arg>
<doc>Executes the given JavaScript code with possible arguments.</doc>
<status status="NOT RUN" start="2026-02-28T21:53:16.348910" elapsed="0.000114"/>
</kw>
<var>${js_ok}</var>
<arg>Execute JavaScript</arg>
<arg>document.evaluate(arguments[0],document,null,9,null).singleNodeValue.click()</arg>
<arg>${xp}</arg>
<doc>Runs the specified keyword and returns the status as a Boolean value.</doc>
<status status="PASS" start="2026-02-28T21:53:16.348725" elapsed="0.000403"/>
</kw>
<kw name="Run Keyword If" owner="BuiltIn">
<kw name="Click Element" owner="SeleniumLibrary">
<arg>${locator}</arg>
<doc>Click the element identified by ``locator``.</doc>
<status status="NOT RUN" start="2026-02-28T21:53:16.349426" elapsed="0.000118"/>
</kw>
<arg>not ${js_ok}</arg>
<arg>Click Element</arg>
<arg>${locator}</arg>
<doc>Runs the given keyword with the given arguments, if ``condition`` is true.</doc>
<status status="PASS" start="2026-02-28T21:53:16.349253" elapsed="0.000396"/>
</kw>
<status status="PASS" start="2026-02-28T21:53:16.348301" elapsed="0.001453"/>
</branch>
<branch type="ELSE">
<kw name="Click Element" owner="SeleniumLibrary">
<arg>${locator}</arg>
<doc>Click the element identified by ``locator``.</doc>
<status status="NOT RUN" start="2026-02-28T21:53:16.349983" elapsed="0.000111"/>
</kw>
<status status="PASS" start="2026-02-28T21:53:16.349859" elapsed="0.000339"/>
</branch>
<status status="PASS" start="2026-02-28T21:53:16.348208" elapsed="0.002092"/>
</if>
<status status="PASS" start="2026-02-28T21:53:16.347538" elapsed="0.002870"/>
</branch>
<status status="PASS" start="2026-02-28T21:53:16.347438" elapsed="0.003073"/>
</if>
<arg>xpath=//label[.//span[normalize-space()='มีสัมภาระเกินปกติ']]</arg>
<status status="PASS" start="2026-02-28T21:53:16.346287" elapsed="0.004323"/>
</kw>
<kw name="Wait Until Page Contains" owner="SeleniumLibrary">
<arg>ไม่เกิน 24 นิ้ว</arg>
<arg>10s</arg>
<doc>Waits until ``text`` appears on the current page.</doc>
<status status="NOT RUN" start="2026-02-28T21:53:16.350731" elapsed="0.000127"/>
</kw>
<status status="PASS" start="2026-02-28T21:53:16.344478" elapsed="0.006490"/>
</kw>
<kw name="Page Should Contain" owner="SeleniumLibrary">
<arg>ไม่เกิน 24 นิ้ว</arg>
<doc>Verifies that current page contains ``text``.</doc>
<status status="NOT RUN" start="2026-02-28T21:53:16.351088" elapsed="0.000108"/>
</kw>
<kw name="Page Should Contain" owner="SeleniumLibrary">
<arg>ไม่เกิน 28 นิ้ว</arg>
<doc>Verifies that current page contains ``text``.</doc>
<status status="NOT RUN" start="2026-02-28T21:53:16.351317" elapsed="0.000107"/>
</kw>
<kw name="Page Should Not Contain" owner="SeleniumLibrary">
<arg>สัมภาระพิเศษ</arg>
<doc>Verifies the current page does not contain ``text``.</doc>
<status status="NOT RUN" start="2026-02-28T21:53:16.351552" elapsed="0.000114"/>
</kw>
<kw name="Close Browser And Capture" type="TEARDOWN">
<kw name="Run Keyword And Ignore Error" owner="BuiltIn">
<kw name="Capture Page Screenshot" owner="SeleniumLibrary">
<doc>Takes a screenshot of the current page and embeds it into a log file.</doc>
<status status="NOT RUN" start="2026-02-28T21:53:16.352180" elapsed="0.000109"/>
</kw>
<arg>Capture Page Screenshot</arg>
<doc>Runs the given keyword with the given arguments and ignores possible error.</doc>
<status status="PASS" start="2026-02-28T21:53:16.352003" elapsed="0.000390"/>
</kw>
<kw name="Run Keyword And Ignore Error" owner="BuiltIn">
<kw name="Close Browser" owner="SeleniumLibrary">
[...]
<doc>Types the given ``text`` into the text field identified by ``locator``.</doc>
<status status="NOT RUN" start="2026-02-28T21:53:16.669671" elapsed="0.000130"/>
</kw>
<kw name="Run Keyword And Return Status" owner="BuiltIn">
<kw name="Wait Until Element Is Visible" owner="SeleniumLibrary">
<arg>xpath=(//ul[contains(@class,'suggest-list')])[2]/li[1]</arg>
<arg>5s</arg>
<doc>Waits until the element ``locator`` is visible.</doc>
<status status="NOT RUN" start="2026-02-28T21:53:16.670120" elapsed="0.000141"/>
</kw>
<var>${dropoff_suggest_ok}</var>
<arg>Wait Until Element Is Visible</arg>
<arg>xpath=(//ul[contains(@class,'suggest-list')])[2]/li[1]</arg>
<arg>5s</arg>
<doc>Runs the specified keyword and returns the status as a Boolean value.</doc>
<status status="PASS" start="2026-02-28T21:53:16.669931" elapsed="0.000435"/>
</kw>
<kw name="Run Keyword If" owner="BuiltIn">
<kw name="Click Element Safe">
<kw name="Wait Until Element Is Visible" owner="SeleniumLibrary">
<arg>${locator}</arg>
<arg>10s</arg>
<doc>Waits until the element ``locator`` is visible.</doc>
<status status="NOT RUN" start="2026-02-28T21:53:16.670882" elapsed="0.000129"/>
</kw>
<kw name="Scroll Element Into View" owner="SeleniumLibrary">
<arg>${locator}</arg>
<doc>Scrolls the element identified by ``locator`` into view.</doc>
<status status="NOT RUN" start="2026-02-28T21:53:16.671137" elapsed="0.000110"/>
</kw>
<kw name="Run Keyword And Return Status" owner="BuiltIn">
<kw name="Click Element" owner="SeleniumLibrary">
<arg>${locator}</arg>
<doc>Click the element identified by ``locator``.</doc>
<status status="NOT RUN" start="2026-02-28T21:53:16.671548" elapsed="0.000112"/>
</kw>
<var>${ok}</var>
<arg>Click Element</arg>
<arg>${locator}</arg>
<doc>Runs the specified keyword and returns the status as a Boolean value.</doc>
<status status="PASS" start="2026-02-28T21:53:16.671373" elapsed="0.000392"/>
</kw>
<if>
<branch type="IF" condition="not ${ok}">
<kw name="Run Keyword And Return Status" owner="BuiltIn">
<kw name="Should Start With" owner="BuiltIn">
<arg>${locator}</arg>
<arg>xpath=</arg>
<doc>Fails if the string ``str1`` does not start with the string ``str2``.</doc>
<status status="NOT RUN" start="2026-02-28T21:53:16.672280" elapsed="0.000149"/>
</kw>
<var>${is_xpath}</var>
<arg>Should Start With</arg>
<arg>${locator}</arg>
<arg>xpath=</arg>
<doc>Runs the specified keyword and returns the status as a Boolean value.</doc>
<status status="PASS" start="2026-02-28T21:53:16.672109" elapsed="0.000442"/>
</kw>
<if>
<branch type="IF" condition="${is_xpath}">
<kw name="Replace String" owner="String">
<var>${xp}</var>
<arg>${locator}</arg>
<arg>xpath=</arg>
<arg>${EMPTY}</arg>
<doc>Replaces ``search_for`` in the given ``string`` with ``replace_with``.</doc>
<status status="NOT RUN" start="2026-02-28T21:53:16.672902" elapsed="0.000129"/>
</kw>
<kw name="Run Keyword And Return Status" owner="BuiltIn">
<kw name="Execute Javascript" owner="SeleniumLibrary">
<arg>document.evaluate(arguments[0],document,null,9,null).singleNodeValue.click()</arg>
<arg>${xp}</arg>
<doc>Executes the given JavaScript code with possible arguments.</doc>
<status status="NOT RUN" start="2026-02-28T21:53:16.673330" elapsed="0.000132"/>
</kw>
<var>${js_ok}</var>
<arg>Execute JavaScript</arg>
<arg>document.evaluate(arguments[0],document,null,9,null).singleNodeValue.click()</arg>
<arg>${xp}</arg>
<doc>Runs the specified keyword and returns the status as a Boolean value.</doc>
<status status="PASS" start="2026-02-28T21:53:16.673158" elapsed="0.000428"/>
</kw>
<kw name="Run Keyword If" owner="BuiltIn">
<kw name="Click Element" owner="SeleniumLibrary">
<arg>${locator}</arg>
<doc>Click the element identified by ``locator``.</doc>
<status status="NOT RUN" start="2026-02-28T21:53:16.673897" elapsed="0.000111"/>
</kw>
<arg>not ${js_ok}</arg>
<arg>Click Element</arg>
<arg>${locator}</arg>
<doc>Runs the given keyword with the given arguments, if ``condition`` is true.</doc>
<status status="PASS" start="2026-02-28T21:53:16.673721" elapsed="0.000389"/>
</kw>
<status status="PASS" start="2026-02-28T21:53:16.672771" elapsed="0.001441"/>
</branch>
<branch type="ELSE">
<kw name="Click Element" owner="SeleniumLibrary">
<arg>${locator}</arg>
<doc>Click the element identified by ``locator``.</doc>
<status status="NOT RUN" start="2026-02-28T21:53:16.674441" elapsed="0.000108"/>
</kw>
<status status="PASS" start="2026-02-28T21:53:16.674314" elapsed="0.000337"/>
</branch>
<status status="PASS" start="2026-02-28T21:53:16.672678" elapsed="0.002073"/>
</if>
<status status="PASS" start="2026-02-28T21:53:16.671987" elapsed="0.002862"/>
</branch>
<status status="PASS" start="2026-02-28T21:53:16.671893" elapsed="0.003055"/>
</if>
<arg>xpath=(//ul[contains(@class,'suggest-list')])[2]/li[1]</arg>
<status status="PASS" start="2026-02-28T21:53:16.670716" elapsed="0.004331"/>
</kw>
<arg>${dropoff_suggest_ok}</arg>
<arg>Click Element Safe</arg>
<arg>xpath=(//ul[contains(@class,'suggest-list')])[2]/li[1]</arg>
<doc>Runs the given keyword with the given arguments, if ``condition`` is true.</doc>
<status status="PASS" start="2026-02-28T21:53:16.670492" elapsed="0.004654"/>
</kw>
<kw name="Dismiss Booking Suggestions">
<kw name="Execute Javascript" owner="SeleniumLibrary">
<arg>if(document.activeElement){document.activeElement.blur();}</arg>
<doc>Executes the given JavaScript code with possible arguments.</doc>
<status status="NOT RUN" start="2026-02-28T21:53:16.675435" elapsed="0.000117"/>
</kw>
<kw name="Press Keys" owner="SeleniumLibrary">
<arg>None</arg>
<arg>ESC</arg>
<doc>Simulates the user pressing key(s) to an element or on the active browser.</doc>
<status status="NOT RUN" start="2026-02-28T21:53:16.675677" elapsed="0.000124"/>
</kw>
<kw name="Sleep" owner="BuiltIn">
<arg>300ms</arg>
<doc>Pauses the test executed for the given time.</doc>
<status status="NOT RUN" start="2026-02-28T21:53:16.675923" elapsed="0.000151"/>
</kw>
<kw name="Wait Until Keyword Succeeds" owner="BuiltIn">
<kw name="Page Should Not Contain Element" owner="SeleniumLibrary">
<arg>xpath=//ul[contains(@class,'suggest-list')]//li</arg>
<doc>Verifies that element ``locator`` is not found on the current page.</doc>
<status status="NOT RUN" start="2026-02-28T21:53:16.676415" elapsed="0.000123"/>
</kw>
<arg>10x</arg>
<arg>300ms</arg>
<arg>Page Should Not Contain Element</arg>
<arg>xpath=//ul[contains(@class,'suggest-list')]//li</arg>
<doc>Runs the specified keyword and retries if it fails.</doc>
<status status="PASS" start="2026-02-28T21:53:16.676228" elapsed="0.000420"/>
</kw>
<status status="PASS" start="2026-02-28T21:53:16.675284" elapsed="0.001473"/>
</kw>
<arg>${pickup_text}</arg>
<arg>${dropoff_text}</arg>
<status status="PASS" start="2026-02-28T21:53:16.663715" elapsed="0.013144"/>
</kw>
<kw name="Submit Booking">
<kw name="Click Element" owner="SeleniumLibrary">
<arg>xpath=//button[normalize-space()='ยืนยันการจอง']</arg>
<doc>Click the element identified by ``locator``.</doc>
<status status="NOT RUN" start="2026-02-28T21:53:16.677138" elapsed="0.000121"/>
</kw>
<kw name="Wait Until Page Contains" owner="SeleniumLibrary">
<arg>ส่งคำขอจองสำเร็จ</arg>
<arg>10s</arg>
<doc>Waits until ``text`` appears on the current page.</doc>
<status status="NOT RUN" start="2026-02-28T21:53:16.677382" elapsed="0.000124"/>
</kw>
<status status="PASS" start="2026-02-28T21:53:16.676989" elapsed="0.000624"/>
</kw>
<kw name="Close Browser" owner="SeleniumLibrary">
<doc>Closes the current browser.</doc>
<status status="NOT RUN" start="2026-02-28T21:53:16.677730" elapsed="0.000103"/>
</kw>
<arg>${ROUTE_NO_LUGGAGE}</arg>
<arg>107 แบริ่ง คอนโดมิเนียม</arg>
<arg>เชียงราย กอล์ฟ</arg>
<status status="PASS" start="2026-02-28T21:53:16.636170" elapsed="0.041766"/>
</kw>
<kw name="Login As Driver">
<kw name="Open Browser" owner="SeleniumLibrary">
<arg>${BASE_URL}/login</arg>
<arg>${BROWSER}</arg>
<doc>Opens a new browser instance to the optional ``url``.</doc>
<status status="NOT RUN" start="2026-02-28T21:53:16.678238" elapsed="0.000114"/>
</kw>
<kw name="Maximize Browser Window" owner="SeleniumLibrary">
<doc>Maximizes current browser window.</doc>
<status status="NOT RUN" start="2026-02-28T21:53:16.678474" elapsed="0.000101"/>
</kw>
<kw name="Wait Until Element Is Visible" owner="SeleniumLibrary">
<arg>id=identifier</arg>
<arg>10s</arg>
<doc>Waits until the element ``locator`` is visible.</doc>
<status status="NOT RUN" start="2026-02-28T21:53:16.678694" elapsed="0.000134"/>
</kw>
<kw name="Input Text" owner="SeleniumLibrary">
<arg>id=identifier</arg>
<arg>${DRIVER_EMAIL}</arg>
<doc>Types the given ``text`` into the text field identified by ``locator``.</doc>
<status status="NOT RUN" start="2026-02-28T21:53:16.678950" elapsed="0.000124"/>
</kw>
<kw name="Input Password" owner="SeleniumLibrary">
<arg>id=password</arg>
<arg>${DRIVER_PASSWORD}</arg>
<doc>Types the given password into the text field identified by ``locator``.</doc>
<status status="NOT RUN" start="2026-02-28T21:53:16.679197" elapsed="0.000123"/>
</kw>
<kw name="Click Element" owner="SeleniumLibrary">
<arg>xpath=//button[@type='submit']</arg>
<doc>Click the element identified by ``locator``.</doc>
<status status="NOT RUN" start="2026-02-28T21:53:16.679447" elapsed="0.000122"/>
</kw>
<kw name="Wait Until Location Does Not Contain" owner="SeleniumLibrary">
<arg>/login</arg>
<arg>10s</arg>
<doc>Waits until the current URL does not contains ``location``.</doc>
<status status="NOT RUN" start="2026-02-28T21:53:16.679693" elapsed="0.000124"/>
</kw>
<status status="PASS" start="2026-02-28T21:53:16.678077" elapsed="0.001848"/>
</kw>
<kw name="Open MyRoute Pending">
<kw name="Go To" owner="SeleniumLibrary">
<arg>${BASE_URL}/myRoute</arg>
<doc>Navigates the current browser window to the provided ``url``.</doc>
<status status="NOT RUN" start="2026-02-28T21:53:16.680225" elapsed="0.000106"/>
</kw>
<kw name="Wait Until Page Contains" owner="SeleniumLibrary">
<arg>คำขอจองเส้นทางของฉัน</arg>
<arg>10s</arg>
<doc>Waits until ``text`` appears on the current page.</doc>
<status status="NOT RUN" start="2026-02-28T21:53:16.680451" elapsed="0.000130"/>
</kw>
<kw name="Click Element" owner="SeleniumLibrary">
<arg>xpath=//button[contains(normalize-space(.),'รอดำเนินการ')]</arg>
<doc>Click the element identified by ``locator``.</doc>
<status status="NOT RUN" start="2026-02-28T21:53:16.680705" elapsed="0.000124"/>
</kw>
<kw name="Wait Until Page Contains" owner="SeleniumLibrary">
<arg>รายการคำขอจอง</arg>
<arg>10s</arg>
<doc>Waits until ``text`` appears on the current page.</doc>
<status status="NOT RUN" start="2026-02-28T21:53:16.680965" elapsed="0.000122"/>
</kw>
<status status="PASS" start="2026-02-28T21:53:16.680059" elapsed="0.001133"/>
</kw>
<kw name="Open Pending Request By Route Title">
<kw name="Run Keyword If" owner="BuiltIn">
<kw name="Skip" owner="BuiltIn">
<arg>No route title provided for pending request selection.</arg>
<doc>Skips the rest of the current test.</doc>
<status status="NOT RUN" start="2026-02-28T21:53:16.681670" elapsed="0.000167"/>
</kw>
<arg>'${route_title}' == ''</arg>
<arg>Skip</arg>
<arg>No route title provided for pending request selection.</arg>
<doc>Runs the given keyword with the given arguments, if ``condition`` is true.</doc>
<status status="PASS" start="2026-02-28T21:53:16.681485" elapsed="0.000473"/>
</kw>
<kw name="Set Variable" owner="BuiltIn">
<var>${card}</var>
<arg>xpath=//div[contains(@class,'trip-card')][.//*[contains(normalize-space(.),"${route_title}")]][1]</arg>
<doc>Returns the given values which can then be assigned to a variables.</doc>
<status status="NOT RUN" start="2026-02-28T21:53:16.682081" elapsed="0.000146"/>
</kw>
<kw name="Run Keyword And Return Status" owner="BuiltIn">
<kw name="Wait Until Element Is Visible" owner="SeleniumLibrary">
<arg>${card}</arg>
<arg>10s</arg>
<doc>Waits until the element ``locator`` is visible.</doc>
<status status="NOT RUN" start="2026-02-28T21:53:16.682525" elapsed="0.000125"/>
</kw>
<var>${has_card}</var>
<arg>Wait Until Element Is Visible</arg>
<arg>${card}</arg>
<arg>10s</arg>
<doc>Runs the specified keyword and returns the status as a Boolean value.</doc>
<status status="PASS" start="2026-02-28T21:53:16.682353" elapsed="0.000414"/>
</kw>
<kw name="Run Keyword If" owner="BuiltIn">
<kw name="Skip" owner="BuiltIn">
<arg>Pending request for route '${route_title}' not found.</arg>
<doc>Skips the rest of the current test.</doc>
<status status="NOT RUN" start="2026-02-28T21:53:16.683071" elapsed="0.000141"/>
</kw>
<arg>not ${has_card}</arg>
<arg>Skip</arg>
<arg>Pending request for route '${route_title}' not found.</arg>
<doc>Runs the given keyword with the given arguments, if ``condition`` is true.</doc>
<status status="PASS" start="2026-02-28T21:53:16.682896" elapsed="0.000422"/>
</kw>
<kw name="Click Element Safe">
<kw name="Wait Until Element Is Visible" owner="SeleniumLibrary">
<arg>${locator}</arg>
<arg>10s</arg>
<doc>Waits until the element ``locator`` is visible.</doc>
<status status="NOT RUN" start="2026-02-28T21:53:16.683653" elapsed="0.000138"/>
</kw>
<kw name="Scroll Element Into View" owner="SeleniumLibrary">
<arg>${locator}</arg>
<doc>Scrolls the element identified by ``locator`` into view.</doc>
<status status="NOT RUN" start="2026-02-28T21:53:16.683914" elapsed="0.000125"/>
</kw>
<kw name="Run Keyword And Return Status" owner="BuiltIn">
<kw name="Click Element" owner="SeleniumLibrary">
<arg>${locator}</arg>
<doc>Click the element identified by ``locator``.</doc>
<status status="NOT RUN" start="2026-02-28T21:53:16.684355" elapsed="0.000118"/>
</kw>
<var>${ok}</var>
<arg>Click Element</arg>
<arg>${locator}</arg>
<doc>Runs the specified keyword and returns the status as a Boolean value.</doc>
<status status="PASS" start="2026-02-28T21:53:16.684185" elapsed="0.000391"/>
</kw>
<if>
<branch type="IF" condition="not ${ok}">
<kw name="Run Keyword And Return Status" owner="BuiltIn">
<kw name="Should Start With" owner="BuiltIn">
<arg>${locator}</arg>
<arg>xpath=</arg>
<doc>Fails if the string ``str1`` does not start with the string ``str2``.</doc>
<status status="NOT RUN" start="2026-02-28T21:53:16.685089" elapsed="0.000172"/>
</kw>
<var>${is_xpath}</var>
<arg>Should Start With</arg>
<arg>${locator}</arg>
<arg>xpath=</arg>
<doc>Runs the specified keyword and returns the status as a Boolean value.</doc>
<status status="PASS" start="2026-02-28T21:53:16.684905" elapsed="0.000471"/>
</kw>
<if>
<branch type="IF" condition="${is_xpath}">
<kw name="Replace String" owner="String">
<var>${xp}</var>
<arg>${locator}</arg>
<arg>xpath=</arg>
<arg>${EMPTY}</arg>
<doc>Replaces ``search_for`` in the given ``string`` with ``replace_with``.</doc>
<status status="NOT RUN" start="2026-02-28T21:53:16.685702" elapsed="0.000121"/>
</kw>
<kw name="Run Keyword And Return Status" owner="BuiltIn">
<kw name="Execute Javascript" owner="SeleniumLibrary">
<arg>document.evaluate(arguments[0],document,null,9,null).singleNodeValue.click()</arg>
<arg>${xp}</arg>
<doc>Executes the given JavaScript code with possible arguments.</doc>
<status status="NOT RUN" start="2026-02-28T21:53:16.686123" elapsed="0.000115"/>
</kw>
<var>${js_ok}</var>
<arg>Execute JavaScript</arg>
<arg>document.evaluate(arguments[0],document,null,9,null).singleNodeValue.click()</arg>
<arg>${xp}</arg>
<doc>Runs the specified keyword and returns the status as a Boolean value.</doc>
<status status="PASS" start="2026-02-28T21:53:16.685948" elapsed="0.000400"/>
</kw>
<kw name="Run Keyword If" owner="BuiltIn">
<kw name="Click Element" owner="SeleniumLibrary">
<arg>${locator}</arg>
<doc>Click the element identified by ``locator``.</doc>
<status status="NOT RUN" start="2026-02-28T21:53:16.686645" elapsed="0.000110"/>
</kw>
<arg>not ${js_ok}</arg>
<arg>Click Element</arg>
<arg>${locator}</arg>
<doc>Runs the given keyword with the given arguments, if ``condition`` is true.</doc>
<status status="PASS" start="2026-02-28T21:53:16.686473" elapsed="0.000392"/>
</kw>
<status status="PASS" start="2026-02-28T21:53:16.685582" elapsed="0.001386"/>
</branch>
<branch type="ELSE">
<kw name="Click Element" owner="SeleniumLibrary">
<arg>${locator}</arg>
<doc>Click the element identified by ``locator``.</doc>
<status status="NOT RUN" start="2026-02-28T21:53:16.687189" elapsed="0.000108"/>
</kw>
<status status="PASS" start="2026-02-28T21:53:16.687069" elapsed="0.000328"/>
</branch>
<status status="PASS" start="2026-02-28T21:53:16.685488" elapsed="0.002009"/>
</if>
<status status="PASS" start="2026-02-28T21:53:16.684783" elapsed="0.002814"/>
</branch>
<status status="PASS" start="2026-02-28T21:53:16.684689" elapsed="0.003006"/>
</if>
<arg>${card}</arg>
<status status="PASS" start="2026-02-28T21:53:16.683491" elapsed="0.004302"/>
</kw>
<arg>${LAST_BOOKED_ROUTE_TITLE}</arg>
<status status="PASS" start="2026-02-28T21:53:16.681327" elapsed="0.006569"/>
</kw>
<kw name="Assert Driver Sees No Luggage">
<kw name="Wait Until Page Contains" owner="SeleniumLibrary">
<arg>ข้อมูลสัมภาระเพิ่มเติม</arg>
<arg>10s</arg>
<doc>Waits until ``text`` appears on the current page.</doc>
<status status="NOT RUN" start="2026-02-28T21:53:16.688175" elapsed="0.000129"/>
</kw>
<kw name="Wait Until Page Contains" owner="SeleniumLibrary">
<arg>ไม่มีการขอสัมภาระเพิ่มเติม</arg>
<arg>10s</arg>
<doc>Waits until ``text`` appears on the current page.</doc>
<status status="NOT RUN" start="2026-02-28T21:53:16.688428" elapsed="0.000119"/>
</kw>
<status status="PASS" start="2026-02-28T21:53:16.688026" elapsed="0.000627"/>
</kw>
<kw name="Close Browser And Capture" type="TEARDOWN">
<kw name="Run Keyword And Ignore Error" owner="BuiltIn">
<kw name="Capture Page Screenshot" owner="SeleniumLibrary">
<doc>Takes a screenshot of the current page and embeds it into a log file.</doc>
<status status="NOT RUN" start="2026-02-28T21:53:16.689155" elapsed="0.000119"/>
</kw>
<arg>Capture Page Screenshot</arg>
<doc>Runs the given keyword with the given arguments and ignores possible error.</doc>
<status status="PASS" start="2026-02-28T21:53:16.688969" elapsed="0.000406"/>
</kw>
<kw name="Run Keyword And Ignore Error" owner="BuiltIn">
<kw name="Close Browser" owner="SeleniumLibrary">
<doc>Closes the current browser.</doc>
<status status="NOT RUN" start="2026-02-28T21:53:16.689658" elapsed="0.000103"/>
</kw>
<arg>Close Browser</arg>
<doc>Runs the given keyword with the given arguments and ignores possible error.</doc>
<status status="PASS" start="2026-02-28T21:53:16.689495" elapsed="0.000367"/>
</kw>
<status status="PASS" start="2026-02-28T21:53:16.688812" elapsed="0.001153"/>
</kw>
<status status="PASS" start="2026-02-28T21:53:16.635348" elapsed="0.054725"/>
</test>
<kw name="Print Report Path" type="TEARDOWN">
<kw name="Log To Console" owner="BuiltIn">
<arg>\n===== Robot Report =====</arg>
<doc>Logs the given message to the console.</doc>
<status status="NOT RUN" start="2026-02-28T21:53:16.690803" elapsed="0.000289"/>
</kw>
<kw name="Log To Console" owner="BuiltIn">
<arg>Report: ${OUTPUT DIR}${/}report.html</arg>
<doc>Logs the given message to the console.</doc>
<status status="NOT RUN" start="2026-02-28T21:53:16.691260" elapsed="0.000153"/>
</kw>
<kw name="Log To Console" owner="BuiltIn">
<arg>Log: ${OUTPUT DIR}${/}log.html</arg>
<doc>Logs the given message to the console.</doc>
<status status="NOT RUN" start="2026-02-28T21:53:16.691560" elapsed="0.000146"/>
</kw>
<kw name="Log To Console" owner="BuiltIn">
<arg>Output: ${OUTPUT DIR}${/}output.xml</arg>
<doc>Logs the given message to the console.</doc>
<status status="NOT RUN" start="2026-02-28T21:53:16.691834" elapsed="0.000153"/>
</kw>
<status status="PASS" start="2026-02-28T21:53:16.690446" elapsed="0.001654"/>
</kw>
<status status="PASS" start="2026-02-28T21:53:16.101111" elapsed="0.591096"/>
</suite>
<statistics>
<total>
<stat pass="8" fail="0" skip="0">All Tests</stat>
</total>
<tag>
</tag>
<suite>
<stat name="ExtraLuggage" id="s1" pass="8" fail="0" skip="0">ExtraLuggage</stat>
</suite>
</statistics>
<errors>
</errors>
</robot>
