<?xml version="1.0" encoding="UTF-8"?>
<robot generator="Robot 7.4.1 (Python 3.13.2 on darwin)" generated="2026-02-28T21:54:03.544814" rpa="false" schemaversion="5">
<suite id="s1" name="ExtraLuggage" source="/Users/revv/Desktop/Painumnae2/4GumarnFullPowerPuff/ExtraLuggage.robot">
<test id="s1-t1" name="TC_P1 - Route Without Extra Luggage Must Hide Section" line="303">
<kw name="Login As Passenger">
<kw name="Open Browser" owner="SeleniumLibrary">
<msg time="2026-02-28T21:54:03.648679" level="INFO">Opening browser 'chrome' to base url 'http://localhost:3001/login'.</msg>
<arg>${BASE_URL}/login</arg>
<arg>${BROWSER}</arg>
<doc>Opens a new browser instance to the optional ``url``.</doc>
<status status="PASS" start="2026-02-28T21:54:03.648538" elapsed="1.658460"/>
</kw>
<kw name="Maximize Browser Window" owner="SeleniumLibrary">
<doc>Maximizes current browser window.</doc>
<status status="PASS" start="2026-02-28T21:54:05.307534" elapsed="0.344082"/>
</kw>
<kw name="Wait Until Element Is Visible" owner="SeleniumLibrary">
<arg>id=identifier</arg>
<arg>10s</arg>
<doc>Waits until the element ``locator`` is visible.</doc>
<status status="PASS" start="2026-02-28T21:54:05.651945" elapsed="0.023936"/>
</kw>
<kw name="Input Text" owner="SeleniumLibrary">
<msg time="2026-02-28T21:54:05.676222" level="INFO">Typing text 'ploy123' into text field 'id=identifier'.</msg>
<arg>id=identifier</arg>
<arg>${PASSENGER_EMAIL}</arg>
<doc>Types the given ``text`` into the text field identified by ``locator``.</doc>
<status status="PASS" start="2026-02-28T21:54:05.676012" elapsed="0.099899"/>
</kw>
<kw name="Input Password" owner="SeleniumLibrary">
<msg time="2026-02-28T21:54:05.776219" level="INFO">Typing password into text field 'id=password'.</msg>
<msg time="2026-02-28T21:54:05.790731" level="INFO">Temporally setting log level to: NONE</msg>
<arg>id=password</arg>
<arg>${PASSENGER_PASSWORD}</arg>
<doc>Types the given password into the text field identified by ``locator``.</doc>
<status status="PASS" start="2026-02-28T21:54:05.776040" elapsed="0.037376"/>
</kw>
<kw name="Click Element" owner="SeleniumLibrary">
<msg time="2026-02-28T21:54:05.813791" level="INFO">Clicking element 'xpath=//button[@type='submit']'.</msg>
<arg>xpath=//button[@type='submit']</arg>
<doc>Click the element identified by ``locator``.</doc>
<status status="PASS" start="2026-02-28T21:54:05.813616" elapsed="0.034616"/>
</kw>
<kw name="Wait Until Location Does Not Contain" owner="SeleniumLibrary">
<arg>/login</arg>
<arg>10s</arg>
<doc>Waits until the current URL does not contains ``location``.</doc>
<status status="PASS" start="2026-02-28T21:54:05.848503" elapsed="0.207912"/>
</kw>
<status status="PASS" start="2026-02-28T21:54:03.648157" elapsed="2.408364"/>
</kw>
<kw name="Resolve Route Title Or Skip">
<if>
<branch type="IF" condition="'${configured_title}' != ''">
<return>
<value>${configured_title}</value>
<status status="NOT RUN" start="2026-02-28T21:54:06.060271" elapsed="0.000023"/>
</return>
<status status="NOT RUN" start="2026-02-28T21:54:06.057220" elapsed="0.003113"/>
</branch>
<status status="PASS" start="2026-02-28T21:54:06.057153" elapsed="0.003201"/>
</if>
<kw name="Run Keyword And Ignore Error" owner="BuiltIn">
<kw name="Discover Route Title By Policy">
<kw name="Go To" owner="SeleniumLibrary">
<msg time="2026-02-28T21:54:06.061548" level="INFO">Opening url 'http://localhost:3001/findTrip'</msg>
<arg>${BASE_URL}/findTrip</arg>
<doc>Navigates the current browser window to the provided ``url``.</doc>
<status status="PASS" start="2026-02-28T21:54:06.061371" elapsed="0.112377"/>
</kw>
<kw name="Wait Until Element Is Visible" owner="SeleniumLibrary">
<arg>xpath=(//div[contains(@class,'route-card')])[1]</arg>
<arg>20s</arg>
<doc>Waits until the element ``locator`` is visible.</doc>
<status status="PASS" start="2026-02-28T21:54:06.173887" elapsed="0.852530"/>
</kw>
<kw name="Get Element Count" owner="SeleniumLibrary">
<msg time="2026-02-28T21:54:07.034459" level="INFO">${count} = 6</msg>
<var>${count}</var>
<arg>xpath=//div[contains(@class,'route-card')]</arg>
<doc>Returns the number of elements matching ``locator``.</doc>
<status status="PASS" start="2026-02-28T21:54:07.026592" elapsed="0.007982"/>
</kw>
<kw name="Evaluate" owner="BuiltIn">
<msg time="2026-02-28T21:54:07.035117" level="INFO">${end} = 7</msg>
<var>${end}</var>
<arg>${count} + 1</arg>
<doc>Evaluates the given expression in Python and returns the result.</doc>
<status status="PASS" start="2026-02-28T21:54:07.034732" elapsed="0.000407"/>
</kw>
<for flavor="IN RANGE">
<iter>
<kw name="Go To" owner="SeleniumLibrary">
<msg time="2026-02-28T21:54:07.035692" level="INFO">Opening url 'http://localhost:3001/findTrip'</msg>
<arg>${BASE_URL}/findTrip</arg>
<doc>Navigates the current browser window to the provided ``url``.</doc>
<status status="PASS" start="2026-02-28T21:54:07.035588" elapsed="0.069920"/>
</kw>
<kw name="Wait Until Element Is Visible" owner="SeleniumLibrary">
<arg>xpath=(//div[contains(@class,'route-card')])[1]</arg>
<arg>20s</arg>
<doc>Waits until the element ``locator`` is visible.</doc>
<status status="PASS" start="2026-02-28T21:54:07.105651" elapsed="0.642763"/>
</kw>
<kw name="Set Variable" owner="BuiltIn">
<msg time="2026-02-28T21:54:07.749006" level="INFO">${card} = xpath=(//div[contains(@class,'route-card')])[1]</msg>
<var>${card}</var>
<arg>xpath=(//div[contains(@class,'route-card')])[${i}]</arg>
<doc>Returns the given values which can then be assigned to a variables.</doc>
<status status="PASS" start="2026-02-28T21:54:07.748633" elapsed="0.000400"/>
</kw>
<kw name="Scroll Element Into View" owner="SeleniumLibrary">
<arg>${card}</arg>
<doc>Scrolls the element identified by ``locator`` into view.</doc>
<status status="PASS" start="2026-02-28T21:54:07.749148" elapsed="0.274958"/>
</kw>
<kw name="Get Text" owner="SeleniumLibrary">
<msg time="2026-02-28T21:54:08.048511" level="INFO">${title} = ท๊อปกลาส → ผากอง ซอย 1</msg>
<var>${title}</var>
<arg>${card}//h1[1]</arg>
<doc>Returns the text value of the element identified by ``locator``.</doc>
<status status="PASS" start="2026-02-28T21:54:08.024410" elapsed="0.024178"/>
</kw>
<kw name="Click Element" owner="SeleniumLibrary">
<msg time="2026-02-28T21:54:08.049164" level="INFO">Clicking element 'xpath=(//div[contains(@class,'route-card')])[1]'.</msg>
<arg>${card}</arg>
<doc>Click the element identified by ``locator``.</doc>
<status status="PASS" start="2026-02-28T21:54:08.048787" elapsed="0.034793"/>
</kw>
<kw name="Set Variable" owner="BuiltIn">
<msg time="2026-02-28T21:54:08.083940" level="INFO">${book_btn} = xpath=(//div[contains(@class,'route-card')])[1]//button[contains(normalize-space(.),'จองที่นั่ง')]</msg>
<var>${book_btn}</var>
<arg>${card}//button[contains(normalize-space(.),'จองที่นั่ง')]</arg>
<doc>Returns the given values which can then be assigned to a variables.</doc>
<status status="PASS" start="2026-02-28T21:54:08.083713" elapsed="0.000248"/>
</kw>
<kw name="Run Keyword And Return Status" owner="BuiltIn">
<kw name="Wait Until Element Is Visible" owner="SeleniumLibrary">
<arg>${book_btn}</arg>
<arg>4s</arg>
<doc>Waits until the element ``locator`` is visible.</doc>
<status status="PASS" start="2026-02-28T21:54:08.084180" elapsed="0.229812"/>
</kw>
<msg time="2026-02-28T21:54:08.314224" level="INFO">${expanded} = True</msg>
<var>${expanded}</var>
<arg>Wait Until Element Is Visible</arg>
<arg>${book_btn}</arg>
<arg>4s</arg>
<doc>Runs the specified keyword and returns the status as a Boolean value.</doc>
<status status="PASS" start="2026-02-28T21:54:08.084032" elapsed="0.230232"/>
</kw>
<if>
<branch type="IF" condition="not ${expanded}">
<kw name="Click Element" owner="SeleniumLibrary">
<arg>${card}</arg>
<doc>Click the element identified by ``locator``.</doc>
<status status="NOT RUN" start="2026-02-28T21:54:08.314697" elapsed="0.000029"/>
</kw>
<kw name="Run Keyword And Return Status" owner="BuiltIn">
<var>${expanded}</var>
<arg>Wait Until Element Is Visible</arg>
<arg>${book_btn}</arg>
<arg>3s</arg>
<doc>Runs the specified keyword and returns the status as a Boolean value.</doc>
<status status="NOT RUN" start="2026-02-28T21:54:08.314828" elapsed="0.000023"/>
</kw>
<status status="NOT RUN" start="2026-02-28T21:54:08.314400" elapsed="0.000598"/>
</branch>
<status status="PASS" start="2026-02-28T21:54:08.314362" elapsed="0.000681"/>
</if>
<if>
<branch type="IF" condition="not ${expanded}">
<kw name="Continue For Loop" owner="BuiltIn">
<doc>Skips the current FOR loop iteration and continues from the next.</doc>
<status status="NOT RUN" start="2026-02-28T21:54:08.315256" elapsed="0.000021"/>
</kw>
<status status="NOT RUN" start="2026-02-28T21:54:08.315095" elapsed="0.000210"/>
</branch>
<status status="PASS" start="2026-02-28T21:54:08.315081" elapsed="0.000250"/>
</if>
<kw name="Click Element" owner="SeleniumLibrary">
<msg time="2026-02-28T21:54:08.315629" level="INFO">Clicking element 'xpath=(//div[contains(@class,'route-card')])[1]//button[contains(normalize-space(.),'จองที่นั่ง')]'.</msg>
<arg>${book_btn}</arg>
<doc>Click the element identified by ``locator``.</doc>
<status status="PASS" start="2026-02-28T21:54:08.315392" elapsed="0.040264"/>
</kw>
<kw name="Run Keyword And Return Status" owner="BuiltIn">
<kw name="Wait Until Element Is Visible" owner="SeleniumLibrary">
<arg>xpath=//div[contains(@class,'modal-content')]//h3[contains(normalize-space(.),'ยืนยันการจอง')]</arg>
<arg>8s</arg>
<doc>Waits until the element ``locator`` is visible.</doc>
<status status="PASS" start="2026-02-28T21:54:08.356082" elapsed="0.222884"/>
</kw>
<msg time="2026-02-28T21:54:08.579114" level="INFO">${opened} = True</msg>
<var>${opened}</var>
<arg>Wait Until Element Is Visible</arg>
<arg>xpath=//div[contains(@class,'modal-content')]//h3[contains(normalize-space(.),'ยืนยันการจอง')]</arg>
<arg>8s</arg>
<doc>Runs the specified keyword and returns the status as a Boolean value.</doc>
<status status="PASS" start="2026-02-28T21:54:08.355818" elapsed="0.223326"/>
</kw>
<if>
<branch type="IF" condition="not ${opened}">
<kw name="Continue For Loop" owner="BuiltIn">
<doc>Skips the current FOR loop iteration and continues from the next.</doc>
<status status="NOT RUN" start="2026-02-28T21:54:08.579399" elapsed="0.000021"/>
</kw>
<status status="NOT RUN" start="2026-02-28T21:54:08.579228" elapsed="0.000218"/>
</branch>
<status status="PASS" start="2026-02-28T21:54:08.579206" elapsed="0.000265"/>
</if>
<kw name="Route In Modal Matches Policy">
<kw name="Run Keyword And Return Status" owner="BuiltIn">
<kw name="Page Should Contain Element" owner="SeleniumLibrary">
<msg time="2026-02-28T21:54:08.590945" level="INFO">Current page contains element 'xpath=//span[normalize-space()='มีสัมภาระเกินปกติ']/following::input[@type='checkbox'][1]'.</msg>
<arg>xpath=//span[normalize-space()='มีสัมภาระเกินปกติ']/following::input[@type='checkbox'][1]</arg>
<doc>Verifies that element ``locator`` is found on the current page.</doc>
<status status="PASS" start="2026-02-28T21:54:08.580091" elapsed="0.010924"/>
</kw>
<msg time="2026-02-28T21:54:08.591109" level="INFO">${has_toggle} = True</msg>
<var>${has_toggle}</var>
<arg>Page Should Contain Element</arg>
<arg>xpath=//span[normalize-space()='มีสัมภาระเกินปกติ']/following::input[@type='checkbox'][1]</arg>
<doc>Runs the specified keyword and returns the status as a Boolean value.</doc>
<status status="PASS" start="2026-02-28T21:54:08.579865" elapsed="0.011261"/>
</kw>
<if>
<branch type="IF" condition="'${policy}' == 'NO_LUGGAGE'">
<kw name="Evaluate" owner="BuiltIn">
<msg time="2026-02-28T21:54:08.591591" level="INFO">${ok} = False</msg>
<var>${ok}</var>
<arg>not ${has_toggle}</arg>
<doc>Evaluates the given expression in Python and returns the result.</doc>
<status status="PASS" start="2026-02-28T21:54:08.591357" elapsed="0.000306"/>
</kw>
<return>
<value>${ok}</value>
<status status="PASS" start="2026-02-28T21:54:08.591900" elapsed="0.000157"/>
</return>
<status status="PASS" start="2026-02-28T21:54:08.591192" elapsed="0.001054"/>
</branch>
<status status="PASS" start="2026-02-28T21:54:08.591174" elapsed="0.001144"/>
</if>
<if>
<branch type="IF" condition="not ${has_toggle}">
<return>
<value>${False}</value>
<status status="NOT RUN" start="2026-02-28T21:54:08.592422" elapsed="0.000014"/>
</return>
<status status="NOT RUN" start="2026-02-28T21:54:08.592389" elapsed="0.000071"/>
</branch>
<status status="NOT RUN" start="2026-02-28T21:54:08.592375" elapsed="0.000103"/>
</if>
<kw name="Click Element" owner="SeleniumLibrary">
<arg>xpath=//span[normalize-space()='มีสัมภาระเกินปกติ']/following::input[@type='checkbox'][1]</arg>
<doc>Click the element identified by ``locator``.</doc>
<status status="NOT RUN" start="2026-02-28T21:54:08.592547" elapsed="0.000019"/>
</kw>
<kw name="Run Keyword And Return Status" owner="BuiltIn">
<var>${has_medium}</var>
<arg>Page Should Contain</arg>
<arg>ไม่เกิน 24 นิ้ว</arg>
<doc>Runs the specified keyword and returns the status as a Boolean value.</doc>
<status status="NOT RUN" start="2026-02-28T21:54:08.592631" elapsed="0.000014"/>
</kw>
<kw name="Run Keyword And Return Status" owner="BuiltIn">
<var>${has_large}</var>
<arg>Page Should Contain</arg>
<arg>ไม่เกิน 28 นิ้ว</arg>
<doc>Runs the specified keyword and returns the status as a Boolean value.</doc>
<status status="NOT RUN" start="2026-02-28T21:54:08.592695" elapsed="0.000012"/>
</kw>
<kw name="Run Keyword And Return Status" owner="BuiltIn">
<var>${has_extra}</var>
<arg>Page Should Contain</arg>
<arg>สัมภาระพิเศษ</arg>
<doc>Runs the specified keyword and returns the status as a Boolean value.</doc>
<status status="NOT RUN" start="2026-02-28T21:54:08.592750" elapsed="0.000011"/>
</kw>
<if>
<branch type="IF" condition="'${policy}' == 'MEDIUM'">
<kw name="Evaluate" owner="BuiltIn">
<var>${ok}</var>
<arg>${has_medium} and (not ${has_large}) and (not ${has_extra})</arg>
<doc>Evaluates the given expression in Python and returns the result.</doc>
<status status="NOT RUN" start="2026-02-28T21:54:08.592846" elapsed="0.000013"/>
</kw>
<return>
<value>${ok}</value>
<status status="NOT RUN" start="2026-02-28T21:54:08.592883" elapsed="0.000011"/>
</return>
<status status="NOT RUN" start="2026-02-28T21:54:08.592798" elapsed="0.000114"/>
</branch>
<branch type="ELSE IF" condition="'${policy}' == 'LARGE'">
<kw name="Evaluate" owner="BuiltIn">
<var>${ok}</var>
<arg>${has_medium} and ${has_large} and (not ${has_extra})</arg>
<doc>Evaluates the given expression in Python and returns the result.</doc>
<status status="NOT RUN" start="2026-02-28T21:54:08.592970" elapsed="0.000012"/>
</kw>
<return>
<value>${ok}</value>
<status status="NOT RUN" start="2026-02-28T21:54:08.593003" elapsed="0.000010"/>
</return>
<status status="NOT RUN" start="2026-02-28T21:54:08.592928" elapsed="0.000100"/>
</branch>
<branch type="ELSE IF" condition="'${policy}' == 'EXTRA_LARGE'">
<kw name="Evaluate" owner="BuiltIn">
<var>${ok}</var>
<arg>${has_medium} and ${has_large} and ${has_extra}</arg>
<doc>Evaluates the given expression in Python and returns the result.</doc>
<status status="NOT RUN" start="2026-02-28T21:54:08.593082" elapsed="0.000012"/>
</kw>
<return>
<value>${ok}</value>
<status status="NOT RUN" start="2026-02-28T21:54:08.593115" elapsed="0.000009"/>
</return>
<status status="NOT RUN" start="2026-02-28T21:54:08.593043" elapsed="0.000097"/>
</branch>
<branch type="ELSE">
<kw name="Fail" owner="BuiltIn">
<arg>Unknown policy '${policy}'</arg>
<doc>Fails the test with the given message and optionally alters its tags.</doc>
<status status="NOT RUN" start="2026-02-28T21:54:08.593198" elapsed="0.000012"/>
</kw>
<status status="NOT RUN" start="2026-02-28T21:54:08.593154" elapsed="0.000074"/>
</branch>
<status status="NOT RUN" start="2026-02-28T21:54:08.592790" elapsed="0.000454"/>
</if>
<msg time="2026-02-28T21:54:08.593333" level="INFO">${match} = False</msg>
<var>${match}</var>
<arg>${policy}</arg>
<status status="PASS" start="2026-02-28T21:54:08.579669" elapsed="0.013684"/>
</kw>
<if>
<branch type="IF" condition="${match}">
<kw name="Strip String" owner="String">
<var>${title}</var>
<arg>${title}</arg>
<doc>Remove leading and/or trailing whitespaces from the given string.</doc>
<status status="NOT RUN" start="2026-02-28T21:54:08.593491" elapsed="0.000015"/>
</kw>
<kw name="Log To Console" owner="BuiltIn">
<arg>FOUND ${policy}: ${title}</arg>
<doc>Logs the given message to the console.</doc>
<status status="NOT RUN" start="2026-02-28T21:54:08.593552" elapsed="0.000013"/>
</kw>
<return>
<value>${title}</value>
<status status="NOT RUN" start="2026-02-28T21:54:08.593587" elapsed="0.000011"/>
</return>
<status status="NOT RUN" start="2026-02-28T21:54:08.593394" elapsed="0.000222"/>
</branch>
<status status="PASS" start="2026-02-28T21:54:08.593386" elapsed="0.000246"/>
</if>
<var name="${i}">1</var>
<status status="PASS" start="2026-02-28T21:54:07.035510" elapsed="1.558135"/>
</iter>
<iter>
<kw name="Go To" owner="SeleniumLibrary">
<msg time="2026-02-28T21:54:08.593939" level="INFO">Opening url 'http://localhost:3001/findTrip'</msg>
<arg>${BASE_URL}/findTrip</arg>
<doc>Navigates the current browser window to the provided ``url``.</doc>
<status status="PASS" start="2026-02-28T21:54:08.593851" elapsed="0.066926"/>
</kw>
<kw name="Wait Until Element Is Visible" owner="SeleniumLibrary">
<arg>xpath=(//div[contains(@class,'route-card')])[1]</arg>
<arg>20s</arg>
<doc>Waits until the element ``locator`` is visible.</doc>
<status status="PASS" start="2026-02-28T21:54:08.660896" elapsed="0.655114"/>
</kw>
<kw name="Set Variable" owner="BuiltIn">
<msg time="2026-02-28T21:54:09.316480" level="INFO">${card} = xpath=(//div[contains(@class,'route-card')])[2]</msg>
<var>${card}</var>
<arg>xpath=(//div[contains(@class,'route-card')])[${i}]</arg>
<doc>Returns the given values which can then be assigned to a variables.</doc>
<status status="PASS" start="2026-02-28T21:54:09.316168" elapsed="0.000337"/>
</kw>
<kw name="Scroll Element Into View" owner="SeleniumLibrary">
<arg>${card}</arg>
<doc>Scrolls the element identified by ``locator`` into view.</doc>
<status status="PASS" start="2026-02-28T21:54:09.316593" elapsed="0.273325"/>
</kw>
<kw name="Get Text" owner="SeleniumLibrary">
<msg time="2026-02-28T21:54:09.609624" level="INFO">${title} = แปซิฟิก ดีไชน์ → ผาหำหด</msg>
<var>${title}</var>
<arg>${card}//h1[1]</arg>
<doc>Returns the text value of the element identified by ``locator``.</doc>
<status status="PASS" start="2026-02-28T21:54:09.590170" elapsed="0.019504"/>
</kw>
<kw name="Click Element" owner="SeleniumLibrary">
<msg time="2026-02-28T21:54:09.610057" level="INFO">Clicking element 'xpath=(//div[contains(@class,'route-card')])[2]'.</msg>
<arg>${card}</arg>
<doc>Click the element identified by ``locator``.</doc>
<status status="PASS" start="2026-02-28T21:54:09.609842" elapsed="0.036790"/>
</kw>
<kw name="Set Variable" owner="BuiltIn">
<msg time="2026-02-28T21:54:09.647179" level="INFO">${book_btn} = xpath=(//div[contains(@class,'route-card')])[2]//button[contains(normalize-space(.),'จองที่นั่ง')]</msg>
<var>${book_btn}</var>
<arg>${card}//button[contains(normalize-space(.),'จองที่นั่ง')]</arg>
<doc>Returns the given values which can then be assigned to a variables.</doc>
<status status="PASS" start="2026-02-28T21:54:09.646788" elapsed="0.000542"/>
</kw>
<kw name="Run Keyword And Return Status" owner="BuiltIn">
<kw name="Wait Until Element Is Visible" owner="SeleniumLibrary">
<arg>${book_btn}</arg>
<arg>4s</arg>
<doc>Waits until the element ``locator`` is visible.</doc>
<status status="PASS" start="2026-02-28T21:54:09.647756" elapsed="0.010841"/>
</kw>
<msg time="2026-02-28T21:54:09.658691" level="INFO">${expanded} = True</msg>
<var>${expanded}</var>
<arg>Wait Until Element Is Visible</arg>
<arg>${book_btn}</arg>
<arg>4s</arg>
<doc>Runs the specified keyword and returns the status as a Boolean value.</doc>
<status status="PASS" start="2026-02-28T21:54:09.647530" elapsed="0.011179"/>
</kw>
<if>
<branch type="IF" condition="not ${expanded}">
<kw name="Click Element" owner="SeleniumLibrary">
<arg>${card}</arg>
<doc>Click the element identified by ``locator``.</doc>
<status status="NOT RUN" start="2026-02-28T21:54:09.658906" elapsed="0.000015"/>
</kw>
<kw name="Run Keyword And Return Status" owner="BuiltIn">
<var>${expanded}</var>
<arg>Wait Until Element Is Visible</arg>
<arg>${book_btn}</arg>
<arg>3s</arg>
<doc>Runs the specified keyword and returns the status as a Boolean value.</doc>
<status status="NOT RUN" start="2026-02-28T21:54:09.658972" elapsed="0.000012"/>
</kw>
<status status="NOT RUN" start="2026-02-28T21:54:09.658770" elapsed="0.000234"/>
</branch>
<status status="PASS" start="2026-02-28T21:54:09.658755" elapsed="0.000268"/>
</if>
<if>
<branch type="IF" condition="not ${expanded}">
<kw name="Continue For Loop" owner="BuiltIn">
<doc>Skips the current FOR loop iteration and continues from the next.</doc>
<status status="NOT RUN" start="2026-02-28T21:54:09.659124" elapsed="0.000011"/>
</kw>
<status status="NOT RUN" start="2026-02-28T21:54:09.659049" elapsed="0.000102"/>
</branch>
<status status="PASS" start="2026-02-28T21:54:09.659042" elapsed="0.000124"/>
</if>
<kw name="Click Element" owner="SeleniumLibrary">
<msg time="2026-02-28T21:54:09.659308" level="INFO">Clicking element 'xpath=(//div[contains(@class,'route-card')])[2]//button[contains(normalize-space(.),'จองที่นั่ง')]'.</msg>
<arg>${book_btn}</arg>
<doc>Click the element identified by ``locator``.</doc>
<status status="PASS" start="2026-02-28T21:54:09.659198" elapsed="0.027992"/>
</kw>
<kw name="Run Keyword And Return Status" owner="BuiltIn">
<kw name="Wait Until Element Is Visible" owner="SeleniumLibrary">
<arg>xpath=//div[contains(@class,'modal-content')]//h3[contains(normalize-space(.),'ยืนยันการจอง')]</arg>
<arg>8s</arg>
<doc>Waits until the element ``locator`` is visible.</doc>
<status status="PASS" start="2026-02-28T21:54:09.687599" elapsed="0.218084"/>
</kw>
<msg time="2026-02-28T21:54:09.905902" level="INFO">${opened} = True</msg>
<var>${opened}</var>
<arg>Wait Until Element Is Visible</arg>
<arg>xpath=//div[contains(@class,'modal-content')]//h3[contains(normalize-space(.),'ยืนยันการจอง')]</arg>
<arg>8s</arg>
<doc>Runs the specified keyword and returns the status as a Boolean value.</doc>
<status status="PASS" start="2026-02-28T21:54:09.687339" elapsed="0.218587"/>
</kw>
<if>
<branch type="IF" condition="not ${opened}">
<kw name="Continue For Loop" owner="BuiltIn">
<doc>Skips the current FOR loop iteration and continues from the next.</doc>
<status status="NOT RUN" start="2026-02-28T21:54:09.906344" elapsed="0.000019"/>
</kw>
<status status="NOT RUN" start="2026-02-28T21:54:09.906024" elapsed="0.000360"/>
</branch>
<status status="PASS" start="2026-02-28T21:54:09.905998" elapsed="0.000435"/>
</if>
<kw name="Route In Modal Matches Policy">
<kw name="Run Keyword And Return Status" owner="BuiltIn">
<kw name="Page Should Contain Element" owner="SeleniumLibrary">
<msg time="2026-02-28T21:54:09.910860" level="INFO">Current page contains element 'xpath=//span[normalize-space()='มีสัมภาระเกินปกติ']/following::input[@type='checkbox'][1]'.</msg>
<arg>xpath=//span[normalize-space()='มีสัมภาระเกินปกติ']/following::input[@type='checkbox'][1]</arg>
<doc>Verifies that element ``locator`` is found on the current page.</doc>
<status status="PASS" start="2026-02-28T21:54:09.907003" elapsed="0.003908"/>
</kw>
<msg time="2026-02-28T21:54:09.910980" level="INFO">${has_toggle} = True</msg>
<var>${has_toggle}</var>
<arg>Page Should Contain Element</arg>
<arg>xpath=//span[normalize-space()='มีสัมภาระเกินปกติ']/following::input[@type='checkbox'][1]</arg>
<doc>Runs the specified keyword and returns the status as a Boolean value.</doc>
<status status="PASS" start="2026-02-28T21:54:09.906817" elapsed="0.004176"/>
</kw>
<if>
<branch type="IF" condition="'${policy}' == 'NO_LUGGAGE'">
<kw name="Evaluate" owner="BuiltIn">
<msg time="2026-02-28T21:54:09.911371" level="INFO">${ok} = False</msg>
<var>${ok}</var>
<arg>not ${has_toggle}</arg>
<doc>Evaluates the given expression in Python and returns the result.</doc>
<status status="PASS" start="2026-02-28T21:54:09.911184" elapsed="0.000232"/>
</kw>
<return>
<value>${ok}</value>
<status status="PASS" start="2026-02-28T21:54:09.911448" elapsed="0.000029"/>
</return>
<status status="PASS" start="2026-02-28T21:54:09.911045" elapsed="0.000455"/>
</branch>
<status status="PASS" start="2026-02-28T21:54:09.911030" elapsed="0.000488"/>
</if>
<if>
<branch type="IF" condition="not ${has_toggle}">
<return>
<value>${False}</value>
<status status="NOT RUN" start="2026-02-28T21:54:09.911568" elapsed="0.000009"/>
</return>
<status status="NOT RUN" start="2026-02-28T21:54:09.911549" elapsed="0.000044"/>
</branch>
<status status="NOT RUN" start="2026-02-28T21:54:09.911541" elapsed="0.000065"/>
</if>
<kw name="Click Element" owner="SeleniumLibrary">
<arg>xpath=//span[normalize-space()='มีสัมภาระเกินปกติ']/following::input[@type='checkbox'][1]</arg>
<doc>Click the element identified by ``locator``.</doc>
<status status="NOT RUN" start="2026-02-28T21:54:09.911650" elapsed="0.000011"/>
</kw>
<kw name="Run Keyword And Return Status" owner="BuiltIn">
<var>${has_medium}</var>
<arg>Page Should Contain</arg>
<arg>ไม่เกิน 24 นิ้ว</arg>
<doc>Runs the specified keyword and returns the status as a Boolean value.</doc>
<status status="NOT RUN" start="2026-02-28T21:54:09.911707" elapsed="0.000011"/>
</kw>
<kw name="Run Keyword And Return Status" owner="BuiltIn">
<var>${has_large}</var>
<arg>Page Should Contain</arg>
<arg>ไม่เกิน 28 นิ้ว</arg>
<doc>Runs the specified keyword and returns the status as a Boolean value.</doc>
<status status="NOT RUN" start="2026-02-28T21:54:09.911759" elapsed="0.000011"/>
</kw>
<kw name="Run Keyword And Return Status" owner="BuiltIn">
<var>${has_extra}</var>
<arg>Page Should Contain</arg>
<arg>สัมภาระพิเศษ</arg>
<doc>Runs the specified keyword and returns the status as a Boolean value.</doc>
<status status="NOT RUN" start="2026-02-28T21:54:09.911808" elapsed="0.000010"/>
</kw>
<if>
<branch type="IF" condition="'${policy}' == 'MEDIUM'">
<kw name="Evaluate" owner="BuiltIn">
<var>${ok}</var>
<arg>${has_medium} and (not ${has_large}) and (not ${has_extra})</arg>
<doc>Evaluates the given expression in Python and returns the result.</doc>
<status status="NOT RUN" start="2026-02-28T21:54:09.911891" elapsed="0.000010"/>
</kw>
<return>
<value>${ok}</value>
<status status="NOT RUN" start="2026-02-28T21:54:09.911921" elapsed="0.000009"/>
</return>
<status status="NOT RUN" start="2026-02-28T21:54:09.911849" elapsed="0.000095"/>
</branch>
<branch type="ELSE IF" condition="'${policy}' == 'LARGE'">
<kw name="Evaluate" owner="BuiltIn">
<var>${ok}</var>
<arg>${has_medium} and ${has_large} and (not ${has_extra})</arg>
<doc>Evaluates the given expression in Python and returns the result.</doc>
<status status="NOT RUN" start="2026-02-28T21:54:09.911992" elapsed="0.000009"/>
</kw>
<return>
<value>${ok}</value>
<status status="NOT RUN" start="2026-02-28T21:54:09.912019" elapsed="0.000007"/>
</return>
<status status="NOT RUN" start="2026-02-28T21:54:09.911958" elapsed="0.000082"/>
</branch>
<branch type="ELSE IF" condition="'${policy}' == 'EXTRA_LARGE'">
<kw name="Evaluate" owner="BuiltIn">
<var>${ok}</var>
<arg>${has_medium} and ${has_large} and ${has_extra}</arg>
<doc>Evaluates the given expression in Python and returns the result.</doc>
<status status="NOT RUN" start="2026-02-28T21:54:09.912086" elapsed="0.000010"/>
</kw>
<return>
<value>${ok}</value>
<status status="NOT RUN" start="2026-02-28T21:54:09.912115" elapsed="0.000007"/>
</return>
<status status="NOT RUN" start="2026-02-28T21:54:09.912053" elapsed="0.000082"/>
</branch>
<branch type="ELSE">
<kw name="Fail" owner="BuiltIn">
<arg>Unknown policy '${policy}'</arg>
<doc>Fails the test with the given message and optionally alters its tags.</doc>
<status status="NOT RUN" start="2026-02-28T21:54:09.912181" elapsed="0.000011"/>
</kw>
<status status="NOT RUN" start="2026-02-28T21:54:09.912147" elapsed="0.000061"/>
</branch>
<status status="NOT RUN" start="2026-02-28T21:54:09.911841" elapsed="0.000380"/>
</if>
<msg time="2026-02-28T21:54:09.912277" level="INFO">${match} = False</msg>
<var>${match}</var>
<arg>${policy}</arg>
<status status="PASS" start="2026-02-28T21:54:09.906634" elapsed="0.005656"/>
</kw>
<if>
<branch type="IF" condition="${match}">
<kw name="Strip String" owner="String">
<var>${title}</var>
<arg>${title}</arg>
<doc>Remove leading and/or trailing whitespaces from the given string.</doc>
<status status="NOT RUN" start="2026-02-28T21:54:09.912372" elapsed="0.000011"/>
</kw>
<kw name="Log To Console" owner="BuiltIn">
<arg>FOUND ${policy}: ${title}</arg>
<doc>Logs the given message to the console.</doc>
<status status="NOT RUN" start="2026-02-28T21:54:09.912419" elapsed="0.000011"/>
</kw>
<return>
<value>${title}</value>
<status status="NOT RUN" start="2026-02-28T21:54:09.912447" elapsed="0.000009"/>
</return>
<status status="NOT RUN" start="2026-02-28T21:54:09.912322" elapsed="0.000149"/>
</branch>
<status status="PASS" start="2026-02-28T21:54:09.912315" elapsed="0.000169"/>
</if>
<var name="${i}">2</var>
<status status="PASS" start="2026-02-28T21:54:08.593806" elapsed="1.318688"/>
</iter>
<iter>
<kw name="Go To" owner="SeleniumLibrary">
<msg time="2026-02-28T21:54:09.912722" level="INFO">Opening url 'http://localhost:3001/findTrip'</msg>
<arg>${BASE_URL}/findTrip</arg>
<doc>Navigates the current browser window to the provided ``url``.</doc>
<status status="PASS" start="2026-02-28T21:54:09.912659" elapsed="0.062993"/>
</kw>
<kw name="Wait Until Element Is Visible" owner="SeleniumLibrary">
<arg>xpath=(//div[contains(@class,'route-card')])[1]</arg>
<arg>20s</arg>
<doc>Waits until the element ``locator`` is visible.</doc>
<status status="PASS" start="2026-02-28T21:54:09.975776" elapsed="0.856112"/>
</kw>
<kw name="Set Variable" owner="BuiltIn">
<msg time="2026-02-28T21:54:10.832561" level="INFO">${card} = xpath=(//div[contains(@class,'route-card')])[3]</msg>
<var>${card}</var>
<arg>xpath=(//div[contains(@class,'route-card')])[${i}]</arg>
<doc>Returns the given values which can then be assigned to a variables.</doc>
<status status="PASS" start="2026-02-28T21:54:10.832115" elapsed="0.000483"/>
</kw>
<kw name="Scroll Element Into View" owner="SeleniumLibrary">
<arg>${card}</arg>
<doc>Scrolls the element identified by ``locator`` into view.</doc>
<status status="PASS" start="2026-02-28T21:54:10.832722" elapsed="0.271330"/>
</kw>
<kw name="Get Text" owner="SeleniumLibrary">
<msg time="2026-02-28T21:54:11.122644" level="INFO">${title} = 50 ต.นาดี อ.เมืองอุดรธานี จ.อุดรธานี 41000 → ฟุกหยวน</msg>
<var>${title}</var>
<arg>${card}//h1[1]</arg>
<doc>Returns the text value of the element identified by ``locator``.</doc>
<status status="PASS" start="2026-02-28T21:54:11.104296" elapsed="0.018397"/>
</kw>
<kw name="Click Element" owner="SeleniumLibrary">
<msg time="2026-02-28T21:54:11.123059" level="INFO">Clicking element 'xpath=(//div[contains(@class,'route-card')])[3]'.</msg>
<arg>${card}</arg>
<doc>Click the element identified by ``locator``.</doc>
<status status="PASS" start="2026-02-28T21:54:11.122852" elapsed="0.035099"/>
</kw>
<kw name="Set Variable" owner="BuiltIn">
<msg time="2026-02-28T21:54:11.158343" level="INFO">${book_btn} = xpath=(//div[contains(@class,'route-card')])[3]//button[contains(normalize-space(.),'จองที่นั่ง')]</msg>
<var>${book_btn}</var>
<arg>${card}//button[contains(normalize-space(.),'จองที่นั่ง')]</arg>
<doc>Returns the given values which can then be assigned to a variables.</doc>
<status status="PASS" start="2026-02-28T21:54:11.158091" elapsed="0.000275"/>
</kw>
<kw name="Run Keyword And Return Status" owner="BuiltIn">
<kw name="Wait Until Element Is Visible" owner="SeleniumLibrary">
<arg>${book_btn}</arg>
<arg>4s</arg>
<doc>Waits until the element ``locator`` is visible.</doc>
<status status="PASS" start="2026-02-28T21:54:11.158612" elapsed="0.223973"/>
</kw>
<msg time="2026-02-28T21:54:11.383371" level="INFO">${expanded} = True</msg>
<var>${expanded}</var>
<arg>Wait Until Element Is Visible</arg>
<arg>${book_btn}</arg>
<arg>4s</arg>
<doc>Runs the specified keyword and returns the status as a Boolean value.</doc>
<status status="PASS" start="2026-02-28T21:54:11.158444" elapsed="0.224962"/>
</kw>
<if>
<branch type="IF" condition="not ${expanded}">
<kw name="Click Element" owner="SeleniumLibrary">
<arg>${card}</arg>
<doc>Click the element identified by ``locator``.</doc>
<status status="NOT RUN" start="2026-02-28T21:54:11.383752" elapsed="0.000036"/>
</kw>
<kw name="Run Keyword And Return Status" owner="BuiltIn">
<var>${expanded}</var>
<arg>Wait Until Element Is Visible</arg>
<arg>${book_btn}</arg>
<arg>3s</arg>
<doc>Runs the specified keyword and returns the status as a Boolean value.</doc>
<status status="NOT RUN" start="2026-02-28T21:54:11.383870" elapsed="0.000017"/>
</kw>
<status status="NOT RUN" start="2026-02-28T21:54:11.383509" elapsed="0.000404"/>
</branch>
<status status="PASS" start="2026-02-28T21:54:11.383483" elapsed="0.000456"/>
</if>
<if>
<branch type="IF" condition="not ${expanded}">
<kw name="Continue For Loop" owner="BuiltIn">
<doc>Skips the current FOR loop iteration and continues from the next.</doc>
<status status="NOT RUN" start="2026-02-28T21:54:11.384076" elapsed="0.000014"/>
</kw>
<status status="NOT RUN" start="2026-02-28T21:54:11.383975" elapsed="0.000135"/>
</branch>
<status status="PASS" start="2026-02-28T21:54:11.383966" elapsed="0.000161"/>
</if>
<kw name="Click Element" owner="SeleniumLibrary">
<msg time="2026-02-28T21:54:11.384320" level="INFO">Clicking element 'xpath=(//div[contains(@class,'route-card')])[3]//button[contains(normalize-space(.),'จองที่นั่ง')]'.</msg>
<arg>${book_btn}</arg>
<doc>Click the element identified by ``locator``.</doc>
<status status="PASS" start="2026-02-28T21:54:11.384169" elapsed="0.025722"/>
</kw>
<kw name="Run Keyword And Return Status" owner="BuiltIn">
<kw name="Wait Until Element Is Visible" owner="SeleniumLibrary">
<arg>xpath=//div[contains(@class,'modal-content')]//h3[contains(normalize-space(.),'ยืนยันการจอง')]</arg>
<arg>8s</arg>
<doc>Waits until the element ``locator`` is visible.</doc>
<status status="PASS" start="2026-02-28T21:54:11.410280" elapsed="0.223718"/>
</kw>
<msg time="2026-02-28T21:54:11.634441" level="INFO">${opened} = True</msg>
<var>${opened}</var>
<arg>Wait Until Element Is Visible</arg>
<arg>xpath=//div[contains(@class,'modal-content')]//h3[contains(normalize-space(.),'ยืนยันการจอง')]</arg>
<arg>8s</arg>
<doc>Runs the specified keyword and returns the status as a Boolean value.</doc>
<status status="PASS" start="2026-02-28T21:54:11.410023" elapsed="0.224462"/>
</kw>
<if>
<branch type="IF" condition="not ${opened}">
<kw name="Continue For Loop" owner="BuiltIn">
<doc>Skips the current FOR loop iteration and continues from the next.</doc>
<status status="NOT RUN" start="2026-02-28T21:54:11.635014" elapsed="0.000034"/>
</kw>
<status status="NOT RUN" start="2026-02-28T21:54:11.634676" elapsed="0.000416"/>
</branch>
<status status="PASS" start="2026-02-28T21:54:11.634601" elapsed="0.000522"/>
</if>
<kw name="Route In Modal Matches Policy">
<kw name="Run Keyword And Return Status" owner="BuiltIn">
<kw name="Page Should Contain Element" owner="SeleniumLibrary">
<msg time="2026-02-28T21:54:11.641851" level="INFO">Current page contains element 'xpath=//span[normalize-space()='มีสัมภาระเกินปกติ']/following::input[@type='checkbox'][1]'.</msg>
<arg>xpath=//span[normalize-space()='มีสัมภาระเกินปกติ']/following::input[@type='checkbox'][1]</arg>
<doc>Verifies that element ``locator`` is found on the current page.</doc>
<status status="PASS" start="2026-02-28T21:54:11.635917" elapsed="0.005989"/>
</kw>
<msg time="2026-02-28T21:54:11.641989" level="INFO">${has_toggle} = True</msg>
<var>${has_toggle}</var>
<arg>Page Should Contain Element</arg>
<arg>xpath=//span[normalize-space()='มีสัมภาระเกินปกติ']/following::input[@type='checkbox'][1]</arg>
<doc>Runs the specified keyword and returns the status as a Boolean value.</doc>
<status status="PASS" start="2026-02-28T21:54:11.635652" elapsed="0.006354"/>
</kw>
<if>
<branch type="IF" condition="'${policy}' == 'NO_LUGGAGE'">
<kw name="Evaluate" owner="BuiltIn">
<msg time="2026-02-28T21:54:11.642465" level="INFO">${ok} = False</msg>
<var>${ok}</var>
<arg>not ${has_toggle}</arg>
<doc>Evaluates the given expression in Python and returns the result.</doc>
<status status="PASS" start="2026-02-28T21:54:11.642224" elapsed="0.000260"/>
</kw>
<return>
<value>${ok}</value>
<status status="PASS" start="2026-02-28T21:54:11.642522" elapsed="0.000035"/>
</return>
<status status="PASS" start="2026-02-28T21:54:11.642068" elapsed="0.000518"/>
</branch>
<status status="PASS" start="2026-02-28T21:54:11.642052" elapsed="0.000555"/>
</if>
<if>
<branch type="IF" condition="not ${has_toggle}">
<return>
<value>${False}</value>
<status status="NOT RUN" start="2026-02-28T21:54:11.642671" elapsed="0.000012"/>
</return>
<status status="NOT RUN" start="2026-02-28T21:54:11.642645" elapsed="0.000058"/>
</branch>
<status status="NOT RUN" start="2026-02-28T21:54:11.642636" elapsed="0.000085"/>
</if>
<kw name="Click Element" owner="SeleniumLibrary">
<arg>xpath=//span[normalize-space()='มีสัมภาระเกินปกติ']/following::input[@type='checkbox'][1]</arg>
<doc>Click the element identified by ``locator``.</doc>
<status status="NOT RUN" start="2026-02-28T21:54:11.642779" elapsed="0.000017"/>
</kw>
<kw name="Run Keyword And Return Status" owner="BuiltIn">
<var>${has_medium}</var>
<arg>Page Should Contain</arg>
<arg>ไม่เกิน 24 นิ้ว</arg>
<doc>Runs the specified keyword and returns the status as a Boolean value.</doc>
<status status="NOT RUN" start="2026-02-28T21:54:11.642858" elapsed="0.000015"/>
</kw>
<kw name="Run Keyword And Return Status" owner="BuiltIn">
<var>${has_large}</var>
<arg>Page Should Contain</arg>
<arg>ไม่เกิน 28 นิ้ว</arg>
<doc>Runs the specified keyword and returns the status as a Boolean value.</doc>
<status status="NOT RUN" start="2026-02-28T21:54:11.642927" elapsed="0.000013"/>
</kw>
<kw name="Run Keyword And Return Status" owner="BuiltIn">
<var>${has_extra}</var>
<arg>Page Should Contain</arg>
<arg>สัมภาระพิเศษ</arg>
<doc>Runs the specified keyword and returns the status as a Boolean value.</doc>
<status status="NOT RUN" start="2026-02-28T21:54:11.642993" elapsed="0.000014"/>
</kw>
<if>
<branch type="IF" condition="'${policy}' == 'MEDIUM'">
<kw name="Evaluate" owner="BuiltIn">
<var>${ok}</var>
<arg>${has_medium} and (not ${has_large}) and (not ${has_extra})</arg>
<doc>Evaluates the given expression in Python and returns the result.</doc>
<status status="NOT RUN" start="2026-02-28T21:54:11.643100" elapsed="0.000013"/>
</kw>
<return>
<value>${ok}</value>
<status status="NOT RUN" start="2026-02-28T21:54:11.643139" elapsed="0.000012"/>
</return>
<status status="NOT RUN" start="2026-02-28T21:54:11.643050" elapsed="0.000121"/>
</branch>
<branch type="ELSE IF" condition="'${policy}' == 'LARGE'">
<kw name="Evaluate" owner="BuiltIn">
<var>${ok}</var>
<arg>${has_medium} and ${has_large} and (not ${has_extra})</arg>
<doc>Evaluates the given expression in Python and returns the result.</doc>
<status status="NOT RUN" start="2026-02-28T21:54:11.643236" elapsed="0.000014"/>
</kw>
<return>
<value>${ok}</value>
<status status="NOT RUN" start="2026-02-28T21:54:11.643275" elapsed="0.000010"/>
</return>
<status status="NOT RUN" start="2026-02-28T21:54:11.643188" elapsed="0.000115"/>
</branch>
<branch type="ELSE IF" condition="'${policy}' == 'EXTRA_LARGE'">
<kw name="Evaluate" owner="BuiltIn">
<var>${ok}</var>
<arg>${has_medium} and ${has_large} and ${has_extra}</arg>
<doc>Evaluates the given expression in Python and returns the result.</doc>
<status status="NOT RUN" start="2026-02-28T21:54:11.643365" elapsed="0.000013"/>
</kw>
<return>
<value>${ok}</value>
<status status="NOT RUN" start="2026-02-28T21:54:11.643404" elapsed="0.000011"/>
</return>
<status status="NOT RUN" start="2026-02-28T21:54:11.643320" elapsed="0.000170"/>
</branch>
<branch type="ELSE">
<kw name="Fail" owner="BuiltIn">
<arg>Unknown policy '${policy}'</arg>
<doc>Fails the test with the given message and optionally alters its tags.</doc>
<status status="NOT RUN" start="2026-02-28T21:54:11.643561" elapsed="0.000013"/>
</kw>
<status status="NOT RUN" start="2026-02-28T21:54:11.643509" elapsed="0.000085"/>
</branch>
<status status="NOT RUN" start="2026-02-28T21:54:11.643036" elapsed="0.000579"/>
</if>
<msg time="2026-02-28T21:54:11.643692" level="INFO">${match} = False</msg>
<var>${match}</var>
<arg>${policy}</arg>
<status status="PASS" start="2026-02-28T21:54:11.635404" elapsed="0.008304"/>
</kw>
<if>
<branch type="IF" condition="${match}">
<kw name="Strip String" owner="String">
<var>${title}</var>
<arg>${title}</arg>
<doc>Remove leading and/or trailing whitespaces from the given string.</doc>
<status status="NOT RUN" start="2026-02-28T21:54:11.643822" elapsed="0.000015"/>
</kw>
<kw name="Log To Console" owner="BuiltIn">
<arg>FOUND ${policy}: ${title}</arg>
<doc>Logs the given message to the console.</doc>
<status status="NOT RUN" start="2026-02-28T21:54:11.643894" elapsed="0.000015"/>
</kw>
<return>
<value>${title}</value>
<status status="NOT RUN" start="2026-02-28T21:54:11.643934" elapsed="0.000013"/>
</return>
<status status="NOT RUN" start="2026-02-28T21:54:11.643752" elapsed="0.000214"/>
</branch>
<status status="PASS" start="2026-02-28T21:54:11.643743" elapsed="0.000240"/>
</if>
<var name="${i}">3</var>
<status status="PASS" start="2026-02-28T21:54:09.912623" elapsed="1.731374"/>
</iter>
<iter>
<kw name="Go To" owner="SeleniumLibrary">
<msg time="2026-02-28T21:54:11.644316" level="INFO">Opening url 'http://localhost:3001/findTrip'</msg>
<arg>${BASE_URL}/findTrip</arg>
<doc>Navigates the current browser window to the provided ``url``.</doc>
<status status="PASS" start="2026-02-28T21:54:11.644230" elapsed="0.067407"/>
</kw>
<kw name="Wait Until Element Is Visible" owner="SeleniumLibrary">
<arg>xpath=(//div[contains(@class,'route-card')])[1]</arg>
<arg>20s</arg>
<doc>Waits until the element ``locator`` is visible.</doc>
<status status="PASS" start="2026-02-28T21:54:11.711763" elapsed="0.646869"/>
</kw>
<kw name="Set Variable" owner="BuiltIn">
<msg time="2026-02-28T21:54:12.359142" level="INFO">${card} = xpath=(//div[contains(@class,'route-card')])[4]</msg>
<var>${card}</var>
<arg>xpath=(//div[contains(@class,'route-card')])[${i}]</arg>
<doc>Returns the given values which can then be assigned to a variables.</doc>
<status status="PASS" start="2026-02-28T21:54:12.358804" elapsed="0.000365"/>
</kw>
<kw name="Scroll Element Into View" owner="SeleniumLibrary">
<arg>${card}</arg>
<doc>Scrolls the element identified by ``locator`` into view.</doc>
<status status="PASS" start="2026-02-28T21:54:12.359264" elapsed="0.278167"/>
</kw>
<kw name="Get Text" owner="SeleniumLibrary">
<msg time="2026-02-28T21:54:12.658430" level="INFO">${title} = กุฉินาราย์ → สหกมล</msg>
<var>${title}</var>
<arg>${card}//h1[1]</arg>
<doc>Returns the text value of the element identified by ``locator``.</doc>
<status status="PASS" start="2026-02-28T21:54:12.638107" elapsed="0.020374"/>
</kw>
<kw name="Click Element" owner="SeleniumLibrary">
<msg time="2026-02-28T21:54:12.658856" level="INFO">Clicking element 'xpath=(//div[contains(@class,'route-card')])[4]'.</msg>
<arg>${card}</arg>
<doc>Click the element identified by ``locator``.</doc>
<status status="PASS" start="2026-02-28T21:54:12.658644" elapsed="0.052761"/>
</kw>
<kw name="Set Variable" owner="BuiltIn">
<msg time="2026-02-28T21:54:12.716419" level="INFO">${book_btn} = xpath=(//div[contains(@class,'route-card')])[4]//button[contains(normalize-space(.),'จองที่นั่ง')]</msg>
<var>${book_btn}</var>
<arg>${card}//button[contains(normalize-space(.),'จองที่นั่ง')]</arg>
<doc>Returns the given values which can then be assigned to a variables.</doc>
<status status="PASS" start="2026-02-28T21:54:12.712491" elapsed="0.003990"/>
</kw>
<kw name="Run Keyword And Return Status" owner="BuiltIn">
<kw name="Wait Until Element Is Visible" owner="SeleniumLibrary">
<arg>${book_btn}</arg>
<arg>4s</arg>
<doc>Waits until the element ``locator`` is visible.</doc>
<status status="PASS" start="2026-02-28T21:54:12.718922" elapsed="0.237657"/>
</kw>
<msg time="2026-02-28T21:54:12.956757" level="INFO">${expanded} = True</msg>
<var>${expanded}</var>
<arg>Wait Until Element Is Visible</arg>
<arg>${book_btn}</arg>
<arg>4s</arg>
<doc>Runs the specified keyword and returns the status as a Boolean value.</doc>
<status status="PASS" start="2026-02-28T21:54:12.718380" elapsed="0.238410"/>
</kw>
<if>
<branch type="IF" condition="not ${expanded}">
<kw name="Click Element" owner="SeleniumLibrary">
<arg>${card}</arg>
<doc>Click the element identified by ``locator``.</doc>
<status status="NOT RUN" start="2026-02-28T21:54:12.957149" elapsed="0.000033"/>
</kw>
<kw name="Run Keyword And Return Status" owner="BuiltIn">
<var>${expanded}</var>
<arg>Wait Until Element Is Visible</arg>
<arg>${book_btn}</arg>
<arg>3s</arg>
<doc>Runs the specified keyword and returns the status as a Boolean value.</doc>
<status status="NOT RUN" start="2026-02-28T21:54:12.957281" elapsed="0.000021"/>
</kw>
<status status="NOT RUN" start="2026-02-28T21:54:12.956894" elapsed="0.000448"/>
</branch>
<status status="PASS" start="2026-02-28T21:54:12.956868" elapsed="0.000505"/>
</if>
<if>
<branch type="IF" condition="not ${expanded}">
<kw name="Continue For Loop" owner="BuiltIn">
<doc>Skips the current FOR loop iteration and continues from the next.</doc>
<status status="NOT RUN" start="2026-02-28T21:54:12.957574" elapsed="0.000022"/>
</kw>
<status status="NOT RUN" start="2026-02-28T21:54:12.957421" elapsed="0.000203"/>
</branch>
<status status="PASS" start="2026-02-28T21:54:12.957410" elapsed="0.000239"/>
</if>
<kw name="Click Element" owner="SeleniumLibrary">
<msg time="2026-02-28T21:54:12.957922" level="INFO">Clicking element 'xpath=(//div[contains(@class,'route-card')])[4]//button[contains(normalize-space(.),'จองที่นั่ง')]'.</msg>
<arg>${book_btn}</arg>
<doc>Click the element identified by ``locator``.</doc>
<status status="PASS" start="2026-02-28T21:54:12.957711" elapsed="0.036567"/>
</kw>
<kw name="Run Keyword And Return Status" owner="BuiltIn">
<kw name="Wait Until Element Is Visible" owner="SeleniumLibrary">
<arg>xpath=//div[contains(@class,'modal-content')]//h3[contains(normalize-space(.),'ยืนยันการจอง')]</arg>
<arg>8s</arg>
<doc>Waits until the element ``locator`` is visible.</doc>
<status status="PASS" start="2026-02-28T21:54:12.994736" elapsed="0.222181"/>
</kw>
<msg time="2026-02-28T21:54:13.217112" level="INFO">${opened} = True</msg>
<var>${opened}</var>
<arg>Wait Until Element Is Visible</arg>
<arg>xpath=//div[contains(@class,'modal-content')]//h3[contains(normalize-space(.),'ยืนยันการจอง')]</arg>
<arg>8s</arg>
<doc>Runs the specified keyword and returns the status as a Boolean value.</doc>
<status status="PASS" start="2026-02-28T21:54:12.994426" elapsed="0.222720"/>
</kw>
<if>
<branch type="IF" condition="not ${opened}">
<kw name="Continue For Loop" owner="BuiltIn">
<doc>Skips the current FOR loop iteration and continues from the next.</doc>
<status status="NOT RUN" start="2026-02-28T21:54:13.217506" elapsed="0.000027"/>
</kw>
<status status="NOT RUN" start="2026-02-28T21:54:13.217281" elapsed="0.000283"/>
</branch>
<status status="PASS" start="2026-02-28T21:54:13.217250" elapsed="0.000344"/>
</if>
<kw name="Route In Modal Matches Policy">
<kw name="Run Keyword And Return Status" owner="BuiltIn">
<kw name="Page Should Contain Element" owner="SeleniumLibrary">
<msg time="2026-02-28T21:54:13.470047" level="INFO" html="true">&lt;/td&gt;&lt;/tr&gt;&lt;tr&gt;&lt;td colspan="3"&gt;&lt;a href="selenium-screenshot-83.png"&gt;&lt;img src="selenium-screenshot-83.png" width="800px"&gt;&lt;/a&gt;</msg>
<msg time="2026-02-28T21:54:13.470200" level="FAIL">Page should have contained element 'xpath=//span[normalize-space()='มีสัมภาระเกินปกติ']/following::input[@type='checkbox'][1]' but did not.</msg>
<arg>xpath=//span[normalize-space()='มีสัมภาระเกินปกติ']/following::input[@type='checkbox'][1]</arg>
<doc>Verifies that element ``locator`` is found on the current page.</doc>
<status status="FAIL" start="2026-02-28T21:54:13.218374" elapsed="0.255268">Page should have contained element 'xpath=//span[normalize-space()='มีสัมภาระเกินปกติ']/following::input[@type='checkbox'][1]' but did not.</status>
</kw>
<msg time="2026-02-28T21:54:13.473748" level="INFO">${has_toggle} = False</msg>
<var>${has_toggle}</var>
<arg>Page Should Contain Element</arg>
<arg>xpath=//span[normalize-space()='มีสัมภาระเกินปกติ']/following::input[@type='checkbox'][1]</arg>
<doc>Runs the specified keyword and returns the status as a Boolean value.</doc>
<status status="PASS" start="2026-02-28T21:54:13.218107" elapsed="0.255655"/>
</kw>
<if>
<branch type="IF" condition="'${policy}' == 'NO_LUGGAGE'">
<kw name="Evaluate" owner="BuiltIn">
<msg time="2026-02-28T21:54:13.474135" level="INFO">${ok} = True</msg>
<var>${ok}</var>
<arg>not ${has_toggle}</arg>
<doc>Evaluates the given expression in Python and returns the result.</doc>
<status status="PASS" start="2026-02-28T21:54:13.473950" elapsed="0.000197"/>
</kw>
<return>
<value>${ok}</value>
<status status="PASS" start="2026-02-28T21:54:13.474174" elapsed="0.000020"/>
</return>
<status status="PASS" start="2026-02-28T21:54:13.473818" elapsed="0.000396"/>
</branch>
<status status="PASS" start="2026-02-28T21:54:13.473803" elapsed="0.000666"/>
</if>
<if>
<branch type="IF" condition="not ${has_toggle}">
<return>
<value>${False}</value>
<status status="NOT RUN" start="2026-02-28T21:54:13.474517" elapsed="0.000008"/>
</return>
<status status="NOT RUN" start="2026-02-28T21:54:13.474498" elapsed="0.000042"/>
</branch>
<status status="NOT RUN" start="2026-02-28T21:54:13.474491" elapsed="0.000062"/>
</if>
<kw name="Click Element" owner="SeleniumLibrary">
<arg>xpath=//span[normalize-space()='มีสัมภาระเกินปกติ']/following::input[@type='checkbox'][1]</arg>
<doc>Click the element identified by ``locator``.</doc>
<status status="NOT RUN" start="2026-02-28T21:54:13.474592" elapsed="0.000012"/>
</kw>
<kw name="Run Keyword And Return Status" owner="BuiltIn">
<var>${has_medium}</var>
<arg>Page Should Contain</arg>
<arg>ไม่เกิน 24 นิ้ว</arg>
<doc>Runs the specified keyword and returns the status as a Boolean value.</doc>
<status status="NOT RUN" start="2026-02-28T21:54:13.474645" elapsed="0.000009"/>
</kw>
<kw name="Run Keyword And Return Status" owner="BuiltIn">
<var>${has_large}</var>
<arg>Page Should Contain</arg>
<arg>ไม่เกิน 28 นิ้ว</arg>
<doc>Runs the specified keyword and returns the status as a Boolean value.</doc>
<status status="NOT RUN" start="2026-02-28T21:54:13.474688" elapsed="0.000009"/>
</kw>
<kw name="Run Keyword And Return Status" owner="BuiltIn">
<var>${has_extra}</var>
<arg>Page Should Contain</arg>
<arg>สัมภาระพิเศษ</arg>
<doc>Runs the specified keyword and returns the status as a Boolean value.</doc>
<status status="NOT RUN" start="2026-02-28T21:54:13.474727" elapsed="0.000007"/>
</kw>
<if>
<branch type="IF" condition="'${policy}' == 'MEDIUM'">
<kw name="Evaluate" owner="BuiltIn">
<var>${ok}</var>
<arg>${has_medium} and (not ${has_large}) and (not ${has_extra})</arg>
<doc>Evaluates the given expression in Python and returns the result.</doc>
<status status="NOT RUN" start="2026-02-28T21:54:13.474791" elapsed="0.000009"/>
</kw>
<return>
<value>${ok}</value>
<status status="NOT RUN" start="2026-02-28T21:54:13.474816" elapsed="0.000007"/>
</return>
<status status="NOT RUN" start="2026-02-28T21:54:13.474760" elapsed="0.000076"/>
</branch>
<branch type="ELSE IF" condition="'${policy}' == 'LARGE'">
<kw name="Evaluate" owner="BuiltIn">
<var>${ok}</var>
<arg>${has_medium} and ${has_large} and (not ${has_extra})</arg>
<doc>Evaluates the given expression in Python and returns the result.</doc>
<status status="NOT RUN" start="2026-02-28T21:54:13.474874" elapsed="0.000008"/>
</kw>
<return>
<value>${ok}</value>
<status status="NOT RUN" start="2026-02-28T21:54:13.474897" elapsed="0.000007"/>
</return>
<status status="NOT RUN" start="2026-02-28T21:54:13.474847" elapsed="0.000069"/>
</branch>
<branch type="ELSE IF" condition="'${policy}' == 'EXTRA_LARGE'">
<kw name="Evaluate" owner="BuiltIn">
<var>${ok}</var>
<arg>${has_medium} and ${has_large} and ${has_extra}</arg>
<doc>Evaluates the given expression in Python and returns the result.</doc>
<status status="NOT RUN" start="2026-02-28T21:54:13.474954" elapsed="0.000008"/>
</kw>
<return>
<value>${ok}</value>
<status status="NOT RUN" start="2026-02-28T21:54:13.474977" elapsed="0.000007"/>
</return>
<status status="NOT RUN" start="2026-02-28T21:54:13.474926" elapsed="0.000069"/>
</branch>
<branch type="ELSE">
<kw name="Fail" owner="BuiltIn">
<arg>Unknown policy '${policy}'</arg>
<doc>Fails the test with the given message and optionally alters its tags.</doc>
<status status="NOT RUN" start="2026-02-28T21:54:13.475033" elapsed="0.000010"/>
</kw>
<status status="NOT RUN" start="2026-02-28T21:54:13.475006" elapsed="0.000050"/>
</branch>
<status status="NOT RUN" start="2026-02-28T21:54:13.474753" elapsed="0.000315"/>
</if>
<msg time="2026-02-28T21:54:13.475116" level="INFO">${match} = True</msg>
<var>${match}</var>
<arg>${policy}</arg>
<status status="PASS" start="2026-02-28T21:54:13.217849" elapsed="0.257278"/>
</kw>
<if>
<branch type="IF" condition="${match}">
<kw name="Strip String" owner="String">
<msg time="2026-02-28T21:54:13.475290" level="INFO">${title} = กุฉินาราย์ → สหกมล</msg>
<var>${title}</var>
<arg>${title}</arg>
<doc>Remove leading and/or trailing whitespaces from the given string.</doc>
<status status="PASS" start="2026-02-28T21:54:13.475211" elapsed="0.000090"/>
</kw>
<kw name="Log To Console" owner="BuiltIn">
<arg>FOUND ${policy}: ${title}</arg>
<doc>Logs the given message to the console.</doc>
<status status="PASS" start="2026-02-28T21:54:13.475337" elapsed="0.000143"/>
</kw>
<return>
<value>${title}</value>
<status status="PASS" start="2026-02-28T21:54:13.475508" elapsed="0.000015"/>
</return>
<status status="PASS" start="2026-02-28T21:54:13.475162" elapsed="0.000377"/>
</branch>
<status status="PASS" start="2026-02-28T21:54:13.475150" elapsed="0.000403"/>
</if>
<var name="${i}">4</var>
<status status="PASS" start="2026-02-28T21:54:11.644179" elapsed="1.831385"/>
</iter>
<var>${i}</var>
<value>1</value>
<value>${end}</value>
<status status="PASS" start="2026-02-28T21:54:07.035215" elapsed="6.440372"/>
</for>
<kw name="Fail" owner="BuiltIn">
<arg>No route found for policy '${policy}' on /findTrip.</arg>
<doc>Fails the test with the given message and optionally alters its tags.</doc>
<status status="NOT RUN" start="2026-02-28T21:54:13.475643" elapsed="0.000011"/>
</kw>
<arg>${policy}</arg>
<status status="PASS" start="2026-02-28T21:54:06.061181" elapsed="7.414513"/>
</kw>
<msg time="2026-02-28T21:54:13.475736" level="INFO">${status} = PASS</msg>
<msg time="2026-02-28T21:54:13.475753" level="INFO">${value} = กุฉินาราย์ → สหกมล</msg>
<var>${status}</var>
<var>${value}</var>
<arg>Discover Route Title By Policy</arg>
<arg>${policy}</arg>
<doc>Runs the given keyword with the given arguments and ignores possible error.</doc>
<status status="PASS" start="2026-02-28T21:54:06.060466" elapsed="7.415297"/>
</kw>
<if>
<branch type="IF" condition="'${status}' == 'PASS'">
<return>
<value>${value}</value>
<status status="PASS" start="2026-02-28T21:54:13.475847" elapsed="0.000012"/>
</return>
<status status="PASS" start="2026-02-28T21:54:13.475795" elapsed="0.000081"/>
</branch>
<status status="PASS" start="2026-02-28T21:54:13.475788" elapsed="0.000101"/>
</if>
<kw name="Skip" owner="BuiltIn">
<arg>No route found for policy '${policy}' on /findTrip. Set ROUTE_* env variable to exact route title.</arg>
<doc>Skips the rest of the current test.</doc>
<status status="NOT RUN" start="2026-02-28T21:54:13.475925" elapsed="0.000010"/>
</kw>
<msg time="2026-02-28T21:54:13.476014" level="INFO">${route_title} = กุฉินาราย์ → สหกมล</msg>
<var>${route_title}</var>
<arg>${ROUTE_NO_LUGGAGE}</arg>
<arg>NO_LUGGAGE</arg>
<status status="PASS" start="2026-02-28T21:54:06.056917" elapsed="7.419108"/>
</kw>
<kw name="Open Booking Modal By Route Title">
<kw name="Run Keyword If" owner="BuiltIn">
<arg>'${route_title}' == ''</arg>
<arg>Fail</arg>
<arg>route_title is empty. Set ROUTE_* env variable or set value in ExtraLuggage.robot.</arg>
<doc>Runs the given keyword with the given arguments, if ``condition`` is true.</doc>
<status status="PASS" start="2026-02-28T21:54:13.476259" elapsed="0.000122"/>
</kw>
<kw name="Go To" owner="SeleniumLibrary">
<msg time="2026-02-28T21:54:13.476478" level="INFO">Opening url 'http://localhost:3001/findTrip'</msg>
<arg>${BASE_URL}/findTrip</arg>
<doc>Navigates the current browser window to the provided ``url``.</doc>
<status status="PASS" start="2026-02-28T21:54:13.476425" elapsed="0.102073"/>
</kw>
<kw name="Wait Until Element Is Visible" owner="SeleniumLibrary">
<arg>xpath=(//div[contains(@class,'route-card')])[1]</arg>
<arg>20s</arg>
<doc>Waits until the element ``locator`` is visible.</doc>
<status status="PASS" start="2026-02-28T21:54:13.578678" elapsed="0.664077"/>
</kw>
<kw name="Run Keyword And Return Status" owner="BuiltIn">
<kw name="Wait Until Page Contains" owner="SeleniumLibrary">
<arg>${route_title}</arg>
<arg>10s</arg>
<doc>Waits until ``text`` appears on the current page.</doc>
<status status="PASS" start="2026-02-28T21:54:14.243612" elapsed="0.014676"/>
</kw>
<msg time="2026-02-28T21:54:14.258619" level="INFO">${has_route} = True</msg>
<var>${has_route}</var>
<arg>Wait Until Page Contains</arg>
<arg>${route_title}</arg>
<arg>10s</arg>
<doc>Runs the specified keyword and returns the status as a Boolean value.</doc>
<status status="PASS" start="2026-02-28T21:54:14.243152" elapsed="0.015500"/>
</kw>
<kw name="Run Keyword If" owner="BuiltIn">
<arg>not ${has_route}</arg>
<arg>Fail</arg>
<arg>Route title '${route_title}' not found. Please set route variable to exact UI text.</arg>
<doc>Runs the given keyword with the given arguments, if ``condition`` is true.</doc>
<status status="PASS" start="2026-02-28T21:54:14.258807" elapsed="0.000525"/>
</kw>
<kw name="Set Variable" owner="BuiltIn">
<msg time="2026-02-28T21:54:14.259692" level="INFO">${card} = xpath=//*[contains(normalize-space(.),"กุฉินาราย์ → สหกมล")]/ancestor::div[contains(@class,'route-card')][1]</msg>
<var>${card}</var>
<arg>xpath=//*[contains(normalize-space(.),"${route_title}")]/ancestor::div[contains(@class,'route-card')][1]</arg>
<doc>Returns the given values which can then be assigned to a variables.</doc>
<status status="PASS" start="2026-02-28T21:54:14.259445" elapsed="0.000277"/>
</kw>
<kw name="Scroll Element Into View" owner="SeleniumLibrary">
<arg>${card}</arg>
<doc>Scrolls the element identified by ``locator`` into view.</doc>
<status status="PASS" start="2026-02-28T21:54:14.259806" elapsed="0.275780"/>
</kw>
<kw name="Click Element" owner="SeleniumLibrary">
<msg time="2026-02-28T21:54:14.535889" level="INFO">Clicking element 'xpath=//*[contains(normalize-space(.),"กุฉินาราย์ → สหกมล")]/ancestor::div[contains(@class,'route-card')][1]'.</msg>
<arg>${card}</arg>
<doc>Click the element identified by ``locator``.</doc>
<status status="PASS" start="2026-02-28T21:54:14.535716" elapsed="0.034675"/>
</kw>
<kw name="Wait Until Element Is Visible" owner="SeleniumLibrary">
<arg>${card}//button[contains(normalize-space(.),'จองที่นั่ง')]</arg>
<arg>10s</arg>
<doc>Waits until the element ``locator`` is visible.</doc>
<status status="PASS" start="2026-02-28T21:54:14.570695" elapsed="0.242195"/>
</kw>
<kw name="Click Element" owner="SeleniumLibrary">
<msg time="2026-02-28T21:54:14.813290" level="INFO">Clicking element 'xpath=//*[contains(normalize-space(.),"กุฉินาราย์ → สหกมล")]/ancestor::div[contains(@class,'route-card')][1]//button[contains(normalize-space(.),'จองที่นั่ง')]'.</msg>
<arg>${card}//button[contains(normalize-space(.),'จองที่นั่ง')]</arg>
<doc>Click the element identified by ``locator``.</doc>
<status status="PASS" start="2026-02-28T21:54:14.813064" elapsed="0.034906"/>
</kw>
<kw name="Wait Until Page Contains" owner="SeleniumLibrary">
<arg>ยืนยันการจอง</arg>
<arg>10s</arg>
<doc>Waits until ``text`` appears on the current page.</doc>
<status status="PASS" start="2026-02-28T21:54:14.848088" elapsed="0.008800"/>
</kw>
<arg>${route_title}</arg>
<status status="PASS" start="2026-02-28T21:54:13.476143" elapsed="1.380823"/>
</kw>
<kw name="Page Should Not Contain" owner="SeleniumLibrary">
<msg time="2026-02-28T21:54:14.872387" level="INFO">Current page does not contain text 'มีสัมภาระเกินปกติ'.</msg>
<arg>มีสัมภาระเกินปกติ</arg>
<doc>Verifies the current page does not contain ``text``.</doc>
<status status="PASS" start="2026-02-28T21:54:14.857081" elapsed="0.015365"/>
</kw>
<kw name="Close Browser And Capture" type="TEARDOWN">
<kw name="Run Keyword And Ignore Error" owner="BuiltIn">
<kw name="Capture Page Screenshot" owner="SeleniumLibrary">
<msg time="2026-02-28T21:54:15.132094" level="INFO" html="true">&lt;/td&gt;&lt;/tr&gt;&lt;tr&gt;&lt;td colspan="3"&gt;&lt;a href="selenium-screenshot-84.png"&gt;&lt;img src="selenium-screenshot-84.png" width="800px"&gt;&lt;/a&gt;</msg>
<doc>Takes a screenshot of the current page and embeds it into a log file.</doc>
<status status="PASS" start="2026-02-28T21:54:14.873381" elapsed="0.258780"/>
</kw>
<arg>Capture Page Screenshot</arg>
<doc>Runs the given keyword with the given arguments and ignores possible error.</doc>
<status status="PASS" start="2026-02-28T21:54:14.873181" elapsed="0.259031"/>
</kw>
<kw name="Run Keyword And Ignore Error" owner="BuiltIn">
<kw name="Close Browser" owner="SeleniumLibrary">
<doc>Closes the current browser.</doc>
<status status="PASS" start="2026-02-28T21:54:15.132469" elapsed="0.225362"/>
</kw>
<arg>Close Browser</arg>
<doc>Runs the given keyword with the given arguments and ignores possible error.</doc>
<status status="PASS" start="2026-02-28T21:54:15.132288" elapsed="0.225640"/>
</kw>
<status status="PASS" start="2026-02-28T21:54:14.873022" elapsed="0.484955"/>
</kw>
<status status="PASS" start="2026-02-28T21:54:03.647771" elapsed="11.710270"/>
</test>
<test id="s1-t2" name="TC_P2 - Route Max Medium Must Show Only Medium" line="309">
<kw name="Login As Passenger">
<kw name="Open Browser" owner="SeleniumLibrary">
<msg time="2026-02-28T21:54:15.358750" level="INFO">Opening browser 'chrome' to base url 'http://localhost:3001/login'.</msg>
<arg>${BASE_URL}/login</arg>
<arg>${BROWSER}</arg>
<doc>Opens a new browser instance to the optional ``url``.</doc>
<status status="PASS" start="2026-02-28T21:54:15.358630" elapsed="1.376843"/>
</kw>
<kw name="Maximize Browser Window" owner="SeleniumLibrary">
<doc>Maximizes current browser window.</doc>
<status status="PASS" start="2026-02-28T21:54:16.735817" elapsed="0.333292"/>
</kw>
<kw name="Wait Until Element Is Visible" owner="SeleniumLibrary">
<arg>id=identifier</arg>
<arg>10s</arg>
<doc>Waits until the element ``locator`` is visible.</doc>
<status status="PASS" start="2026-02-28T21:54:17.069440" elapsed="0.012285"/>
</kw>
<kw name="Input Text" owner="SeleniumLibrary">
<msg time="2026-02-28T21:54:17.082060" level="INFO">Typing text 'ploy123' into text field 'id=identifier'.</msg>
<arg>id=identifier</arg>
<arg>${PASSENGER_EMAIL}</arg>
<doc>Types the given ``text`` into the text field identified by ``locator``.</doc>
<status status="PASS" start="2026-02-28T21:54:17.081864" elapsed="0.078757"/>
</kw>
<kw name="Input Password" owner="SeleniumLibrary">
<msg time="2026-02-28T21:54:17.160905" level="INFO">Typing password into text field 'id=password'.</msg>
<msg time="2026-02-28T21:54:17.178165" level="INFO">Temporally setting log level to: NONE</msg>
<arg>id=password</arg>
<arg>${PASSENGER_PASSWORD}</arg>
<doc>Types the given password into the text field identified by ``locator``.</doc>
<status status="PASS" start="2026-02-28T21:54:17.160746" elapsed="0.035796"/>
</kw>
<kw name="Click Element" owner="SeleniumLibrary">
<msg time="2026-02-28T21:54:17.196813" level="INFO">Clicking element 'xpath=//button[@type='submit']'.</msg>
<arg>xpath=//button[@type='submit']</arg>
<doc>Click the element identified by ``locator``.</doc>
<status status="PASS" start="2026-02-28T21:54:17.196676" elapsed="0.031500"/>
</kw>
<kw name="Wait Until Location Does Not Contain" owner="SeleniumLibrary">
<arg>/login</arg>
<arg>10s</arg>
<doc>Waits until the current URL does not contains ``location``.</doc>
<status status="PASS" start="2026-02-28T21:54:17.228374" elapsed="0.207491"/>
</kw>
<status status="PASS" start="2026-02-28T21:54:15.358489" elapsed="2.077496"/>
</kw>
<kw name="Resolve Route Title Or Skip">
<if>
<branch type="IF" condition="'${configured_title}' != ''">
<return>
<value>${configured_title}</value>
<status status="NOT RUN" start="2026-02-28T21:54:17.436727" elapsed="0.000018"/>
</return>
<status status="NOT RUN" start="2026-02-28T21:54:17.436613" elapsed="0.000163"/>
</branch>
<status status="PASS" start="2026-02-28T21:54:17.436594" elapsed="0.000201"/>
</if>
<kw name="Run Keyword And Ignore Error" owner="BuiltIn">
<kw name="Discover Route Title By Policy">
<kw name="Go To" owner="SeleniumLibrary">
<msg time="2026-02-28T21:54:17.437560" level="INFO">Opening url 'http://localhost:3001/findTrip'</msg>
<arg>${BASE_URL}/findTrip</arg>
<doc>Navigates the current browser window to the provided ``url``.</doc>
<status status="PASS" start="2026-02-28T21:54:17.437479" elapsed="0.122382"/>
</kw>
<kw name="Wait Until Element Is Visible" owner="SeleniumLibrary">
<arg>xpath=(//div[contains(@class,'route-card')])[1]</arg>
<arg>20s</arg>
<doc>Waits until the element ``locator`` is visible.</doc>
<status status="PASS" start="2026-02-28T21:54:17.560012" elapsed="0.645675"/>
</kw>
<kw name="Get Element Count" owner="SeleniumLibrary">
<msg time="2026-02-28T21:54:18.213711" level="INFO">${count} = 6</msg>
<var>${count}</var>
<arg>xpath=//div[contains(@class,'route-card')]</arg>
<doc>Returns the number of elements matching ``locator``.</doc>
<status status="PASS" start="2026-02-28T21:54:18.205844" elapsed="0.007903"/>
</kw>
<kw name="Evaluate" owner="BuiltIn">
<msg time="2026-02-28T21:54:18.214159" level="INFO">${end} = 7</msg>
<var>${end}</var>
<arg>${count} + 1</arg>
<doc>Evaluates the given expression in Python and returns the result.</doc>
<status status="PASS" start="2026-02-28T21:54:18.213869" elapsed="0.000309"/>
</kw>
<for flavor="IN RANGE">
<iter>
<kw name="Go To" owner="SeleniumLibrary">
<msg time="2026-02-28T21:54:18.214660" level="INFO">Opening url 'http://localhost:3001/findTrip'</msg>
<arg>${BASE_URL}/findTrip</arg>
<doc>Navigates the current browser window to the provided ``url``.</doc>
<status status="PASS" start="2026-02-28T21:54:18.214570" elapsed="0.069975"/>
</kw>
<kw name="Wait Until Element Is Visible" owner="SeleniumLibrary">
<arg>xpath=(//div[contains(@class,'route-card')])[1]</arg>
<arg>20s</arg>
<doc>Waits until the element ``locator`` is visible.</doc>
<status status="PASS" start="2026-02-28T21:54:18.284931" elapsed="0.645764"/>
</kw>
<kw name="Set Variable" owner="BuiltIn">
<msg time="2026-02-28T21:54:18.931413" level="INFO">${card} = xpath=(//div[contains(@class,'route-card')])[1]</msg>
<var>${card}</var>
<arg>xpath=(//div[contains(@class,'route-card')])[${i}]</arg>
<doc>Returns the given values which can then be assigned to a variables.</doc>
<status status="PASS" start="2026-02-28T21:54:18.930947" elapsed="0.000500"/>
</kw>
<kw name="Scroll Element Into View" owner="SeleniumLibrary">
<arg>${card}</arg>
<doc>Scrolls the element identified by ``locator`` into view.</doc>
<status status="PASS" start="2026-02-28T21:54:18.931597" elapsed="0.277266"/>
</kw>
<kw name="Get Text" owner="SeleniumLibrary">
<msg time="2026-02-28T21:54:19.236556" level="INFO">${title} = ท๊อปกลาส → ผากอง ซอย 1</msg>
<var>${title}</var>
<arg>${card}//h1[1]</arg>
<doc>Returns the text value of the element identified by ``locator``.</doc>
<status status="PASS" start="2026-02-28T21:54:19.209278" elapsed="0.027341"/>
</kw>
<kw name="Click Element" owner="SeleniumLibrary">
<msg time="2026-02-28T21:54:19.237186" level="INFO">Clicking element 'xpath=(//div[contains(@class,'route-card')])[1]'.</msg>
<arg>${card}</arg>
<doc>Click the element identified by ``locator``.</doc>
<status status="PASS" start="2026-02-28T21:54:19.236826" elapsed="0.036904"/>
</kw>
<kw name="Set Variable" owner="BuiltIn">
<msg time="2026-02-28T21:54:19.274088" level="INFO">${book_btn} = xpath=(//div[contains(@class,'route-card')])[1]//button[contains(normalize-space(.),'จองที่นั่ง')]</msg>
<var>${book_btn}</var>
<arg>${card}//button[contains(normalize-space(.),'จองที่นั่ง')]</arg>
<doc>Returns the given values which can then be assigned to a variables.</doc>
<status status="PASS" start="2026-02-28T21:54:19.273855" elapsed="0.000254"/>
</kw>
<kw name="Run Keyword And Return Status" owner="BuiltIn">
<kw name="Wait Until Element Is Visible" owner="SeleniumLibrary">
<arg>${book_btn}</arg>
<arg>4s</arg>
<doc>Waits until the element ``locator`` is visible.</doc>
<status status="PASS" start="2026-02-28T21:54:19.274358" elapsed="0.226457"/>
</kw>
<msg time="2026-02-28T21:54:19.501047" level="INFO">${expanded} = True</msg>
<var>${expanded}</var>
<arg>Wait Until Element Is Visible</arg>
<arg>${book_btn}</arg>
<arg>4s</arg>
<doc>Runs the specified keyword and returns the status as a Boolean value.</doc>
<status status="PASS" start="2026-02-28T21:54:19.274188" elapsed="0.226892"/>
</kw>
<if>
<branch type="IF" condition="not ${expanded}">
<kw name="Click Element" owner="SeleniumLibrary">
<arg>${card}</arg>
<doc>Click the element identified by ``locator``.</doc>
<status status="NOT RUN" start="2026-02-28T21:54:19.501486" elapsed="0.000031"/>
</kw>
<kw name="Run Keyword And Return Status" owner="BuiltIn">
<var>${expanded}</var>
<arg>Wait Until Element Is Visible</arg>
<arg>${book_btn}</arg>
<arg>3s</arg>
<doc>Runs the specified keyword and returns the status as a Boolean value.</doc>
<status status="NOT RUN" start="2026-02-28T21:54:19.501616" elapsed="0.000025"/>
</kw>
<status status="NOT RUN" start="2026-02-28T21:54:19.501205" elapsed="0.000472"/>
</branch>
<status status="PASS" start="2026-02-28T21:54:19.501170" elapsed="0.000544"/>
</if>
<if>
<branch type="IF" condition="not ${expanded}">
<kw name="Continue For Loop" owner="BuiltIn">
<doc>Skips the current FOR loop iteration and continues from the next.</doc>
<status status="NOT RUN" start="2026-02-28T21:54:19.501931" elapsed="0.000021"/>
</kw>
<status status="NOT RUN" start="2026-02-28T21:54:19.501766" elapsed="0.000211"/>
</branch>
<status status="PASS" start="2026-02-28T21:54:19.501752" elapsed="0.000251"/>
</if>
<kw name="Click Element" owner="SeleniumLibrary">
<msg time="2026-02-28T21:54:19.502412" level="INFO">Clicking element 'xpath=(//div[contains(@class,'route-card')])[1]//button[contains(normalize-space(.),'จองที่นั่ง')]'.</msg>
<arg>${book_btn}</arg>
<doc>Click the element identified by ``locator``.</doc>
<status status="PASS" start="2026-02-28T21:54:19.502067" elapsed="0.037199"/>
</kw>
<kw name="Run Keyword And Return Status" owner="BuiltIn">
<kw name="Wait Until Element Is Visible" owner="SeleniumLibrary">
<arg>xpath=//div[contains(@class,'modal-content')]//h3[contains(normalize-space(.),'ยืนยันการจอง')]</arg>
<arg>8s</arg>
<doc>Waits until the element ``locator`` is visible.</doc>
<status status="PASS" start="2026-02-28T21:54:19.540401" elapsed="0.225218"/>
</kw>
<msg time="2026-02-28T21:54:19.765731" level="INFO">${opened} = True</msg>
<var>${opened}</var>
<arg>Wait Until Element Is Visible</arg>
<arg>xpath=//div[contains(@class,'modal-content')]//h3[contains(normalize-space(.),'ยืนยันการจอง')]</arg>
<arg>8s</arg>
<doc>Runs the specified keyword and returns the status as a Boolean value.</doc>
<status status="PASS" start="2026-02-28T21:54:19.539735" elapsed="0.226017"/>
</kw>
<if>
<branch type="IF" condition="not ${opened}">
<kw name="Continue For Loop" owner="BuiltIn">
<doc>Skips the current FOR loop iteration and continues from the next.</doc>
<status status="NOT RUN" start="2026-02-28T21:54:19.766009" elapsed="0.000019"/>
</kw>
<status status="NOT RUN" start="2026-02-28T21:54:19.765860" elapsed="0.000191"/>
</branch>
<status status="PASS" start="2026-02-28T21:54:19.765843" elapsed="0.000230"/>
</if>
<kw name="Route In Modal Matches Policy">
<kw name="Run Keyword And Return Status" owner="BuiltIn">
<kw name="Page Should Contain Element" owner="SeleniumLibrary">
<msg time="2026-02-28T21:54:19.774017" level="INFO">Current page contains element 'xpath=//span[normalize-space()='มีสัมภาระเกินปกติ']/following::input[@type='checkbox'][1]'.</msg>
<arg>xpath=//span[normalize-space()='มีสัมภาระเกินปกติ']/following::input[@type='checkbox'][1]</arg>
<doc>Verifies that element ``locator`` is found on the current page.</doc>
<status status="PASS" start="2026-02-28T21:54:19.766652" elapsed="0.007429"/>
</kw>
<msg time="2026-02-28T21:54:19.774170" level="INFO">${has_toggle} = True</msg>
<var>${has_toggle}</var>
<arg>Page Should Contain Element</arg>
<arg>xpath=//span[normalize-space()='มีสัมภาระเกินปกติ']/following::input[@type='checkbox'][1]</arg>
<doc>Runs the specified keyword and returns the status as a Boolean value.</doc>
<status status="PASS" start="2026-02-28T21:54:19.766453" elapsed="0.007732"/>
</kw>
<if>
<branch type="IF" condition="'${policy}' == 'NO_LUGGAGE'">
<kw name="Evaluate" owner="BuiltIn">
<var>${ok}</var>
<arg>not ${has_toggle}</arg>
<doc>Evaluates the given expression in Python and returns the result.</doc>
<status status="NOT RUN" start="2026-02-28T21:54:19.774429" elapsed="0.000018"/>
</kw>
<return>
<value>${ok}</value>
<status status="NOT RUN" start="2026-02-28T21:54:19.774478" elapsed="0.000015"/>
</return>
<status status="NOT RUN" start="2026-02-28T21:54:19.774246" elapsed="0.000267"/>
</branch>
<status status="PASS" start="2026-02-28T21:54:19.774230" elapsed="0.000304"/>
</if>
<if>
<branch type="IF" condition="not ${has_toggle}">
<return>
<value>${False}</value>
<status status="NOT RUN" start="2026-02-28T21:54:19.774622" elapsed="0.000009"/>
</return>
<status status="NOT RUN" start="2026-02-28T21:54:19.774562" elapsed="0.000088"/>
</branch>
<status status="PASS" start="2026-02-28T21:54:19.774555" elapsed="0.000109"/>
</if>
<kw name="Click Element" owner="SeleniumLibrary">
<msg time="2026-02-28T21:54:19.774827" level="INFO">Clicking element 'xpath=//span[normalize-space()='มีสัมภาระเกินปกติ']/following::input[@type='checkbox'][1]'.</msg>
<arg>xpath=//span[normalize-space()='มีสัมภาระเกินปกติ']/following::input[@type='checkbox'][1]</arg>
<doc>Click the element identified by ``locator``.</doc>
<status status="PASS" start="2026-02-28T21:54:19.774711" elapsed="0.028954"/>
</kw>
<kw name="Run Keyword And Return Status" owner="BuiltIn">
<kw name="Page Should Contain" owner="SeleniumLibrary">
<msg time="2026-02-28T21:54:19.812846" level="INFO">Current page contains text 'ไม่เกิน 24 นิ้ว'.</msg>
<arg>ไม่เกิน 24 นิ้ว</arg>
<doc>Verifies that current page contains ``text``.</doc>
<status status="PASS" start="2026-02-28T21:54:19.804046" elapsed="0.008849"/>
</kw>
<msg time="2026-02-28T21:54:19.812969" level="INFO">${has_medium} = True</msg>
<var>${has_medium}</var>
<arg>Page Should Contain</arg>
<arg>ไม่เกิน 24 นิ้ว</arg>
<doc>Runs the specified keyword and returns the status as a Boolean value.</doc>
<status status="PASS" start="2026-02-28T21:54:19.803790" elapsed="0.009191"/>
</kw>
<kw name="Run Keyword And Return Status" owner="BuiltIn">
<kw name="Page Should Contain" owner="SeleniumLibrary">
<msg time="2026-02-28T21:54:19.821859" level="INFO">Current page contains text 'ไม่เกิน 28 นิ้ว'.</msg>
<arg>ไม่เกิน 28 นิ้ว</arg>
<doc>Verifies that current page contains ``text``.</doc>
<status status="PASS" start="2026-02-28T21:54:19.813201" elapsed="0.008708"/>
</kw>
<msg time="2026-02-28T21:54:19.821977" level="INFO">${has_large} = True</msg>
<var>${has_large}</var>
<arg>Page Should Contain</arg>
<arg>ไม่เกิน 28 นิ้ว</arg>
<doc>Runs the specified keyword and returns the status as a Boolean value.</doc>
<status status="PASS" start="2026-02-28T21:54:19.813049" elapsed="0.008941"/>
</kw>
<kw name="Run Keyword And Return Status" owner="BuiltIn">
<kw name="Page Should Contain" owner="SeleniumLibrary">
<msg time="2026-02-28T21:54:19.831991" level="INFO">Current page contains text 'สัมภาระพิเศษ'.</msg>
<arg>สัมภาระพิเศษ</arg>
<doc>Verifies that current page contains ``text``.</doc>
<status status="PASS" start="2026-02-28T21:54:19.822205" elapsed="0.009837"/>
</kw>
<msg time="2026-02-28T21:54:19.832112" level="INFO">${has_extra} = True</msg>
<var>${has_extra}</var>
<arg>Page Should Contain</arg>
<arg>สัมภาระพิเศษ</arg>
<doc>Runs the specified keyword and returns the status as a Boolean value.</doc>
<status status="PASS" start="2026-02-28T21:54:19.822057" elapsed="0.010066"/>
</kw>
<if>
<branch type="IF" condition="'${policy}' == 'MEDIUM'">
<kw name="Evaluate" owner="BuiltIn">
<msg time="2026-02-28T21:54:19.832523" level="INFO">${ok} = False</msg>
<var>${ok}</var>
<arg>${has_medium} and (not ${has_large}) and (not ${has_extra})</arg>
<doc>Evaluates the given expression in Python and returns the result.</doc>
<status status="PASS" start="2026-02-28T21:54:19.832304" elapsed="0.000232"/>
</kw>
<return>
<value>${ok}</value>
<status status="PASS" start="2026-02-28T21:54:19.832564" elapsed="0.000062"/>
</return>
<status status="PASS" start="2026-02-28T21:54:19.832174" elapsed="0.000473"/>
</branch>
<branch type="ELSE IF" condition="'${policy}' == 'LARGE'">
<kw name="Evaluate" owner="BuiltIn">
<var>${ok}</var>
<arg>${has_medium} and ${has_large} and (not ${has_extra})</arg>
<doc>Evaluates the given expression in Python and returns the result.</doc>
<status status="NOT RUN" start="2026-02-28T21:54:19.832713" elapsed="0.000012"/>
</kw>
<return>
<value>${ok}</value>
<status status="NOT RUN" start="2026-02-28T21:54:19.832744" elapsed="0.000009"/>
</return>
<status status="NOT RUN" start="2026-02-28T21:54:19.832663" elapsed="0.000104"/>
</branch>
<branch type="ELSE IF" condition="'${policy}' == 'EXTRA_LARGE'">
<kw name="Evaluate" owner="BuiltIn">
<var>${ok}</var>
<arg>${has_medium} and ${has_large} and ${has_extra}</arg>
<doc>Evaluates the given expression in Python and returns the result.</doc>
<status status="NOT RUN" start="2026-02-28T21:54:19.832816" elapsed="0.000011"/>
</kw>
<return>
<value>${ok}</value>
<status status="NOT RUN" start="2026-02-28T21:54:19.832843" elapsed="0.000008"/>
</return>
<status status="NOT RUN" start="2026-02-28T21:54:19.832779" elapsed="0.000084"/>
</branch>
<branch type="ELSE">
<kw name="Fail" owner="BuiltIn">
<arg>Unknown policy '${policy}'</arg>
<doc>Fails the test with the given message and optionally alters its tags.</doc>
<status status="NOT RUN" start="2026-02-28T21:54:19.832919" elapsed="0.000011"/>
</kw>
<status status="NOT RUN" start="2026-02-28T21:54:19.832875" elapsed="0.000086"/>
</branch>
<status status="PASS" start="2026-02-28T21:54:19.832160" elapsed="0.000815"/>
</if>
<msg time="2026-02-28T21:54:19.833285" level="INFO">${match} = False</msg>
<var>${match}</var>
<arg>${policy}</arg>
<status status="PASS" start="2026-02-28T21:54:19.766278" elapsed="0.067037"/>
</kw>
<if>
<branch type="IF" condition="${match}">
<kw name="Strip String" owner="String">
<var>${title}</var>
<arg>${title}</arg>
<doc>Remove leading and/or trailing whitespaces from the given string.</doc>
<status status="NOT RUN" start="2026-02-28T21:54:19.833621" elapsed="0.000032"/>
</kw>
<kw name="Log To Console" owner="BuiltIn">
<arg>FOUND ${policy}: ${title}</arg>
<doc>Logs the given message to the console.</doc>
<status status="NOT RUN" start="2026-02-28T21:54:19.833751" elapsed="0.000037"/>
</kw>
<return>
[...]
<var>${xp}</var>
<arg>${locator}</arg>
<arg>xpath=</arg>
<arg>${EMPTY}</arg>
<doc>Replaces ``search_for`` in the given ``string`` with ``replace_with``.</doc>
<status status="NOT RUN" start="2026-02-28T21:55:33.157624" elapsed="0.000019"/>
</kw>
<kw name="Run Keyword And Return Status" owner="BuiltIn">
<var>${js_ok}</var>
<arg>Execute JavaScript</arg>
<arg>document.evaluate(arguments[0],document,null,9,null).singleNodeValue.click()</arg>
<arg>${xp}</arg>
<doc>Runs the specified keyword and returns the status as a Boolean value.</doc>
<status status="NOT RUN" start="2026-02-28T21:55:33.157705" elapsed="0.000014"/>
</kw>
<kw name="Run Keyword If" owner="BuiltIn">
<arg>not ${js_ok}</arg>
<arg>Click Element</arg>
<arg>${locator}</arg>
<doc>Runs the given keyword with the given arguments, if ``condition`` is true.</doc>
<status status="NOT RUN" start="2026-02-28T21:55:33.157778" elapsed="0.000017"/>
</kw>
<status status="NOT RUN" start="2026-02-28T21:55:33.157537" elapsed="0.000280"/>
</branch>
<branch type="ELSE">
<kw name="Click Element" owner="SeleniumLibrary">
<arg>${locator}</arg>
<doc>Click the element identified by ``locator``.</doc>
<status status="NOT RUN" start="2026-02-28T21:55:33.157897" elapsed="0.000014"/>
</kw>
<status status="NOT RUN" start="2026-02-28T21:55:33.157842" elapsed="0.000089"/>
</branch>
<status status="NOT RUN" start="2026-02-28T21:55:33.157524" elapsed="0.000425"/>
</if>
<status status="NOT RUN" start="2026-02-28T21:55:33.157185" elapsed="0.000778"/>
</branch>
<status status="PASS" start="2026-02-28T21:55:33.157145" elapsed="0.000856"/>
</if>
<arg>xpath=(//ul[contains(@class,'suggest-list')])[1]/li[1]</arg>
<status status="PASS" start="2026-02-28T21:55:32.834489" elapsed="0.323547"/>
</kw>
<arg>${pickup_suggest_ok}</arg>
<arg>Click Element Safe</arg>
<arg>xpath=(//ul[contains(@class,'suggest-list')])[1]/li[1]</arg>
<doc>Runs the given keyword with the given arguments, if ``condition`` is true.</doc>
<status status="PASS" start="2026-02-28T21:55:32.833318" elapsed="0.324754"/>
</kw>
<kw name="Input Text" owner="SeleniumLibrary">
<msg time="2026-02-28T21:55:33.158308" level="INFO">Typing text 'เชียงราย กอล์ฟ' into text field 'xpath=//label[contains(normalize-space(.),'เลือกจุดลงรถ')]/following::input[1]'.</msg>
<arg>xpath=//label[contains(normalize-space(.),'เลือกจุดลงรถ')]/following::input[1]</arg>
<arg>${dropoff_text}</arg>
<doc>Types the given ``text`` into the text field identified by ``locator``.</doc>
<status status="PASS" start="2026-02-28T21:55:33.158134" elapsed="0.034870"/>
</kw>
<kw name="Run Keyword And Return Status" owner="BuiltIn">
<kw name="Wait Until Element Is Visible" owner="SeleniumLibrary">
<msg time="2026-02-28T21:55:38.475800" level="INFO" html="true">&lt;/td&gt;&lt;/tr&gt;&lt;tr&gt;&lt;td colspan="3"&gt;&lt;a href="selenium-screenshot-108.png"&gt;&lt;img src="selenium-screenshot-108.png" width="800px"&gt;&lt;/a&gt;</msg>
<msg time="2026-02-28T21:55:38.475904" level="FAIL">Element 'xpath=(//ul[contains(@class,'suggest-list')])[2]/li[1]' not visible after 5 seconds.</msg>
<arg>xpath=(//ul[contains(@class,'suggest-list')])[2]/li[1]</arg>
<arg>5s</arg>
<doc>Waits until the element ``locator`` is visible.</doc>
<status status="FAIL" start="2026-02-28T21:55:33.193299" elapsed="5.283057">Element 'xpath=(//ul[contains(@class,'suggest-list')])[2]/li[1]' not visible after 5 seconds.</status>
</kw>
<msg time="2026-02-28T21:55:38.476431" level="INFO">${dropoff_suggest_ok} = False</msg>
<var>${dropoff_suggest_ok}</var>
<arg>Wait Until Element Is Visible</arg>
<arg>xpath=(//ul[contains(@class,'suggest-list')])[2]/li[1]</arg>
<arg>5s</arg>
<doc>Runs the specified keyword and returns the status as a Boolean value.</doc>
<status status="PASS" start="2026-02-28T21:55:33.193113" elapsed="5.283330"/>
</kw>
<kw name="Run Keyword If" owner="BuiltIn">
<arg>${dropoff_suggest_ok}</arg>
<arg>Click Element Safe</arg>
<arg>xpath=(//ul[contains(@class,'suggest-list')])[2]/li[1]</arg>
<doc>Runs the given keyword with the given arguments, if ``condition`` is true.</doc>
<status status="PASS" start="2026-02-28T21:55:38.476520" elapsed="0.000155"/>
</kw>
<kw name="Dismiss Booking Suggestions">
<kw name="Execute Javascript" owner="SeleniumLibrary">
<msg time="2026-02-28T21:55:38.477085" level="INFO">Executing JavaScript:
if(document.activeElement){document.activeElement.blur();}
Without any arguments.</msg>
<arg>if(document.activeElement){document.activeElement.blur();}</arg>
<doc>Executes the given JavaScript code with possible arguments.</doc>
<status status="PASS" start="2026-02-28T21:55:38.476851" elapsed="0.003180"/>
</kw>
<kw name="Press Keys" owner="SeleniumLibrary">
<msg time="2026-02-28T21:55:38.480607" level="INFO">Sending key(s) ('ESC',) to page.</msg>
<msg time="2026-02-28T21:55:38.480661" level="INFO">Pressing special key ESCAPE to browser.</msg>
<msg time="2026-02-28T21:55:38.480687" level="INFO">Releasing special key ESCAPE.</msg>
<arg>None</arg>
<arg>ESC</arg>
<doc>Simulates the user pressing key(s) to an element or on the active browser.</doc>
<status status="PASS" start="2026-02-28T21:55:38.480229" elapsed="0.003175"/>
</kw>
<kw name="Sleep" owner="BuiltIn">
<msg time="2026-02-28T21:55:38.784373" level="INFO">Slept 300 milliseconds.</msg>
<arg>300ms</arg>
<doc>Pauses the test executed for the given time.</doc>
<status status="PASS" start="2026-02-28T21:55:38.483511" elapsed="0.301292"/>
</kw>
<kw name="Wait Until Keyword Succeeds" owner="BuiltIn">
<kw name="Page Should Not Contain Element" owner="SeleniumLibrary">
<msg time="2026-02-28T21:55:38.801227" level="INFO">Current page does not contain element 'xpath=//ul[contains(@class,'suggest-list')]//li'.</msg>
<arg>xpath=//ul[contains(@class,'suggest-list')]//li</arg>
<doc>Verifies that element ``locator`` is not found on the current page.</doc>
<status status="PASS" start="2026-02-28T21:55:38.786725" elapsed="0.014643"/>
</kw>
<arg>10x</arg>
<arg>300ms</arg>
<arg>Page Should Not Contain Element</arg>
<arg>xpath=//ul[contains(@class,'suggest-list')]//li</arg>
<doc>Runs the specified keyword and retries if it fails.</doc>
<status status="PASS" start="2026-02-28T21:55:38.785418" elapsed="0.016443"/>
</kw>
<status status="PASS" start="2026-02-28T21:55:38.476746" elapsed="0.325249"/>
</kw>
<arg>${pickup_text}</arg>
<arg>${dropoff_text}</arg>
<status status="PASS" start="2026-02-28T21:55:32.353326" elapsed="6.448742"/>
</kw>
<kw name="Submit Booking">
<kw name="Click Element" owner="SeleniumLibrary">
<msg time="2026-02-28T21:55:38.802947" level="INFO">Clicking element 'xpath=//button[normalize-space()='ยืนยันการจอง']'.</msg>
<arg>xpath=//button[normalize-space()='ยืนยันการจอง']</arg>
<doc>Click the element identified by ``locator``.</doc>
<status status="PASS" start="2026-02-28T21:55:38.802681" elapsed="0.043884"/>
</kw>
<kw name="Wait Until Page Contains" owner="SeleniumLibrary">
<arg>ส่งคำขอจองสำเร็จ</arg>
<arg>10s</arg>
<doc>Waits until ``text`` appears on the current page.</doc>
<status status="PASS" start="2026-02-28T21:55:38.846759" elapsed="0.666903"/>
</kw>
<status status="PASS" start="2026-02-28T21:55:38.802306" elapsed="0.711486"/>
</kw>
<kw name="Close Browser" owner="SeleniumLibrary">
<doc>Closes the current browser.</doc>
<status status="PASS" start="2026-02-28T21:55:39.513927" elapsed="0.142452"/>
</kw>
<arg>${ROUTE_NO_LUGGAGE}</arg>
<arg>107 แบริ่ง คอนโดมิเนียม</arg>
<arg>เชียงราย กอล์ฟ</arg>
<status status="PASS" start="2026-02-28T21:55:23.748947" elapsed="15.907524"/>
</kw>
<kw name="Login As Driver">
<kw name="Open Browser" owner="SeleniumLibrary">
<msg time="2026-02-28T21:55:39.657106" level="INFO">Opening browser 'chrome' to base url 'http://localhost:3001/login'.</msg>
<arg>${BASE_URL}/login</arg>
<arg>${BROWSER}</arg>
<doc>Opens a new browser instance to the optional ``url``.</doc>
<status status="PASS" start="2026-02-28T21:55:39.656961" elapsed="1.100405"/>
</kw>
<kw name="Maximize Browser Window" owner="SeleniumLibrary">
<doc>Maximizes current browser window.</doc>
<status status="PASS" start="2026-02-28T21:55:40.758080" elapsed="0.338866"/>
</kw>
<kw name="Wait Until Element Is Visible" owner="SeleniumLibrary">
<arg>id=identifier</arg>
<arg>10s</arg>
<doc>Waits until the element ``locator`` is visible.</doc>
<status status="PASS" start="2026-02-28T21:55:41.097111" elapsed="0.014327"/>
</kw>
<kw name="Input Text" owner="SeleniumLibrary">
<msg time="2026-02-28T21:55:41.111814" level="INFO">Typing text 'driver123' into text field 'id=identifier'.</msg>
<arg>id=identifier</arg>
<arg>${DRIVER_EMAIL}</arg>
<doc>Types the given ``text`` into the text field identified by ``locator``.</doc>
<status status="PASS" start="2026-02-28T21:55:41.111575" elapsed="0.084900"/>
</kw>
<kw name="Input Password" owner="SeleniumLibrary">
<msg time="2026-02-28T21:55:41.196759" level="INFO">Typing password into text field 'id=password'.</msg>
<msg time="2026-02-28T21:55:41.212201" level="INFO">Temporally setting log level to: NONE</msg>
<arg>id=password</arg>
<arg>${DRIVER_PASSWORD}</arg>
<doc>Types the given password into the text field identified by ``locator``.</doc>
<status status="PASS" start="2026-02-28T21:55:41.196601" elapsed="0.035027"/>
</kw>
<kw name="Click Element" owner="SeleniumLibrary">
<msg time="2026-02-28T21:55:41.232281" level="INFO">Clicking element 'xpath=//button[@type='submit']'.</msg>
<arg>xpath=//button[@type='submit']</arg>
<doc>Click the element identified by ``locator``.</doc>
<status status="PASS" start="2026-02-28T21:55:41.232092" elapsed="0.029804"/>
</kw>
<kw name="Wait Until Location Does Not Contain" owner="SeleniumLibrary">
<arg>/login</arg>
<arg>10s</arg>
<doc>Waits until the current URL does not contains ``location``.</doc>
<status status="PASS" start="2026-02-28T21:55:41.262030" elapsed="0.209334"/>
</kw>
<status status="PASS" start="2026-02-28T21:55:39.656732" elapsed="1.814778"/>
</kw>
<kw name="Open MyRoute Pending">
<kw name="Go To" owner="SeleniumLibrary">
<msg time="2026-02-28T21:55:41.472185" level="INFO">Opening url 'http://localhost:3001/myRoute'</msg>
<arg>${BASE_URL}/myRoute</arg>
<doc>Navigates the current browser window to the provided ``url``.</doc>
<status status="PASS" start="2026-02-28T21:55:41.472084" elapsed="0.095687"/>
</kw>
<kw name="Wait Until Page Contains" owner="SeleniumLibrary">
<arg>คำขอจองเส้นทางของฉัน</arg>
<arg>10s</arg>
<doc>Waits until ``text`` appears on the current page.</doc>
<status status="PASS" start="2026-02-28T21:55:41.567946" elapsed="0.011997"/>
</kw>
<kw name="Click Element" owner="SeleniumLibrary">
<msg time="2026-02-28T21:55:41.580275" level="INFO">Clicking element 'xpath=//button[contains(normalize-space(.),'รอดำเนินการ')]'.</msg>
<arg>xpath=//button[contains(normalize-space(.),'รอดำเนินการ')]</arg>
<doc>Click the element identified by ``locator``.</doc>
<status status="PASS" start="2026-02-28T21:55:41.580106" elapsed="0.048496"/>
</kw>
<kw name="Wait Until Page Contains" owner="SeleniumLibrary">
<arg>รายการคำขอจอง</arg>
<arg>10s</arg>
<doc>Waits until ``text`` appears on the current page.</doc>
<status status="PASS" start="2026-02-28T21:55:41.628709" elapsed="0.007640"/>
</kw>
<status status="PASS" start="2026-02-28T21:55:41.471860" elapsed="0.164606"/>
</kw>
<kw name="Open Pending Request By Route Title">
<kw name="Run Keyword If" owner="BuiltIn">
<arg>'${route_title}' == ''</arg>
<arg>Skip</arg>
<arg>No route title provided for pending request selection.</arg>
<doc>Runs the given keyword with the given arguments, if ``condition`` is true.</doc>
<status status="PASS" start="2026-02-28T21:55:41.637371" elapsed="0.000476"/>
</kw>
<kw name="Set Variable" owner="BuiltIn">
<msg time="2026-02-28T21:55:41.638136" level="INFO">${card} = xpath=//div[contains(@class,'trip-card')][.//*[contains(normalize-space(.),"กุฉินาราย์ → สหกมล")]][1]</msg>
<var>${card}</var>
<arg>xpath=//div[contains(@class,'trip-card')][.//*[contains(normalize-space(.),"${route_title}")]][1]</arg>
<doc>Returns the given values which can then be assigned to a variables.</doc>
<status status="PASS" start="2026-02-28T21:55:41.637943" elapsed="0.000213"/>
</kw>
<kw name="Run Keyword And Return Status" owner="BuiltIn">
<kw name="Wait Until Element Is Visible" owner="SeleniumLibrary">
<arg>${card}</arg>
<arg>10s</arg>
<doc>Waits until the element ``locator`` is visible.</doc>
<status status="PASS" start="2026-02-28T21:55:41.638538" elapsed="1.292464"/>
</kw>
<msg time="2026-02-28T21:55:42.931118" level="INFO">${has_card} = True</msg>
<var>${has_card}</var>
<arg>Wait Until Element Is Visible</arg>
<arg>${card}</arg>
<arg>10s</arg>
<doc>Runs the specified keyword and returns the status as a Boolean value.</doc>
<status status="PASS" start="2026-02-28T21:55:41.638221" elapsed="1.292919"/>
</kw>
<kw name="Run Keyword If" owner="BuiltIn">
<arg>not ${has_card}</arg>
<arg>Skip</arg>
<arg>Pending request for route '${route_title}' not found.</arg>
<doc>Runs the given keyword with the given arguments, if ``condition`` is true.</doc>
<status status="PASS" start="2026-02-28T21:55:42.931244" elapsed="0.000261"/>
</kw>
<kw name="Click Element Safe">
<kw name="Wait Until Element Is Visible" owner="SeleniumLibrary">
<arg>${locator}</arg>
<arg>10s</arg>
<doc>Waits until the element ``locator`` is visible.</doc>
<status status="PASS" start="2026-02-28T21:55:42.931900" elapsed="0.009888"/>
</kw>
<kw name="Scroll Element Into View" owner="SeleniumLibrary">
<arg>${locator}</arg>
<doc>Scrolls the element identified by ``locator`` into view.</doc>
<status status="PASS" start="2026-02-28T21:55:42.941934" elapsed="0.266691"/>
</kw>
<kw name="Run Keyword And Return Status" owner="BuiltIn">
<kw name="Click Element" owner="SeleniumLibrary">
<msg time="2026-02-28T21:55:43.210272" level="INFO">Clicking element 'xpath=//div[contains(@class,'trip-card')][.//*[contains(normalize-space(.),"กุฉินาราย์ → สหกมล")]][1]'.</msg>
<arg>${locator}</arg>
<doc>Click the element identified by ``locator``.</doc>
<status status="PASS" start="2026-02-28T21:55:43.209844" elapsed="0.050216"/>
</kw>
<msg time="2026-02-28T21:55:43.260171" level="INFO">${ok} = True</msg>
<var>${ok}</var>
<arg>Click Element</arg>
<arg>${locator}</arg>
<doc>Runs the specified keyword and returns the status as a Boolean value.</doc>
<status status="PASS" start="2026-02-28T21:55:43.209111" elapsed="0.051080"/>
</kw>
<if>
<branch type="IF" condition="not ${ok}">
<kw name="Run Keyword And Return Status" owner="BuiltIn">
<var>${is_xpath}</var>
<arg>Should Start With</arg>
<arg>${locator}</arg>
<arg>xpath=</arg>
<doc>Runs the specified keyword and returns the status as a Boolean value.</doc>
<status status="NOT RUN" start="2026-02-28T21:55:43.260448" elapsed="0.000019"/>
</kw>
<if>
<branch type="IF" condition="${is_xpath}">
<kw name="Replace String" owner="String">
<var>${xp}</var>
<arg>${locator}</arg>
<arg>xpath=</arg>
<arg>${EMPTY}</arg>
<doc>Replaces ``search_for`` in the given ``string`` with ``replace_with``.</doc>
<status status="NOT RUN" start="2026-02-28T21:55:43.260569" elapsed="0.000015"/>
</kw>
<kw name="Run Keyword And Return Status" owner="BuiltIn">
<var>${js_ok}</var>
<arg>Execute JavaScript</arg>
<arg>document.evaluate(arguments[0],document,null,9,null).singleNodeValue.click()</arg>
<arg>${xp}</arg>
<doc>Runs the specified keyword and returns the status as a Boolean value.</doc>
<status status="NOT RUN" start="2026-02-28T21:55:43.260633" elapsed="0.000012"/>
</kw>
<kw name="Run Keyword If" owner="BuiltIn">
<arg>not ${js_ok}</arg>
<arg>Click Element</arg>
<arg>${locator}</arg>
<doc>Runs the given keyword with the given arguments, if ``condition`` is true.</doc>
<status status="NOT RUN" start="2026-02-28T21:55:43.260701" elapsed="0.000012"/>
</kw>
<status status="NOT RUN" start="2026-02-28T21:55:43.260511" elapsed="0.000223"/>
</branch>
<branch type="ELSE">
<kw name="Click Element" owner="SeleniumLibrary">
<arg>${locator}</arg>
<doc>Click the element identified by ``locator``.</doc>
<status status="NOT RUN" start="2026-02-28T21:55:43.260802" elapsed="0.000012"/>
</kw>
<status status="NOT RUN" start="2026-02-28T21:55:43.260755" elapsed="0.000076"/>
</branch>
<status status="NOT RUN" start="2026-02-28T21:55:43.260502" elapsed="0.000345"/>
</if>
<status status="NOT RUN" start="2026-02-28T21:55:43.260286" elapsed="0.000574"/>
</branch>
<status status="PASS" start="2026-02-28T21:55:43.260256" elapsed="0.000620"/>
</if>
<arg>${card}</arg>
<status status="PASS" start="2026-02-28T21:55:42.931715" elapsed="0.329193"/>
</kw>
<arg>${LAST_BOOKED_ROUTE_TITLE}</arg>
<status status="PASS" start="2026-02-28T21:55:41.636965" elapsed="1.623973"/>
</kw>
<kw name="Assert Driver Sees No Luggage">
<kw name="Wait Until Page Contains" owner="SeleniumLibrary">
<arg>ข้อมูลสัมภาระเพิ่มเติม</arg>
<arg>10s</arg>
<doc>Waits until ``text`` appears on the current page.</doc>
<status status="PASS" start="2026-02-28T21:55:43.261207" elapsed="0.012215"/>
</kw>
<kw name="Wait Until Page Contains" owner="SeleniumLibrary">
<arg>ไม่มีการขอสัมภาระเพิ่มเติม</arg>
<arg>10s</arg>
<doc>Waits until ``text`` appears on the current page.</doc>
<status status="PASS" start="2026-02-28T21:55:43.273537" elapsed="0.009439"/>
</kw>
<status status="PASS" start="2026-02-28T21:55:43.261061" elapsed="0.021980"/>
</kw>
<kw name="Close Browser And Capture" type="TEARDOWN">
<kw name="Run Keyword And Ignore Error" owner="BuiltIn">
<kw name="Capture Page Screenshot" owner="SeleniumLibrary">
<msg time="2026-02-28T21:55:43.469567" level="INFO" html="true">&lt;/td&gt;&lt;/tr&gt;&lt;tr&gt;&lt;td colspan="3"&gt;&lt;a href="selenium-screenshot-109.png"&gt;&lt;img src="selenium-screenshot-109.png" width="800px"&gt;&lt;/a&gt;</msg>
<doc>Takes a screenshot of the current page and embeds it into a log file.</doc>
<status status="PASS" start="2026-02-28T21:55:43.283558" elapsed="0.186081"/>
</kw>
<arg>Capture Page Screenshot</arg>
<doc>Runs the given keyword with the given arguments and ignores possible error.</doc>
<status status="PASS" start="2026-02-28T21:55:43.283389" elapsed="0.186293"/>
</kw>
<kw name="Run Keyword And Ignore Error" owner="BuiltIn">
<kw name="Close Browser" owner="SeleniumLibrary">
<doc>Closes the current browser.</doc>
<status status="PASS" start="2026-02-28T21:55:43.469920" elapsed="0.119356"/>
</kw>
<arg>Close Browser</arg>
<doc>Runs the given keyword with the given arguments and ignores possible error.</doc>
<status status="PASS" start="2026-02-28T21:55:43.469756" elapsed="0.119587"/>
</kw>
<status status="PASS" start="2026-02-28T21:55:43.283241" elapsed="0.306145"/>
</kw>
<status status="PASS" start="2026-02-28T21:55:23.748702" elapsed="19.840744"/>
</test>
<kw name="Print Report Path" type="TEARDOWN">
<kw name="Log To Console" owner="BuiltIn">
<arg>\n===== Robot Report =====</arg>
<doc>Logs the given message to the console.</doc>
<status status="PASS" start="2026-02-28T21:55:43.590098" elapsed="0.000187"/>
</kw>
<kw name="Log To Console" owner="BuiltIn">
<arg>Report: ${OUTPUT DIR}${/}report.html</arg>
<doc>Logs the given message to the console.</doc>
<status status="PASS" start="2026-02-28T21:55:43.590334" elapsed="0.000122"/>
</kw>
<kw name="Log To Console" owner="BuiltIn">
<arg>Log: ${OUTPUT DIR}${/}log.html</arg>
<doc>Logs the given message to the console.</doc>
<status status="PASS" start="2026-02-28T21:55:43.590497" elapsed="0.000107"/>
</kw>
<kw name="Log To Console" owner="BuiltIn">
<arg>Output: ${OUTPUT DIR}${/}output.xml</arg>
<doc>Logs the given message to the console.</doc>
<status status="PASS" start="2026-02-28T21:55:43.590643" elapsed="0.000094"/>
</kw>
<status status="PASS" start="2026-02-28T21:55:43.589972" elapsed="0.000791"/>
</kw>
<status status="PASS" start="2026-02-28T21:54:03.545775" elapsed="100.045003"/>
</suite>
<statistics>
<total>
<stat pass="6" fail="0" skip="2">All Tests</stat>
</total>
<tag>
</tag>
<suite>
<stat name="ExtraLuggage" id="s1" pass="6" fail="0" skip="2">ExtraLuggage</stat>
</suite>
</statistics>
<errors>
</errors>
</robot>
